[0.204s] DEBUG:colcon:Command line arguments: ['/usr/bin/colcon', 'build', '--symlink-install']
[0.204s] DEBUG:colcon:Parsed command line arguments: Namespace(allow_overriding=[], ament_cmake_args=None, base_paths=['.'], build_base='build', catkin_cmake_args=None, catkin_skip_building_tests=False, cmake_args=None, cmake_clean_cache=False, cmake_clean_first=False, cmake_force_configure=False, cmake_target=None, cmake_target_skip_unavailable=False, continue_on_error=False, event_handlers=None, executor='parallel', ignore_user_meta=False, install_base='install', log_base=None, log_level=None, main=<bound method BuildVerb.main of <colcon_core.verb.build.BuildVerb object at 0x7f87f14c97c0>>, merge_install=False, metas=['./colcon.meta'], packages_above=None, packages_above_and_dependencies=None, packages_above_depth=None, packages_end=None, packages_ignore=None, packages_ignore_regex=None, packages_select=None, packages_select_build_failed=False, packages_select_by_dep=None, packages_select_regex=None, packages_select_test_failures=False, packages_skip=None, packages_skip_build_finished=False, packages_skip_by_dep=None, packages_skip_regex=None, packages_skip_test_passed=False, packages_skip_up_to=None, packages_start=None, packages_up_to=None, packages_up_to_regex=None, parallel_workers=8, paths=None, symlink_install=True, test_result_base=None, verb_extension=<colcon_core.verb.build.BuildVerb object at 0x7f87f14c97c0>, verb_name='build', verb_parser=<colcon_defaults.argument_parser.defaults.DefaultArgumentsDecorator object at 0x7f87f14c9ca0>)
[0.358s] Level 1:colcon.colcon_core.package_discovery:discover_packages(colcon_meta) check parameters
[0.358s] Level 1:colcon.colcon_core.package_discovery:discover_packages(recursive) check parameters
[0.358s] Level 1:colcon.colcon_core.package_discovery:discover_packages(ignore) check parameters
[0.358s] Level 1:colcon.colcon_core.package_discovery:discover_packages(path) check parameters
[0.358s] Level 1:colcon.colcon_core.package_discovery:discover_packages(colcon_meta) discover
[0.358s] Level 1:colcon.colcon_core.package_discovery:discover_packages(recursive) discover
[0.358s] INFO:colcon.colcon_core.package_discovery:Crawling recursively for packages in '/home/gyumin/mobility_ws'
[0.358s] Level 1:colcon.colcon_core.package_identification:_identify(.) by extensions ['ignore', 'ignore_ament_install']
[0.358s] Level 1:colcon.colcon_core.package_identification:_identify(.) by extension 'ignore'
[0.358s] Level 1:colcon.colcon_core.package_identification:_identify(.) by extension 'ignore_ament_install'
[0.358s] Level 1:colcon.colcon_core.package_identification:_identify(.) by extensions ['colcon_pkg']
[0.358s] Level 1:colcon.colcon_core.package_identification:_identify(.) by extension 'colcon_pkg'
[0.358s] Level 1:colcon.colcon_core.package_identification:_identify(.) by extensions ['colcon_meta']
[0.358s] Level 1:colcon.colcon_core.package_identification:_identify(.) by extension 'colcon_meta'
[0.358s] Level 1:colcon.colcon_core.package_identification:_identify(.) by extensions ['ros']
[0.358s] Level 1:colcon.colcon_core.package_identification:_identify(.) by extension 'ros'
[0.369s] Level 1:colcon.colcon_core.package_identification:_identify(.) by extensions ['cmake', 'python']
[0.369s] Level 1:colcon.colcon_core.package_identification:_identify(.) by extension 'cmake'
[0.369s] Level 1:colcon.colcon_core.package_identification:_identify(.) by extension 'python'
[0.370s] Level 1:colcon.colcon_core.package_identification:_identify(.) by extensions ['python_setup_py']
[0.370s] Level 1:colcon.colcon_core.package_identification:_identify(.) by extension 'python_setup_py'
[0.370s] Level 1:colcon.colcon_core.package_identification:_identify(build) by extensions ['ignore', 'ignore_ament_install']
[0.370s] Level 1:colcon.colcon_core.package_identification:_identify(build) by extension 'ignore'
[0.370s] Level 1:colcon.colcon_core.package_identification:_identify(build) ignored
[0.370s] Level 1:colcon.colcon_core.package_identification:_identify(install) by extensions ['ignore', 'ignore_ament_install']
[0.370s] Level 1:colcon.colcon_core.package_identification:_identify(install) by extension 'ignore'
[0.370s] Level 1:colcon.colcon_core.package_identification:_identify(install) ignored
[0.370s] Level 1:colcon.colcon_core.package_identification:_identify(log) by extensions ['ignore', 'ignore_ament_install']
[0.370s] Level 1:colcon.colcon_core.package_identification:_identify(log) by extension 'ignore'
[0.370s] Level 1:colcon.colcon_core.package_identification:_identify(log) ignored
[0.370s] Level 1:colcon.colcon_core.package_identification:_identify(src) by extensions ['ignore', 'ignore_ament_install']
[0.370s] Level 1:colcon.colcon_core.package_identification:_identify(src) by extension 'ignore'
[0.370s] Level 1:colcon.colcon_core.package_identification:_identify(src) by extension 'ignore_ament_install'
[0.370s] Level 1:colcon.colcon_core.package_identification:_identify(src) by extensions ['colcon_pkg']
[0.371s] Level 1:colcon.colcon_core.package_identification:_identify(src) by extension 'colcon_pkg'
[0.371s] Level 1:colcon.colcon_core.package_identification:_identify(src) by extensions ['colcon_meta']
[0.371s] Level 1:colcon.colcon_core.package_identification:_identify(src) by extension 'colcon_meta'
[0.371s] Level 1:colcon.colcon_core.package_identification:_identify(src) by extensions ['ros']
[0.371s] Level 1:colcon.colcon_core.package_identification:_identify(src) by extension 'ros'
[0.371s] Level 1:colcon.colcon_core.package_identification:_identify(src) by extensions ['cmake', 'python']
[0.371s] Level 1:colcon.colcon_core.package_identification:_identify(src) by extension 'cmake'
[0.371s] Level 1:colcon.colcon_core.package_identification:_identify(src) by extension 'python'
[0.371s] Level 1:colcon.colcon_core.package_identification:_identify(src) by extensions ['python_setup_py']
[0.371s] Level 1:colcon.colcon_core.package_identification:_identify(src) by extension 'python_setup_py'
[0.371s] Level 1:colcon.colcon_core.package_identification:_identify(src/auto_drive) by extensions ['ignore', 'ignore_ament_install']
[0.371s] Level 1:colcon.colcon_core.package_identification:_identify(src/auto_drive) by extension 'ignore'
[0.371s] Level 1:colcon.colcon_core.package_identification:_identify(src/auto_drive) by extension 'ignore_ament_install'
[0.371s] Level 1:colcon.colcon_core.package_identification:_identify(src/auto_drive) by extensions ['colcon_pkg']
[0.371s] Level 1:colcon.colcon_core.package_identification:_identify(src/auto_drive) by extension 'colcon_pkg'
[0.371s] Level 1:colcon.colcon_core.package_identification:_identify(src/auto_drive) by extensions ['colcon_meta']
[0.371s] Level 1:colcon.colcon_core.package_identification:_identify(src/auto_drive) by extension 'colcon_meta'
[0.371s] Level 1:colcon.colcon_core.package_identification:_identify(src/auto_drive) by extensions ['ros']
[0.371s] Level 1:colcon.colcon_core.package_identification:_identify(src/auto_drive) by extension 'ros'
[0.374s] DEBUG:colcon.colcon_core.package_identification:Package 'src/auto_drive' with type 'ros.ament_python' and name 'auto_drive'
[0.374s] Level 1:colcon.colcon_core.package_identification:_identify(src/midterm_env) by extensions ['ignore', 'ignore_ament_install']
[0.374s] Level 1:colcon.colcon_core.package_identification:_identify(src/midterm_env) by extension 'ignore'
[0.374s] Level 1:colcon.colcon_core.package_identification:_identify(src/midterm_env) by extension 'ignore_ament_install'
[0.374s] Level 1:colcon.colcon_core.package_identification:_identify(src/midterm_env) by extensions ['colcon_pkg']
[0.374s] Level 1:colcon.colcon_core.package_identification:_identify(src/midterm_env) by extension 'colcon_pkg'
[0.374s] Level 1:colcon.colcon_core.package_identification:_identify(src/midterm_env) by extensions ['colcon_meta']
[0.374s] Level 1:colcon.colcon_core.package_identification:_identify(src/midterm_env) by extension 'colcon_meta'
[0.374s] Level 1:colcon.colcon_core.package_identification:_identify(src/midterm_env) by extensions ['ros']
[0.374s] Level 1:colcon.colcon_core.package_identification:_identify(src/midterm_env) by extension 'ros'
[0.375s] DEBUG:colcon.colcon_core.package_identification:Package 'src/midterm_env' with type 'ros.ament_python' and name 'midterm_env'
[0.375s] Level 1:colcon.colcon_core.package_identification:_identify(src/midterm_msgs) by extensions ['ignore', 'ignore_ament_install']
[0.375s] Level 1:colcon.colcon_core.package_identification:_identify(src/midterm_msgs) by extension 'ignore'
[0.375s] Level 1:colcon.colcon_core.package_identification:_identify(src/midterm_msgs) by extension 'ignore_ament_install'
[0.376s] Level 1:colcon.colcon_core.package_identification:_identify(src/midterm_msgs) by extensions ['colcon_pkg']
[0.376s] Level 1:colcon.colcon_core.package_identification:_identify(src/midterm_msgs) by extension 'colcon_pkg'
[0.376s] Level 1:colcon.colcon_core.package_identification:_identify(src/midterm_msgs) by extensions ['colcon_meta']
[0.376s] Level 1:colcon.colcon_core.package_identification:_identify(src/midterm_msgs) by extension 'colcon_meta'
[0.376s] Level 1:colcon.colcon_core.package_identification:_identify(src/midterm_msgs) by extensions ['ros']
[0.376s] Level 1:colcon.colcon_core.package_identification:_identify(src/midterm_msgs) by extension 'ros'
[0.376s] DEBUG:colcon.colcon_core.package_identification:Package 'src/midterm_msgs' with type 'ros.ament_cmake' and name 'midterm_msgs'
[0.376s] Level 1:colcon.colcon_core.package_discovery:discover_packages(recursive) using defaults
[0.376s] Level 1:colcon.colcon_core.package_discovery:discover_packages(ignore) discover
[0.376s] Level 1:colcon.colcon_core.package_discovery:discover_packages(ignore) using defaults
[0.376s] Level 1:colcon.colcon_core.package_discovery:discover_packages(path) discover
[0.376s] Level 1:colcon.colcon_core.package_discovery:discover_packages(path) using defaults
[0.392s] Level 1:colcon.colcon_core.package_discovery:discover_packages(prefix_path) check parameters
[0.392s] Level 1:colcon.colcon_core.package_discovery:discover_packages(prefix_path) discover
[0.394s] DEBUG:colcon.colcon_installed_package_information.package_discovery:Found 3 installed packages in /home/gyumin/mobility_ws/install
[0.395s] DEBUG:colcon.colcon_installed_package_information.package_discovery:Found 256 installed packages in /opt/ros/foxy
[0.405s] Level 1:colcon.colcon_core.package_discovery:discover_packages(prefix_path) using defaults
[0.457s] Level 5:colcon.colcon_core.verb:set package 'midterm_msgs' build argument 'cmake_args' from command line to 'None'
[0.457s] Level 5:colcon.colcon_core.verb:set package 'midterm_msgs' build argument 'cmake_target' from command line to 'None'
[0.457s] Level 5:colcon.colcon_core.verb:set package 'midterm_msgs' build argument 'cmake_target_skip_unavailable' from command line to 'False'
[0.457s] Level 5:colcon.colcon_core.verb:set package 'midterm_msgs' build argument 'cmake_clean_cache' from command line to 'False'
[0.457s] Level 5:colcon.colcon_core.verb:set package 'midterm_msgs' build argument 'cmake_clean_first' from command line to 'False'
[0.457s] Level 5:colcon.colcon_core.verb:set package 'midterm_msgs' build argument 'cmake_force_configure' from command line to 'False'
[0.457s] Level 5:colcon.colcon_core.verb:set package 'midterm_msgs' build argument 'ament_cmake_args' from command line to 'None'
[0.457s] Level 5:colcon.colcon_core.verb:set package 'midterm_msgs' build argument 'catkin_cmake_args' from command line to 'None'
[0.457s] Level 5:colcon.colcon_core.verb:set package 'midterm_msgs' build argument 'catkin_skip_building_tests' from command line to 'False'
[0.457s] DEBUG:colcon.colcon_core.verb:Building package 'midterm_msgs' with the following arguments: {'ament_cmake_args': None, 'build_base': '/home/gyumin/mobility_ws/build/midterm_msgs', 'catkin_cmake_args': None, 'catkin_skip_building_tests': False, 'cmake_args': None, 'cmake_clean_cache': False, 'cmake_clean_first': False, 'cmake_force_configure': False, 'cmake_target': None, 'cmake_target_skip_unavailable': False, 'install_base': '/home/gyumin/mobility_ws/install/midterm_msgs', 'merge_install': False, 'path': '/home/gyumin/mobility_ws/src/midterm_msgs', 'symlink_install': True, 'test_result_base': None}
[0.457s] Level 5:colcon.colcon_core.verb:set package 'auto_drive' build argument 'cmake_args' from command line to 'None'
[0.457s] Level 5:colcon.colcon_core.verb:set package 'auto_drive' build argument 'cmake_target' from command line to 'None'
[0.457s] Level 5:colcon.colcon_core.verb:set package 'auto_drive' build argument 'cmake_target_skip_unavailable' from command line to 'False'
[0.457s] Level 5:colcon.colcon_core.verb:set package 'auto_drive' build argument 'cmake_clean_cache' from command line to 'False'
[0.457s] Level 5:colcon.colcon_core.verb:set package 'auto_drive' build argument 'cmake_clean_first' from command line to 'False'
[0.457s] Level 5:colcon.colcon_core.verb:set package 'auto_drive' build argument 'cmake_force_configure' from command line to 'False'
[0.458s] Level 5:colcon.colcon_core.verb:set package 'auto_drive' build argument 'ament_cmake_args' from command line to 'None'
[0.458s] Level 5:colcon.colcon_core.verb:set package 'auto_drive' build argument 'catkin_cmake_args' from command line to 'None'
[0.458s] Level 5:colcon.colcon_core.verb:set package 'auto_drive' build argument 'catkin_skip_building_tests' from command line to 'False'
[0.458s] DEBUG:colcon.colcon_core.verb:Building package 'auto_drive' with the following arguments: {'ament_cmake_args': None, 'build_base': '/home/gyumin/mobility_ws/build/auto_drive', 'catkin_cmake_args': None, 'catkin_skip_building_tests': False, 'cmake_args': None, 'cmake_clean_cache': False, 'cmake_clean_first': False, 'cmake_force_configure': False, 'cmake_target': None, 'cmake_target_skip_unavailable': False, 'install_base': '/home/gyumin/mobility_ws/install/auto_drive', 'merge_install': False, 'path': '/home/gyumin/mobility_ws/src/auto_drive', 'symlink_install': True, 'test_result_base': None}
[0.458s] Level 5:colcon.colcon_core.verb:set package 'midterm_env' build argument 'cmake_args' from command line to 'None'
[0.458s] Level 5:colcon.colcon_core.verb:set package 'midterm_env' build argument 'cmake_target' from command line to 'None'
[0.458s] Level 5:colcon.colcon_core.verb:set package 'midterm_env' build argument 'cmake_target_skip_unavailable' from command line to 'False'
[0.458s] Level 5:colcon.colcon_core.verb:set package 'midterm_env' build argument 'cmake_clean_cache' from command line to 'False'
[0.458s] Level 5:colcon.colcon_core.verb:set package 'midterm_env' build argument 'cmake_clean_first' from command line to 'False'
[0.458s] Level 5:colcon.colcon_core.verb:set package 'midterm_env' build argument 'cmake_force_configure' from command line to 'False'
[0.458s] Level 5:colcon.colcon_core.verb:set package 'midterm_env' build argument 'ament_cmake_args' from command line to 'None'
[0.458s] Level 5:colcon.colcon_core.verb:set package 'midterm_env' build argument 'catkin_cmake_args' from command line to 'None'
[0.458s] Level 5:colcon.colcon_core.verb:set package 'midterm_env' build argument 'catkin_skip_building_tests' from command line to 'False'
[0.458s] DEBUG:colcon.colcon_core.verb:Building package 'midterm_env' with the following arguments: {'ament_cmake_args': None, 'build_base': '/home/gyumin/mobility_ws/build/midterm_env', 'catkin_cmake_args': None, 'catkin_skip_building_tests': False, 'cmake_args': None, 'cmake_clean_cache': False, 'cmake_clean_first': False, 'cmake_force_configure': False, 'cmake_target': None, 'cmake_target_skip_unavailable': False, 'install_base': '/home/gyumin/mobility_ws/install/midterm_env', 'merge_install': False, 'path': '/home/gyumin/mobility_ws/src/midterm_env', 'symlink_install': True, 'test_result_base': None}
[0.458s] INFO:colcon.colcon_core.executor:Executing jobs using 'parallel' executor
[0.459s] DEBUG:colcon.colcon_parallel_executor.executor.parallel:run_until_complete
[0.460s] INFO:colcon.colcon_ros.task.ament_cmake.build:Building ROS package in '/home/gyumin/mobility_ws/src/midterm_msgs' with build type 'ament_cmake'
[0.460s] INFO:colcon.colcon_cmake.task.cmake.build:Building CMake package in '/home/gyumin/mobility_ws/src/midterm_msgs'
[0.461s] INFO:colcon.colcon_core.plugin_system:Skipping extension 'colcon_core.shell.bat': Not used on non-Windows systems
[0.462s] INFO:colcon.colcon_core.shell:Skip shell extension 'powershell' for command environment: Not usable outside of PowerShell
[0.462s] DEBUG:colcon.colcon_core.shell:Skip shell extension 'dsv' for command environment
[0.472s] DEBUG:colcon.colcon_core.event_handler.log_command:Invoking command in '/home/gyumin/mobility_ws/build/midterm_msgs': CMAKE_PREFIX_PATH=${CMAKE_PREFIX_PATH}:/home/gyumin/mobility_ws/install/midterm_env:/home/gyumin/mobility_ws/install/auto_drive:/opt/ros/foxy /usr/bin/cmake --build /home/gyumin/mobility_ws/build/midterm_msgs -- -j8 -l8
[0.686s] DEBUG:colcon.colcon_core.event_handler.log_command:Invoked command in '/home/gyumin/mobility_ws/build/midterm_msgs' returned '0': CMAKE_PREFIX_PATH=${CMAKE_PREFIX_PATH}:/home/gyumin/mobility_ws/install/midterm_env:/home/gyumin/mobility_ws/install/auto_drive:/opt/ros/foxy /usr/bin/cmake --build /home/gyumin/mobility_ws/build/midterm_msgs -- -j8 -l8
[0.803s] DEBUG:colcon.colcon_core.event_handler.log_command:Invoking command in '/home/gyumin/mobility_ws/build/midterm_msgs': CMAKE_PREFIX_PATH=${CMAKE_PREFIX_PATH}:/home/gyumin/mobility_ws/install/midterm_env:/home/gyumin/mobility_ws/install/auto_drive:/opt/ros/foxy /usr/bin/cmake --install /home/gyumin/mobility_ws/build/midterm_msgs
[0.889s] Level 1:colcon.colcon_core.environment:create_environment_scripts_only(midterm_msgs)
[0.890s] DEBUG:colcon.colcon_core.event_handler.log_command:Invoked command in '/home/gyumin/mobility_ws/build/midterm_msgs' returned '0': CMAKE_PREFIX_PATH=${CMAKE_PREFIX_PATH}:/home/gyumin/mobility_ws/install/midterm_env:/home/gyumin/mobility_ws/install/auto_drive:/opt/ros/foxy /usr/bin/cmake --install /home/gyumin/mobility_ws/build/midterm_msgs
[0.892s] Level 1:colcon.colcon_core.environment:checking '/home/gyumin/mobility_ws/install/midterm_msgs' for CMake module files
[0.893s] Level 1:colcon.colcon_core.environment:checking '/home/gyumin/mobility_ws/install/midterm_msgs' for CMake config files
[0.894s] Level 1:colcon.colcon_core.shell:create_environment_hook('midterm_msgs', 'cmake_prefix_path')
[0.894s] INFO:colcon.colcon_core.shell:Creating environment hook '/home/gyumin/mobility_ws/install/midterm_msgs/share/midterm_msgs/hook/cmake_prefix_path.ps1'
[0.895s] INFO:colcon.colcon_core.shell:Creating environment descriptor '/home/gyumin/mobility_ws/install/midterm_msgs/share/midterm_msgs/hook/cmake_prefix_path.dsv'
[0.895s] INFO:colcon.colcon_core.shell:Creating environment hook '/home/gyumin/mobility_ws/install/midterm_msgs/share/midterm_msgs/hook/cmake_prefix_path.sh'
[0.896s] Level 1:colcon.colcon_core.environment:checking '/home/gyumin/mobility_ws/install/midterm_msgs/lib'
[0.896s] Level 1:colcon.colcon_core.shell:create_environment_hook('midterm_msgs', 'ld_library_path_lib')
[0.896s] INFO:colcon.colcon_core.shell:Creating environment hook '/home/gyumin/mobility_ws/install/midterm_msgs/share/midterm_msgs/hook/ld_library_path_lib.ps1'
[0.897s] INFO:colcon.colcon_core.shell:Creating environment descriptor '/home/gyumin/mobility_ws/install/midterm_msgs/share/midterm_msgs/hook/ld_library_path_lib.dsv'
[0.897s] INFO:colcon.colcon_core.shell:Creating environment hook '/home/gyumin/mobility_ws/install/midterm_msgs/share/midterm_msgs/hook/ld_library_path_lib.sh'
[0.897s] Level 1:colcon.colcon_core.environment:checking '/home/gyumin/mobility_ws/install/midterm_msgs/bin'
[0.897s] Level 1:colcon.colcon_core.environment:checking '/home/gyumin/mobility_ws/install/midterm_msgs/lib/pkgconfig/midterm_msgs.pc'
[0.898s] Level 1:colcon.colcon_core.environment:checking '/home/gyumin/mobility_ws/install/midterm_msgs/lib/python3.8/site-packages'
[0.898s] Level 1:colcon.colcon_core.shell:create_environment_hook('midterm_msgs', 'pythonpath')
[0.898s] INFO:colcon.colcon_core.shell:Creating environment hook '/home/gyumin/mobility_ws/install/midterm_msgs/share/midterm_msgs/hook/pythonpath.ps1'
[0.898s] INFO:colcon.colcon_core.shell:Creating environment descriptor '/home/gyumin/mobility_ws/install/midterm_msgs/share/midterm_msgs/hook/pythonpath.dsv'
[0.899s] INFO:colcon.colcon_core.shell:Creating environment hook '/home/gyumin/mobility_ws/install/midterm_msgs/share/midterm_msgs/hook/pythonpath.sh'
[0.899s] Level 1:colcon.colcon_core.environment:checking '/home/gyumin/mobility_ws/install/midterm_msgs/bin'
[0.899s] INFO:colcon.colcon_core.shell:Creating package script '/home/gyumin/mobility_ws/install/midterm_msgs/share/midterm_msgs/package.ps1'
[0.900s] INFO:colcon.colcon_core.shell:Creating package descriptor '/home/gyumin/mobility_ws/install/midterm_msgs/share/midterm_msgs/package.dsv'
[0.901s] INFO:colcon.colcon_core.shell:Creating package script '/home/gyumin/mobility_ws/install/midterm_msgs/share/midterm_msgs/package.sh'
[0.901s] INFO:colcon.colcon_core.shell:Creating package script '/home/gyumin/mobility_ws/install/midterm_msgs/share/midterm_msgs/package.bash'
[0.902s] INFO:colcon.colcon_core.shell:Creating package script '/home/gyumin/mobility_ws/install/midterm_msgs/share/midterm_msgs/package.zsh'
[0.903s] Level 1:colcon.colcon_core.environment:create_file_with_runtime_dependencies(/home/gyumin/mobility_ws/install/midterm_msgs/share/colcon-core/packages/midterm_msgs)
[1.022s] Level 1:colcon.colcon_core.environment:create_environment_scripts_only(midterm_msgs)
[1.022s] Level 1:colcon.colcon_core.environment:checking '/home/gyumin/mobility_ws/install/midterm_msgs' for CMake module files
[1.022s] Level 1:colcon.colcon_core.environment:checking '/home/gyumin/mobility_ws/install/midterm_msgs' for CMake config files
[1.023s] Level 1:colcon.colcon_core.shell:create_environment_hook('midterm_msgs', 'cmake_prefix_path')
[1.024s] INFO:colcon.colcon_core.shell:Creating environment hook '/home/gyumin/mobility_ws/install/midterm_msgs/share/midterm_msgs/hook/cmake_prefix_path.ps1'
[1.024s] INFO:colcon.colcon_core.shell:Creating environment descriptor '/home/gyumin/mobility_ws/install/midterm_msgs/share/midterm_msgs/hook/cmake_prefix_path.dsv'
[1.024s] INFO:colcon.colcon_core.shell:Creating environment hook '/home/gyumin/mobility_ws/install/midterm_msgs/share/midterm_msgs/hook/cmake_prefix_path.sh'
[1.025s] Level 1:colcon.colcon_core.environment:checking '/home/gyumin/mobility_ws/install/midterm_msgs/lib'
[1.025s] Level 1:colcon.colcon_core.shell:create_environment_hook('midterm_msgs', 'ld_library_path_lib')
[1.025s] INFO:colcon.colcon_core.shell:Creating environment hook '/home/gyumin/mobility_ws/install/midterm_msgs/share/midterm_msgs/hook/ld_library_path_lib.ps1'
[1.025s] INFO:colcon.colcon_core.shell:Creating environment descriptor '/home/gyumin/mobility_ws/install/midterm_msgs/share/midterm_msgs/hook/ld_library_path_lib.dsv'
[1.026s] INFO:colcon.colcon_core.shell:Creating environment hook '/home/gyumin/mobility_ws/install/midterm_msgs/share/midterm_msgs/hook/ld_library_path_lib.sh'
[1.026s] Level 1:colcon.colcon_core.environment:checking '/home/gyumin/mobility_ws/install/midterm_msgs/bin'
[1.026s] Level 1:colcon.colcon_core.environment:checking '/home/gyumin/mobility_ws/install/midterm_msgs/lib/pkgconfig/midterm_msgs.pc'
[1.026s] Level 1:colcon.colcon_core.environment:checking '/home/gyumin/mobility_ws/install/midterm_msgs/lib/python3.8/site-packages'
[1.026s] Level 1:colcon.colcon_core.shell:create_environment_hook('midterm_msgs', 'pythonpath')
[1.027s] INFO:colcon.colcon_core.shell:Creating environment hook '/home/gyumin/mobility_ws/install/midterm_msgs/share/midterm_msgs/hook/pythonpath.ps1'
[1.027s] INFO:colcon.colcon_core.shell:Creating environment descriptor '/home/gyumin/mobility_ws/install/midterm_msgs/share/midterm_msgs/hook/pythonpath.dsv'
[1.027s] INFO:colcon.colcon_core.shell:Creating environment hook '/home/gyumin/mobility_ws/install/midterm_msgs/share/midterm_msgs/hook/pythonpath.sh'
[1.028s] Level 1:colcon.colcon_core.environment:checking '/home/gyumin/mobility_ws/install/midterm_msgs/bin'
[1.028s] INFO:colcon.colcon_core.shell:Creating package script '/home/gyumin/mobility_ws/install/midterm_msgs/share/midterm_msgs/package.ps1'
[1.029s] INFO:colcon.colcon_core.shell:Creating package descriptor '/home/gyumin/mobility_ws/install/midterm_msgs/share/midterm_msgs/package.dsv'
[1.029s] INFO:colcon.colcon_core.shell:Creating package script '/home/gyumin/mobility_ws/install/midterm_msgs/share/midterm_msgs/package.sh'
[1.030s] INFO:colcon.colcon_core.shell:Creating package script '/home/gyumin/mobility_ws/install/midterm_msgs/share/midterm_msgs/package.bash'
[1.030s] INFO:colcon.colcon_core.shell:Creating package script '/home/gyumin/mobility_ws/install/midterm_msgs/share/midterm_msgs/package.zsh'
[1.031s] Level 1:colcon.colcon_core.environment:create_file_with_runtime_dependencies(/home/gyumin/mobility_ws/install/midterm_msgs/share/colcon-core/packages/midterm_msgs)
[1.031s] INFO:colcon.colcon_ros.task.ament_python.build:Building ROS package in '/home/gyumin/mobility_ws/src/auto_drive' with build type 'ament_python'
[1.032s] Level 1:colcon.colcon_core.shell:create_environment_hook('auto_drive', 'ament_prefix_path')
[1.032s] INFO:colcon.colcon_core.shell:Creating environment hook '/home/gyumin/mobility_ws/install/auto_drive/share/auto_drive/hook/ament_prefix_path.ps1'
[1.033s] INFO:colcon.colcon_core.shell:Creating environment descriptor '/home/gyumin/mobility_ws/install/auto_drive/share/auto_drive/hook/ament_prefix_path.dsv'
[1.033s] INFO:colcon.colcon_core.shell:Creating environment hook '/home/gyumin/mobility_ws/install/auto_drive/share/auto_drive/hook/ament_prefix_path.sh'
[1.034s] INFO:colcon.colcon_core.shell:Skip shell extension 'powershell' for command environment: Not usable outside of PowerShell
[1.034s] DEBUG:colcon.colcon_core.shell:Skip shell extension 'dsv' for command environment
[1.038s] INFO:colcon.colcon_ros.task.ament_python.build:Building ROS package in '/home/gyumin/mobility_ws/src/midterm_env' with build type 'ament_python'
[1.038s] Level 1:colcon.colcon_core.shell:create_environment_hook('midterm_env', 'ament_prefix_path')
[1.038s] INFO:colcon.colcon_core.shell:Creating environment hook '/home/gyumin/mobility_ws/install/midterm_env/share/midterm_env/hook/ament_prefix_path.ps1'
[1.039s] INFO:colcon.colcon_core.shell:Creating environment descriptor '/home/gyumin/mobility_ws/install/midterm_env/share/midterm_env/hook/ament_prefix_path.dsv'
[1.039s] INFO:colcon.colcon_core.shell:Creating environment hook '/home/gyumin/mobility_ws/install/midterm_env/share/midterm_env/hook/ament_prefix_path.sh'
[1.040s] INFO:colcon.colcon_core.shell:Skip shell extension 'powershell' for command environment: Not usable outside of PowerShell
[1.040s] DEBUG:colcon.colcon_core.shell:Skip shell extension 'dsv' for command environment
[1.267s] INFO:colcon.colcon_core.task.python.build:Building Python package in '/home/gyumin/mobility_ws/src/auto_drive'
[1.268s] INFO:colcon.colcon_core.shell:Skip shell extension 'powershell' for command environment: Not usable outside of PowerShell
[1.268s] DEBUG:colcon.colcon_core.shell:Skip shell extension 'dsv' for command environment
[1.492s] INFO:colcon.colcon_core.task.python.build:Building Python package in '/home/gyumin/mobility_ws/src/midterm_env'
[1.493s] INFO:colcon.colcon_core.shell:Skip shell extension 'powershell' for command environment: Not usable outside of PowerShell
[1.493s] DEBUG:colcon.colcon_core.shell:Skip shell extension 'dsv' for command environment
[1.834s] DEBUG:colcon.colcon_core.event_handler.log_command:Invoking command in '/home/gyumin/mobility_ws/build/midterm_env': LD_LIBRARY_PATH=/home/gyumin/mobility_ws/install/midterm_msgs/lib:/opt/ros/foxy/opt/yaml_cpp_vendor/lib:/opt/ros/foxy/opt/rviz_ogre_vendor/lib:/opt/ros/foxy/lib/x86_64-linux-gnu:/opt/ros/foxy/lib PYTHONPATH=/home/gyumin/mobility_ws/build/midterm_env/prefix_override:/usr/lib/python3/dist-packages/colcon_core/task/python/colcon_distutils_commands:/home/gyumin/mobility_ws/install/midterm_env/lib/python3.8/site-packages:/home/gyumin/mobility_ws/install/midterm_msgs/lib/python3.8/site-packages:/home/gyumin/mobility_ws/build/midterm_env:/home/gyumin/mobility_ws/install/midterm_env/lib/python3.8/site-packages:/home/gyumin/mobility_ws/build/auto_drive:/home/gyumin/mobility_ws/install/auto_drive/lib/python3.8/site-packages:/opt/ros/foxy/lib/python3.8/site-packages /usr/bin/python3 -W ignore:setup.py install is deprecated setup.py develop --editable --build-directory /home/gyumin/mobility_ws/build/midterm_env/build --no-deps symlink_data
[1.840s] DEBUG:colcon.colcon_core.event_handler.log_command:Invoking command in '/home/gyumin/mobility_ws/build/auto_drive': LD_LIBRARY_PATH=/home/gyumin/mobility_ws/install/midterm_msgs/lib:/opt/ros/foxy/opt/yaml_cpp_vendor/lib:/opt/ros/foxy/opt/rviz_ogre_vendor/lib:/opt/ros/foxy/lib/x86_64-linux-gnu:/opt/ros/foxy/lib PYTHONPATH=/home/gyumin/mobility_ws/build/auto_drive/prefix_override:/usr/lib/python3/dist-packages/colcon_core/task/python/colcon_distutils_commands:/home/gyumin/mobility_ws/install/auto_drive/lib/python3.8/site-packages:/home/gyumin/mobility_ws/install/midterm_msgs/lib/python3.8/site-packages:/home/gyumin/mobility_ws/build/midterm_env:/home/gyumin/mobility_ws/install/midterm_env/lib/python3.8/site-packages:/home/gyumin/mobility_ws/build/auto_drive:/home/gyumin/mobility_ws/install/auto_drive/lib/python3.8/site-packages:/opt/ros/foxy/lib/python3.8/site-packages /usr/bin/python3 -W ignore:setup.py install is deprecated setup.py develop --editable --build-directory /home/gyumin/mobility_ws/build/auto_drive/build --no-deps symlink_data
[2.134s] Level 1:colcon.colcon_core.shell:create_environment_hook('midterm_env', 'pythonpath_develop')
[2.135s] INFO:colcon.colcon_core.shell:Creating environment hook '/home/gyumin/mobility_ws/build/midterm_env/share/midterm_env/hook/pythonpath_develop.ps1'
[2.135s] DEBUG:colcon.colcon_core.event_handler.log_command:Invoked command in '/home/gyumin/mobility_ws/build/midterm_env' returned '0': LD_LIBRARY_PATH=/home/gyumin/mobility_ws/install/midterm_msgs/lib:/opt/ros/foxy/opt/yaml_cpp_vendor/lib:/opt/ros/foxy/opt/rviz_ogre_vendor/lib:/opt/ros/foxy/lib/x86_64-linux-gnu:/opt/ros/foxy/lib PYTHONPATH=/home/gyumin/mobility_ws/build/midterm_env/prefix_override:/usr/lib/python3/dist-packages/colcon_core/task/python/colcon_distutils_commands:/home/gyumin/mobility_ws/install/midterm_env/lib/python3.8/site-packages:/home/gyumin/mobility_ws/install/midterm_msgs/lib/python3.8/site-packages:/home/gyumin/mobility_ws/build/midterm_env:/home/gyumin/mobility_ws/install/midterm_env/lib/python3.8/site-packages:/home/gyumin/mobility_ws/build/auto_drive:/home/gyumin/mobility_ws/install/auto_drive/lib/python3.8/site-packages:/opt/ros/foxy/lib/python3.8/site-packages /usr/bin/python3 -W ignore:setup.py install is deprecated setup.py develop --editable --build-directory /home/gyumin/mobility_ws/build/midterm_env/build --no-deps symlink_data
[2.135s] INFO:colcon.colcon_core.shell:Creating environment descriptor '/home/gyumin/mobility_ws/build/midterm_env/share/midterm_env/hook/pythonpath_develop.dsv'
[2.136s] INFO:colcon.colcon_core.shell:Creating environment hook '/home/gyumin/mobility_ws/build/midterm_env/share/midterm_env/hook/pythonpath_develop.sh'
[2.136s] Level 1:colcon.colcon_core.environment:checking '/home/gyumin/mobility_ws/install/midterm_env' for CMake module files
[2.136s] Level 1:colcon.colcon_core.environment:checking '/home/gyumin/mobility_ws/install/midterm_env' for CMake config files
[2.137s] Level 1:colcon.colcon_core.environment:checking '/home/gyumin/mobility_ws/install/midterm_env/lib'
[2.137s] Level 1:colcon.colcon_core.environment:checking '/home/gyumin/mobility_ws/install/midterm_env/bin'
[2.137s] Level 1:colcon.colcon_core.environment:checking '/home/gyumin/mobility_ws/install/midterm_env/lib/pkgconfig/midterm_env.pc'
[2.137s] Level 1:colcon.colcon_core.environment:checking '/home/gyumin/mobility_ws/install/midterm_env/lib/python3.8/site-packages'
[2.137s] Level 1:colcon.colcon_core.shell:create_environment_hook('midterm_env', 'pythonpath')
[2.137s] INFO:colcon.colcon_core.shell:Creating environment hook '/home/gyumin/mobility_ws/install/midterm_env/share/midterm_env/hook/pythonpath.ps1'
[2.137s] INFO:colcon.colcon_core.shell:Creating environment descriptor '/home/gyumin/mobility_ws/install/midterm_env/share/midterm_env/hook/pythonpath.dsv'
[2.138s] INFO:colcon.colcon_core.shell:Creating environment hook '/home/gyumin/mobility_ws/install/midterm_env/share/midterm_env/hook/pythonpath.sh'
[2.138s] Level 1:colcon.colcon_core.environment:checking '/home/gyumin/mobility_ws/install/midterm_env/bin'
[2.138s] Level 1:colcon.colcon_core.environment:create_environment_scripts_only(midterm_env)
[2.138s] INFO:colcon.colcon_core.shell:Creating package script '/home/gyumin/mobility_ws/install/midterm_env/share/midterm_env/package.ps1'
[2.139s] INFO:colcon.colcon_core.shell:Creating package descriptor '/home/gyumin/mobility_ws/install/midterm_env/share/midterm_env/package.dsv'
[2.139s] INFO:colcon.colcon_core.shell:Creating package script '/home/gyumin/mobility_ws/install/midterm_env/share/midterm_env/package.sh'
[2.139s] INFO:colcon.colcon_core.shell:Creating package script '/home/gyumin/mobility_ws/install/midterm_env/share/midterm_env/package.bash'
[2.139s] INFO:colcon.colcon_core.shell:Creating package script '/home/gyumin/mobility_ws/install/midterm_env/share/midterm_env/package.zsh'
[2.140s] Level 1:colcon.colcon_core.environment:create_file_with_runtime_dependencies(/home/gyumin/mobility_ws/install/midterm_env/share/colcon-core/packages/midterm_env)
[2.152s] Level 1:colcon.colcon_core.shell:create_environment_hook('auto_drive', 'pythonpath_develop')
[2.152s] INFO:colcon.colcon_core.shell:Creating environment hook '/home/gyumin/mobility_ws/build/auto_drive/share/auto_drive/hook/pythonpath_develop.ps1'
[2.153s] DEBUG:colcon.colcon_core.event_handler.log_command:Invoked command in '/home/gyumin/mobility_ws/build/auto_drive' returned '0': LD_LIBRARY_PATH=/home/gyumin/mobility_ws/install/midterm_msgs/lib:/opt/ros/foxy/opt/yaml_cpp_vendor/lib:/opt/ros/foxy/opt/rviz_ogre_vendor/lib:/opt/ros/foxy/lib/x86_64-linux-gnu:/opt/ros/foxy/lib PYTHONPATH=/home/gyumin/mobility_ws/build/auto_drive/prefix_override:/usr/lib/python3/dist-packages/colcon_core/task/python/colcon_distutils_commands:/home/gyumin/mobility_ws/install/auto_drive/lib/python3.8/site-packages:/home/gyumin/mobility_ws/install/midterm_msgs/lib/python3.8/site-packages:/home/gyumin/mobility_ws/build/midterm_env:/home/gyumin/mobility_ws/install/midterm_env/lib/python3.8/site-packages:/home/gyumin/mobility_ws/build/auto_drive:/home/gyumin/mobility_ws/install/auto_drive/lib/python3.8/site-packages:/opt/ros/foxy/lib/python3.8/site-packages /usr/bin/python3 -W ignore:setup.py install is deprecated setup.py develop --editable --build-directory /home/gyumin/mobility_ws/build/auto_drive/build --no-deps symlink_data
[2.153s] INFO:colcon.colcon_core.shell:Creating environment descriptor '/home/gyumin/mobility_ws/build/auto_drive/share/auto_drive/hook/pythonpath_develop.dsv'
[2.153s] INFO:colcon.colcon_core.shell:Creating environment hook '/home/gyumin/mobility_ws/build/auto_drive/share/auto_drive/hook/pythonpath_develop.sh'
[2.154s] Level 1:colcon.colcon_core.environment:checking '/home/gyumin/mobility_ws/install/auto_drive' for CMake module files
[2.154s] Level 1:colcon.colcon_core.environment:checking '/home/gyumin/mobility_ws/install/auto_drive' for CMake config files
[2.154s] Level 1:colcon.colcon_core.environment:checking '/home/gyumin/mobility_ws/install/auto_drive/lib'
[2.154s] Level 1:colcon.colcon_core.environment:checking '/home/gyumin/mobility_ws/install/auto_drive/bin'
[2.154s] Level 1:colcon.colcon_core.environment:checking '/home/gyumin/mobility_ws/install/auto_drive/lib/pkgconfig/auto_drive.pc'
[2.154s] Level 1:colcon.colcon_core.environment:checking '/home/gyumin/mobility_ws/install/auto_drive/lib/python3.8/site-packages'
[2.154s] Level 1:colcon.colcon_core.shell:create_environment_hook('auto_drive', 'pythonpath')
[2.155s] INFO:colcon.colcon_core.shell:Creating environment hook '/home/gyumin/mobility_ws/install/auto_drive/share/auto_drive/hook/pythonpath.ps1'
[2.155s] INFO:colcon.colcon_core.shell:Creating environment descriptor '/home/gyumin/mobility_ws/install/auto_drive/share/auto_drive/hook/pythonpath.dsv'
[2.155s] INFO:colcon.colcon_core.shell:Creating environment hook '/home/gyumin/mobility_ws/install/auto_drive/share/auto_drive/hook/pythonpath.sh'
[2.155s] Level 1:colcon.colcon_core.environment:checking '/home/gyumin/mobility_ws/install/auto_drive/bin'
[2.155s] Level 1:colcon.colcon_core.environment:create_environment_scripts_only(auto_drive)
[2.155s] INFO:colcon.colcon_core.shell:Creating package script '/home/gyumin/mobility_ws/install/auto_drive/share/auto_drive/package.ps1'
[2.156s] INFO:colcon.colcon_core.shell:Creating package descriptor '/home/gyumin/mobility_ws/install/auto_drive/share/auto_drive/package.dsv'
[2.156s] INFO:colcon.colcon_core.shell:Creating package script '/home/gyumin/mobility_ws/install/auto_drive/share/auto_drive/package.sh'
[2.156s] INFO:colcon.colcon_core.shell:Creating package script '/home/gyumin/mobility_ws/install/auto_drive/share/auto_drive/package.bash'
[2.156s] INFO:colcon.colcon_core.shell:Creating package script '/home/gyumin/mobility_ws/install/auto_drive/share/auto_drive/package.zsh'
[2.157s] Level 1:colcon.colcon_core.environment:create_file_with_runtime_dependencies(/home/gyumin/mobility_ws/install/auto_drive/share/colcon-core/packages/auto_drive)
[2.157s] DEBUG:colcon.colcon_parallel_executor.executor.parallel:closing loop
[2.157s] DEBUG:colcon.colcon_parallel_executor.executor.parallel:loop closed
[2.157s] DEBUG:colcon.colcon_parallel_executor.executor.parallel:run_until_complete finished with '0'
[2.157s] DEBUG:colcon.colcon_core.event_reactor:joining thread
[2.161s] INFO:colcon.colcon_core.plugin_system:Skipping extension 'colcon_notification.desktop_notification.terminal_notifier': Not used on non-Darwin systems
[2.161s] INFO:colcon.colcon_core.plugin_system:Skipping extension 'colcon_notification.desktop_notification.win32': Not used on non-Windows systems
[2.161s] INFO:colcon.colcon_notification.desktop_notification:Sending desktop notification using 'notify2'
[2.171s] DEBUG:colcon.colcon_core.event_reactor:joined thread
[2.171s] INFO:colcon.colcon_core.shell:Creating prefix script '/home/gyumin/mobility_ws/install/local_setup.ps1'
[2.172s] INFO:colcon.colcon_core.shell:Creating prefix util module '/home/gyumin/mobility_ws/install/_local_setup_util_ps1.py'
[2.173s] INFO:colcon.colcon_core.shell:Creating prefix chain script '/home/gyumin/mobility_ws/install/setup.ps1'
[2.174s] INFO:colcon.colcon_core.shell:Creating prefix script '/home/gyumin/mobility_ws/install/local_setup.sh'
[2.174s] INFO:colcon.colcon_core.shell:Creating prefix util module '/home/gyumin/mobility_ws/install/_local_setup_util_sh.py'
[2.174s] INFO:colcon.colcon_core.shell:Creating prefix chain script '/home/gyumin/mobility_ws/install/setup.sh'
[2.175s] INFO:colcon.colcon_core.shell:Creating prefix script '/home/gyumin/mobility_ws/install/local_setup.bash'
[2.175s] INFO:colcon.colcon_core.shell:Creating prefix chain script '/home/gyumin/mobility_ws/install/setup.bash'
[2.176s] INFO:colcon.colcon_core.shell:Creating prefix script '/home/gyumin/mobility_ws/install/local_setup.zsh'
[2.176s] INFO:colcon.colcon_core.shell:Creating prefix chain script '/home/gyumin/mobility_ws/install/setup.zsh'
