[0.135s] DEBUG:colcon:Command line arguments: ['/usr/bin/colcon', 'build', '--symlink-install']
[0.135s] DEBUG:colcon:Parsed command line arguments: Namespace(allow_overriding=[], ament_cmake_args=None, base_paths=['.'], build_base='build', catkin_cmake_args=None, catkin_skip_building_tests=False, cmake_args=None, cmake_clean_cache=False, cmake_clean_first=False, cmake_force_configure=False, cmake_target=None, cmake_target_skip_unavailable=False, continue_on_error=False, event_handlers=None, executor='parallel', ignore_user_meta=False, install_base='install', log_base=None, log_level=None, main=<bound method BuildVerb.main of <colcon_core.verb.build.BuildVerb object at 0x7f772df017c0>>, merge_install=False, metas=['./colcon.meta'], packages_above=None, packages_above_and_dependencies=None, packages_above_depth=None, packages_end=None, packages_ignore=None, packages_ignore_regex=None, packages_select=None, packages_select_build_failed=False, packages_select_by_dep=None, packages_select_regex=None, packages_select_test_failures=False, packages_skip=None, packages_skip_build_finished=False, packages_skip_by_dep=None, packages_skip_regex=None, packages_skip_test_passed=False, packages_skip_up_to=None, packages_start=None, packages_up_to=None, packages_up_to_regex=None, parallel_workers=8, paths=None, symlink_install=True, test_result_base=None, verb_extension=<colcon_core.verb.build.BuildVerb object at 0x7f772df017c0>, verb_name='build', verb_parser=<colcon_defaults.argument_parser.defaults.DefaultArgumentsDecorator object at 0x7f772df01ca0>)
[0.240s] Level 1:colcon.colcon_core.package_discovery:discover_packages(colcon_meta) check parameters
[0.240s] Level 1:colcon.colcon_core.package_discovery:discover_packages(recursive) check parameters
[0.240s] Level 1:colcon.colcon_core.package_discovery:discover_packages(ignore) check parameters
[0.240s] Level 1:colcon.colcon_core.package_discovery:discover_packages(path) check parameters
[0.240s] Level 1:colcon.colcon_core.package_discovery:discover_packages(colcon_meta) discover
[0.240s] Level 1:colcon.colcon_core.package_discovery:discover_packages(recursive) discover
[0.240s] INFO:colcon.colcon_core.package_discovery:Crawling recursively for packages in '/home/gyumin/mobility_ws'
[0.241s] Level 1:colcon.colcon_core.package_identification:_identify(.) by extensions ['ignore', 'ignore_ament_install']
[0.241s] Level 1:colcon.colcon_core.package_identification:_identify(.) by extension 'ignore'
[0.241s] Level 1:colcon.colcon_core.package_identification:_identify(.) by extension 'ignore_ament_install'
[0.241s] Level 1:colcon.colcon_core.package_identification:_identify(.) by extensions ['colcon_pkg']
[0.241s] Level 1:colcon.colcon_core.package_identification:_identify(.) by extension 'colcon_pkg'
[0.241s] Level 1:colcon.colcon_core.package_identification:_identify(.) by extensions ['colcon_meta']
[0.241s] Level 1:colcon.colcon_core.package_identification:_identify(.) by extension 'colcon_meta'
[0.241s] Level 1:colcon.colcon_core.package_identification:_identify(.) by extensions ['ros']
[0.241s] Level 1:colcon.colcon_core.package_identification:_identify(.) by extension 'ros'
[0.248s] Level 1:colcon.colcon_core.package_identification:_identify(.) by extensions ['cmake', 'python']
[0.248s] Level 1:colcon.colcon_core.package_identification:_identify(.) by extension 'cmake'
[0.248s] Level 1:colcon.colcon_core.package_identification:_identify(.) by extension 'python'
[0.248s] Level 1:colcon.colcon_core.package_identification:_identify(.) by extensions ['python_setup_py']
[0.248s] Level 1:colcon.colcon_core.package_identification:_identify(.) by extension 'python_setup_py'
[0.248s] Level 1:colcon.colcon_core.package_identification:_identify(build) by extensions ['ignore', 'ignore_ament_install']
[0.249s] Level 1:colcon.colcon_core.package_identification:_identify(build) by extension 'ignore'
[0.249s] Level 1:colcon.colcon_core.package_identification:_identify(build) ignored
[0.249s] Level 1:colcon.colcon_core.package_identification:_identify(install) by extensions ['ignore', 'ignore_ament_install']
[0.249s] Level 1:colcon.colcon_core.package_identification:_identify(install) by extension 'ignore'
[0.249s] Level 1:colcon.colcon_core.package_identification:_identify(install) ignored
[0.249s] Level 1:colcon.colcon_core.package_identification:_identify(log) by extensions ['ignore', 'ignore_ament_install']
[0.249s] Level 1:colcon.colcon_core.package_identification:_identify(log) by extension 'ignore'
[0.249s] Level 1:colcon.colcon_core.package_identification:_identify(log) ignored
[0.249s] Level 1:colcon.colcon_core.package_identification:_identify(src) by extensions ['ignore', 'ignore_ament_install']
[0.249s] Level 1:colcon.colcon_core.package_identification:_identify(src) by extension 'ignore'
[0.249s] Level 1:colcon.colcon_core.package_identification:_identify(src) by extension 'ignore_ament_install'
[0.249s] Level 1:colcon.colcon_core.package_identification:_identify(src) by extensions ['colcon_pkg']
[0.249s] Level 1:colcon.colcon_core.package_identification:_identify(src) by extension 'colcon_pkg'
[0.249s] Level 1:colcon.colcon_core.package_identification:_identify(src) by extensions ['colcon_meta']
[0.249s] Level 1:colcon.colcon_core.package_identification:_identify(src) by extension 'colcon_meta'
[0.249s] Level 1:colcon.colcon_core.package_identification:_identify(src) by extensions ['ros']
[0.249s] Level 1:colcon.colcon_core.package_identification:_identify(src) by extension 'ros'
[0.249s] Level 1:colcon.colcon_core.package_identification:_identify(src) by extensions ['cmake', 'python']
[0.249s] Level 1:colcon.colcon_core.package_identification:_identify(src) by extension 'cmake'
[0.249s] Level 1:colcon.colcon_core.package_identification:_identify(src) by extension 'python'
[0.250s] Level 1:colcon.colcon_core.package_identification:_identify(src) by extensions ['python_setup_py']
[0.250s] Level 1:colcon.colcon_core.package_identification:_identify(src) by extension 'python_setup_py'
[0.250s] Level 1:colcon.colcon_core.package_identification:_identify(src/auto_drive) by extensions ['ignore', 'ignore_ament_install']
[0.250s] Level 1:colcon.colcon_core.package_identification:_identify(src/auto_drive) by extension 'ignore'
[0.250s] Level 1:colcon.colcon_core.package_identification:_identify(src/auto_drive) by extension 'ignore_ament_install'
[0.250s] Level 1:colcon.colcon_core.package_identification:_identify(src/auto_drive) by extensions ['colcon_pkg']
[0.250s] Level 1:colcon.colcon_core.package_identification:_identify(src/auto_drive) by extension 'colcon_pkg'
[0.250s] Level 1:colcon.colcon_core.package_identification:_identify(src/auto_drive) by extensions ['colcon_meta']
[0.250s] Level 1:colcon.colcon_core.package_identification:_identify(src/auto_drive) by extension 'colcon_meta'
[0.250s] Level 1:colcon.colcon_core.package_identification:_identify(src/auto_drive) by extensions ['ros']
[0.250s] Level 1:colcon.colcon_core.package_identification:_identify(src/auto_drive) by extension 'ros'
[0.252s] DEBUG:colcon.colcon_core.package_identification:Package 'src/auto_drive' with type 'ros.ament_python' and name 'auto_drive'
[0.252s] Level 1:colcon.colcon_core.package_identification:_identify(src/midterm_env) by extensions ['ignore', 'ignore_ament_install']
[0.252s] Level 1:colcon.colcon_core.package_identification:_identify(src/midterm_env) by extension 'ignore'
[0.252s] Level 1:colcon.colcon_core.package_identification:_identify(src/midterm_env) by extension 'ignore_ament_install'
[0.252s] Level 1:colcon.colcon_core.package_identification:_identify(src/midterm_env) by extensions ['colcon_pkg']
[0.252s] Level 1:colcon.colcon_core.package_identification:_identify(src/midterm_env) by extension 'colcon_pkg'
[0.252s] Level 1:colcon.colcon_core.package_identification:_identify(src/midterm_env) by extensions ['colcon_meta']
[0.252s] Level 1:colcon.colcon_core.package_identification:_identify(src/midterm_env) by extension 'colcon_meta'
[0.252s] Level 1:colcon.colcon_core.package_identification:_identify(src/midterm_env) by extensions ['ros']
[0.252s] Level 1:colcon.colcon_core.package_identification:_identify(src/midterm_env) by extension 'ros'
[0.253s] DEBUG:colcon.colcon_core.package_identification:Package 'src/midterm_env' with type 'ros.ament_python' and name 'midterm_env'
[0.253s] Level 1:colcon.colcon_core.package_identification:_identify(src/midterm_msgs) by extensions ['ignore', 'ignore_ament_install']
[0.253s] Level 1:colcon.colcon_core.package_identification:_identify(src/midterm_msgs) by extension 'ignore'
[0.253s] Level 1:colcon.colcon_core.package_identification:_identify(src/midterm_msgs) by extension 'ignore_ament_install'
[0.253s] Level 1:colcon.colcon_core.package_identification:_identify(src/midterm_msgs) by extensions ['colcon_pkg']
[0.253s] Level 1:colcon.colcon_core.package_identification:_identify(src/midterm_msgs) by extension 'colcon_pkg'
[0.253s] Level 1:colcon.colcon_core.package_identification:_identify(src/midterm_msgs) by extensions ['colcon_meta']
[0.253s] Level 1:colcon.colcon_core.package_identification:_identify(src/midterm_msgs) by extension 'colcon_meta'
[0.253s] Level 1:colcon.colcon_core.package_identification:_identify(src/midterm_msgs) by extensions ['ros']
[0.253s] Level 1:colcon.colcon_core.package_identification:_identify(src/midterm_msgs) by extension 'ros'
[0.253s] DEBUG:colcon.colcon_core.package_identification:Package 'src/midterm_msgs' with type 'ros.ament_cmake' and name 'midterm_msgs'
[0.253s] Level 1:colcon.colcon_core.package_discovery:discover_packages(recursive) using defaults
[0.254s] Level 1:colcon.colcon_core.package_discovery:discover_packages(ignore) discover
[0.254s] Level 1:colcon.colcon_core.package_discovery:discover_packages(ignore) using defaults
[0.254s] Level 1:colcon.colcon_core.package_discovery:discover_packages(path) discover
[0.254s] Level 1:colcon.colcon_core.package_discovery:discover_packages(path) using defaults
[0.265s] Level 1:colcon.colcon_core.package_discovery:discover_packages(prefix_path) check parameters
[0.265s] Level 1:colcon.colcon_core.package_discovery:discover_packages(prefix_path) discover
[0.266s] DEBUG:colcon.colcon_installed_package_information.package_discovery:Found 3 installed packages in /home/gyumin/mobility_ws/install
[0.267s] DEBUG:colcon.colcon_installed_package_information.package_discovery:Found 256 installed packages in /opt/ros/foxy
[0.275s] Level 1:colcon.colcon_core.package_discovery:discover_packages(prefix_path) using defaults
[0.310s] Level 5:colcon.colcon_core.verb:set package 'midterm_msgs' build argument 'cmake_args' from command line to 'None'
[0.310s] Level 5:colcon.colcon_core.verb:set package 'midterm_msgs' build argument 'cmake_target' from command line to 'None'
[0.310s] Level 5:colcon.colcon_core.verb:set package 'midterm_msgs' build argument 'cmake_target_skip_unavailable' from command line to 'False'
[0.310s] Level 5:colcon.colcon_core.verb:set package 'midterm_msgs' build argument 'cmake_clean_cache' from command line to 'False'
[0.310s] Level 5:colcon.colcon_core.verb:set package 'midterm_msgs' build argument 'cmake_clean_first' from command line to 'False'
[0.310s] Level 5:colcon.colcon_core.verb:set package 'midterm_msgs' build argument 'cmake_force_configure' from command line to 'False'
[0.310s] Level 5:colcon.colcon_core.verb:set package 'midterm_msgs' build argument 'ament_cmake_args' from command line to 'None'
[0.310s] Level 5:colcon.colcon_core.verb:set package 'midterm_msgs' build argument 'catkin_cmake_args' from command line to 'None'
[0.310s] Level 5:colcon.colcon_core.verb:set package 'midterm_msgs' build argument 'catkin_skip_building_tests' from command line to 'False'
[0.310s] DEBUG:colcon.colcon_core.verb:Building package 'midterm_msgs' with the following arguments: {'ament_cmake_args': None, 'build_base': '/home/gyumin/mobility_ws/build/midterm_msgs', 'catkin_cmake_args': None, 'catkin_skip_building_tests': False, 'cmake_args': None, 'cmake_clean_cache': False, 'cmake_clean_first': False, 'cmake_force_configure': False, 'cmake_target': None, 'cmake_target_skip_unavailable': False, 'install_base': '/home/gyumin/mobility_ws/install/midterm_msgs', 'merge_install': False, 'path': '/home/gyumin/mobility_ws/src/midterm_msgs', 'symlink_install': True, 'test_result_base': None}
[0.311s] Level 5:colcon.colcon_core.verb:set package 'auto_drive' build argument 'cmake_args' from command line to 'None'
[0.311s] Level 5:colcon.colcon_core.verb:set package 'auto_drive' build argument 'cmake_target' from command line to 'None'
[0.311s] Level 5:colcon.colcon_core.verb:set package 'auto_drive' build argument 'cmake_target_skip_unavailable' from command line to 'False'
[0.311s] Level 5:colcon.colcon_core.verb:set package 'auto_drive' build argument 'cmake_clean_cache' from command line to 'False'
[0.311s] Level 5:colcon.colcon_core.verb:set package 'auto_drive' build argument 'cmake_clean_first' from command line to 'False'
[0.311s] Level 5:colcon.colcon_core.verb:set package 'auto_drive' build argument 'cmake_force_configure' from command line to 'False'
[0.311s] Level 5:colcon.colcon_core.verb:set package 'auto_drive' build argument 'ament_cmake_args' from command line to 'None'
[0.311s] Level 5:colcon.colcon_core.verb:set package 'auto_drive' build argument 'catkin_cmake_args' from command line to 'None'
[0.311s] Level 5:colcon.colcon_core.verb:set package 'auto_drive' build argument 'catkin_skip_building_tests' from command line to 'False'
[0.311s] DEBUG:colcon.colcon_core.verb:Building package 'auto_drive' with the following arguments: {'ament_cmake_args': None, 'build_base': '/home/gyumin/mobility_ws/build/auto_drive', 'catkin_cmake_args': None, 'catkin_skip_building_tests': False, 'cmake_args': None, 'cmake_clean_cache': False, 'cmake_clean_first': False, 'cmake_force_configure': False, 'cmake_target': None, 'cmake_target_skip_unavailable': False, 'install_base': '/home/gyumin/mobility_ws/install/auto_drive', 'merge_install': False, 'path': '/home/gyumin/mobility_ws/src/auto_drive', 'symlink_install': True, 'test_result_base': None}
[0.311s] Level 5:colcon.colcon_core.verb:set package 'midterm_env' build argument 'cmake_args' from command line to 'None'
[0.311s] Level 5:colcon.colcon_core.verb:set package 'midterm_env' build argument 'cmake_target' from command line to 'None'
[0.311s] Level 5:colcon.colcon_core.verb:set package 'midterm_env' build argument 'cmake_target_skip_unavailable' from command line to 'False'
[0.311s] Level 5:colcon.colcon_core.verb:set package 'midterm_env' build argument 'cmake_clean_cache' from command line to 'False'
[0.311s] Level 5:colcon.colcon_core.verb:set package 'midterm_env' build argument 'cmake_clean_first' from command line to 'False'
[0.311s] Level 5:colcon.colcon_core.verb:set package 'midterm_env' build argument 'cmake_force_configure' from command line to 'False'
[0.311s] Level 5:colcon.colcon_core.verb:set package 'midterm_env' build argument 'ament_cmake_args' from command line to 'None'
[0.311s] Level 5:colcon.colcon_core.verb:set package 'midterm_env' build argument 'catkin_cmake_args' from command line to 'None'
[0.311s] Level 5:colcon.colcon_core.verb:set package 'midterm_env' build argument 'catkin_skip_building_tests' from command line to 'False'
[0.311s] DEBUG:colcon.colcon_core.verb:Building package 'midterm_env' with the following arguments: {'ament_cmake_args': None, 'build_base': '/home/gyumin/mobility_ws/build/midterm_env', 'catkin_cmake_args': None, 'catkin_skip_building_tests': False, 'cmake_args': None, 'cmake_clean_cache': False, 'cmake_clean_first': False, 'cmake_force_configure': False, 'cmake_target': None, 'cmake_target_skip_unavailable': False, 'install_base': '/home/gyumin/mobility_ws/install/midterm_env', 'merge_install': False, 'path': '/home/gyumin/mobility_ws/src/midterm_env', 'symlink_install': True, 'test_result_base': None}
[0.311s] INFO:colcon.colcon_core.executor:Executing jobs using 'parallel' executor
[0.312s] DEBUG:colcon.colcon_parallel_executor.executor.parallel:run_until_complete
[0.312s] INFO:colcon.colcon_ros.task.ament_cmake.build:Building ROS package in '/home/gyumin/mobility_ws/src/midterm_msgs' with build type 'ament_cmake'
[0.312s] INFO:colcon.colcon_cmake.task.cmake.build:Building CMake package in '/home/gyumin/mobility_ws/src/midterm_msgs'
[0.314s] INFO:colcon.colcon_core.plugin_system:Skipping extension 'colcon_core.shell.bat': Not used on non-Windows systems
[0.314s] INFO:colcon.colcon_core.shell:Skip shell extension 'powershell' for command environment: Not usable outside of PowerShell
[0.314s] DEBUG:colcon.colcon_core.shell:Skip shell extension 'dsv' for command environment
[0.322s] DEBUG:colcon.colcon_core.event_handler.log_command:Invoking command in '/home/gyumin/mobility_ws/build/midterm_msgs': CMAKE_PREFIX_PATH=${CMAKE_PREFIX_PATH}:/home/gyumin/mobility_ws/install/midterm_env:/home/gyumin/mobility_ws/install/auto_drive:/opt/ros/foxy /usr/bin/cmake --build /home/gyumin/mobility_ws/build/midterm_msgs -- -j8 -l8
[0.477s] DEBUG:colcon.colcon_core.event_handler.log_command:Invoked command in '/home/gyumin/mobility_ws/build/midterm_msgs' returned '0': CMAKE_PREFIX_PATH=${CMAKE_PREFIX_PATH}:/home/gyumin/mobility_ws/install/midterm_env:/home/gyumin/mobility_ws/install/auto_drive:/opt/ros/foxy /usr/bin/cmake --build /home/gyumin/mobility_ws/build/midterm_msgs -- -j8 -l8
[0.559s] DEBUG:colcon.colcon_core.event_handler.log_command:Invoking command in '/home/gyumin/mobility_ws/build/midterm_msgs': CMAKE_PREFIX_PATH=${CMAKE_PREFIX_PATH}:/home/gyumin/mobility_ws/install/midterm_env:/home/gyumin/mobility_ws/install/auto_drive:/opt/ros/foxy /usr/bin/cmake --install /home/gyumin/mobility_ws/build/midterm_msgs
[0.616s] Level 1:colcon.colcon_core.environment:create_environment_scripts_only(midterm_msgs)
[0.617s] DEBUG:colcon.colcon_core.event_handler.log_command:Invoked command in '/home/gyumin/mobility_ws/build/midterm_msgs' returned '0': CMAKE_PREFIX_PATH=${CMAKE_PREFIX_PATH}:/home/gyumin/mobility_ws/install/midterm_env:/home/gyumin/mobility_ws/install/auto_drive:/opt/ros/foxy /usr/bin/cmake --install /home/gyumin/mobility_ws/build/midterm_msgs
[0.618s] Level 1:colcon.colcon_core.environment:checking '/home/gyumin/mobility_ws/install/midterm_msgs' for CMake module files
[0.619s] Level 1:colcon.colcon_core.environment:checking '/home/gyumin/mobility_ws/install/midterm_msgs' for CMake config files
[0.619s] Level 1:colcon.colcon_core.shell:create_environment_hook('midterm_msgs', 'cmake_prefix_path')
[0.619s] INFO:colcon.colcon_core.shell:Creating environment hook '/home/gyumin/mobility_ws/install/midterm_msgs/share/midterm_msgs/hook/cmake_prefix_path.ps1'
[0.620s] INFO:colcon.colcon_core.shell:Creating environment descriptor '/home/gyumin/mobility_ws/install/midterm_msgs/share/midterm_msgs/hook/cmake_prefix_path.dsv'
[0.620s] INFO:colcon.colcon_core.shell:Creating environment hook '/home/gyumin/mobility_ws/install/midterm_msgs/share/midterm_msgs/hook/cmake_prefix_path.sh'
[0.621s] Level 1:colcon.colcon_core.environment:checking '/home/gyumin/mobility_ws/install/midterm_msgs/lib'
[0.621s] Level 1:colcon.colcon_core.shell:create_environment_hook('midterm_msgs', 'ld_library_path_lib')
[0.621s] INFO:colcon.colcon_core.shell:Creating environment hook '/home/gyumin/mobility_ws/install/midterm_msgs/share/midterm_msgs/hook/ld_library_path_lib.ps1'
[0.621s] INFO:colcon.colcon_core.shell:Creating environment descriptor '/home/gyumin/mobility_ws/install/midterm_msgs/share/midterm_msgs/hook/ld_library_path_lib.dsv'
[0.621s] INFO:colcon.colcon_core.shell:Creating environment hook '/home/gyumin/mobility_ws/install/midterm_msgs/share/midterm_msgs/hook/ld_library_path_lib.sh'
[0.622s] Level 1:colcon.colcon_core.environment:checking '/home/gyumin/mobility_ws/install/midterm_msgs/bin'
[0.622s] Level 1:colcon.colcon_core.environment:checking '/home/gyumin/mobility_ws/install/midterm_msgs/lib/pkgconfig/midterm_msgs.pc'
[0.622s] Level 1:colcon.colcon_core.environment:checking '/home/gyumin/mobility_ws/install/midterm_msgs/lib/python3.8/site-packages'
[0.622s] Level 1:colcon.colcon_core.shell:create_environment_hook('midterm_msgs', 'pythonpath')
[0.622s] INFO:colcon.colcon_core.shell:Creating environment hook '/home/gyumin/mobility_ws/install/midterm_msgs/share/midterm_msgs/hook/pythonpath.ps1'
[0.622s] INFO:colcon.colcon_core.shell:Creating environment descriptor '/home/gyumin/mobility_ws/install/midterm_msgs/share/midterm_msgs/hook/pythonpath.dsv'
[0.622s] INFO:colcon.colcon_core.shell:Creating environment hook '/home/gyumin/mobility_ws/install/midterm_msgs/share/midterm_msgs/hook/pythonpath.sh'
[0.623s] Level 1:colcon.colcon_core.environment:checking '/home/gyumin/mobility_ws/install/midterm_msgs/bin'
[0.623s] INFO:colcon.colcon_core.shell:Creating package script '/home/gyumin/mobility_ws/install/midterm_msgs/share/midterm_msgs/package.ps1'
[0.623s] INFO:colcon.colcon_core.shell:Creating package descriptor '/home/gyumin/mobility_ws/install/midterm_msgs/share/midterm_msgs/package.dsv'
[0.624s] INFO:colcon.colcon_core.shell:Creating package script '/home/gyumin/mobility_ws/install/midterm_msgs/share/midterm_msgs/package.sh'
[0.624s] INFO:colcon.colcon_core.shell:Creating package script '/home/gyumin/mobility_ws/install/midterm_msgs/share/midterm_msgs/package.bash'
[0.625s] INFO:colcon.colcon_core.shell:Creating package script '/home/gyumin/mobility_ws/install/midterm_msgs/share/midterm_msgs/package.zsh'
[0.625s] Level 1:colcon.colcon_core.environment:create_file_with_runtime_dependencies(/home/gyumin/mobility_ws/install/midterm_msgs/share/colcon-core/packages/midterm_msgs)
[0.702s] Level 1:colcon.colcon_core.environment:create_environment_scripts_only(midterm_msgs)
[0.702s] Level 1:colcon.colcon_core.environment:checking '/home/gyumin/mobility_ws/install/midterm_msgs' for CMake module files
[0.703s] Level 1:colcon.colcon_core.environment:checking '/home/gyumin/mobility_ws/install/midterm_msgs' for CMake config files
[0.704s] Level 1:colcon.colcon_core.shell:create_environment_hook('midterm_msgs', 'cmake_prefix_path')
[0.704s] INFO:colcon.colcon_core.shell:Creating environment hook '/home/gyumin/mobility_ws/install/midterm_msgs/share/midterm_msgs/hook/cmake_prefix_path.ps1'
[0.704s] INFO:colcon.colcon_core.shell:Creating environment descriptor '/home/gyumin/mobility_ws/install/midterm_msgs/share/midterm_msgs/hook/cmake_prefix_path.dsv'
[0.704s] INFO:colcon.colcon_core.shell:Creating environment hook '/home/gyumin/mobility_ws/install/midterm_msgs/share/midterm_msgs/hook/cmake_prefix_path.sh'
[0.705s] Level 1:colcon.colcon_core.environment:checking '/home/gyumin/mobility_ws/install/midterm_msgs/lib'
[0.705s] Level 1:colcon.colcon_core.shell:create_environment_hook('midterm_msgs', 'ld_library_path_lib')
[0.705s] INFO:colcon.colcon_core.shell:Creating environment hook '/home/gyumin/mobility_ws/install/midterm_msgs/share/midterm_msgs/hook/ld_library_path_lib.ps1'
[0.705s] INFO:colcon.colcon_core.shell:Creating environment descriptor '/home/gyumin/mobility_ws/install/midterm_msgs/share/midterm_msgs/hook/ld_library_path_lib.dsv'
[0.705s] INFO:colcon.colcon_core.shell:Creating environment hook '/home/gyumin/mobility_ws/install/midterm_msgs/share/midterm_msgs/hook/ld_library_path_lib.sh'
[0.706s] Level 1:colcon.colcon_core.environment:checking '/home/gyumin/mobility_ws/install/midterm_msgs/bin'
[0.706s] Level 1:colcon.colcon_core.environment:checking '/home/gyumin/mobility_ws/install/midterm_msgs/lib/pkgconfig/midterm_msgs.pc'
[0.706s] Level 1:colcon.colcon_core.environment:checking '/home/gyumin/mobility_ws/install/midterm_msgs/lib/python3.8/site-packages'
[0.706s] Level 1:colcon.colcon_core.shell:create_environment_hook('midterm_msgs', 'pythonpath')
[0.706s] INFO:colcon.colcon_core.shell:Creating environment hook '/home/gyumin/mobility_ws/install/midterm_msgs/share/midterm_msgs/hook/pythonpath.ps1'
[0.706s] INFO:colcon.colcon_core.shell:Creating environment descriptor '/home/gyumin/mobility_ws/install/midterm_msgs/share/midterm_msgs/hook/pythonpath.dsv'
[0.706s] INFO:colcon.colcon_core.shell:Creating environment hook '/home/gyumin/mobility_ws/install/midterm_msgs/share/midterm_msgs/hook/pythonpath.sh'
[0.707s] Level 1:colcon.colcon_core.environment:checking '/home/gyumin/mobility_ws/install/midterm_msgs/bin'
[0.707s] INFO:colcon.colcon_core.shell:Creating package script '/home/gyumin/mobility_ws/install/midterm_msgs/share/midterm_msgs/package.ps1'
[0.707s] INFO:colcon.colcon_core.shell:Creating package descriptor '/home/gyumin/mobility_ws/install/midterm_msgs/share/midterm_msgs/package.dsv'
[0.708s] INFO:colcon.colcon_core.shell:Creating package script '/home/gyumin/mobility_ws/install/midterm_msgs/share/midterm_msgs/package.sh'
[0.708s] INFO:colcon.colcon_core.shell:Creating package script '/home/gyumin/mobility_ws/install/midterm_msgs/share/midterm_msgs/package.bash'
[0.708s] INFO:colcon.colcon_core.shell:Creating package script '/home/gyumin/mobility_ws/install/midterm_msgs/share/midterm_msgs/package.zsh'
[0.708s] Level 1:colcon.colcon_core.environment:create_file_with_runtime_dependencies(/home/gyumin/mobility_ws/install/midterm_msgs/share/colcon-core/packages/midterm_msgs)
[0.709s] INFO:colcon.colcon_ros.task.ament_python.build:Building ROS package in '/home/gyumin/mobility_ws/src/auto_drive' with build type 'ament_python'
[0.709s] Level 1:colcon.colcon_core.shell:create_environment_hook('auto_drive', 'ament_prefix_path')
[0.709s] INFO:colcon.colcon_core.shell:Creating environment hook '/home/gyumin/mobility_ws/install/auto_drive/share/auto_drive/hook/ament_prefix_path.ps1'
[0.710s] INFO:colcon.colcon_core.shell:Creating environment descriptor '/home/gyumin/mobility_ws/install/auto_drive/share/auto_drive/hook/ament_prefix_path.dsv'
[0.710s] INFO:colcon.colcon_core.shell:Creating environment hook '/home/gyumin/mobility_ws/install/auto_drive/share/auto_drive/hook/ament_prefix_path.sh'
[0.711s] INFO:colcon.colcon_core.shell:Skip shell extension 'powershell' for command environment: Not usable outside of PowerShell
[0.711s] DEBUG:colcon.colcon_core.shell:Skip shell extension 'dsv' for command environment
[0.714s] INFO:colcon.colcon_ros.task.ament_python.build:Building ROS package in '/home/gyumin/mobility_ws/src/midterm_env' with build type 'ament_python'
[0.714s] Level 1:colcon.colcon_core.shell:create_environment_hook('midterm_env', 'ament_prefix_path')
[0.714s] INFO:colcon.colcon_core.shell:Creating environment hook '/home/gyumin/mobility_ws/install/midterm_env/share/midterm_env/hook/ament_prefix_path.ps1'
[0.715s] INFO:colcon.colcon_core.shell:Creating environment descriptor '/home/gyumin/mobility_ws/install/midterm_env/share/midterm_env/hook/ament_prefix_path.dsv'
[0.715s] INFO:colcon.colcon_core.shell:Creating environment hook '/home/gyumin/mobility_ws/install/midterm_env/share/midterm_env/hook/ament_prefix_path.sh'
[0.715s] INFO:colcon.colcon_core.shell:Skip shell extension 'powershell' for command environment: Not usable outside of PowerShell
[0.715s] DEBUG:colcon.colcon_core.shell:Skip shell extension 'dsv' for command environment
[0.881s] INFO:colcon.colcon_core.task.python.build:Building Python package in '/home/gyumin/mobility_ws/src/auto_drive'
[0.881s] INFO:colcon.colcon_core.shell:Skip shell extension 'powershell' for command environment: Not usable outside of PowerShell
[0.881s] DEBUG:colcon.colcon_core.shell:Skip shell extension 'dsv' for command environment
[1.027s] INFO:colcon.colcon_core.task.python.build:Building Python package in '/home/gyumin/mobility_ws/src/midterm_env'
[1.027s] INFO:colcon.colcon_core.shell:Skip shell extension 'powershell' for command environment: Not usable outside of PowerShell
[1.028s] DEBUG:colcon.colcon_core.shell:Skip shell extension 'dsv' for command environment
[1.315s] DEBUG:colcon.colcon_core.event_handler.log_command:Invoking command in '/home/gyumin/mobility_ws/build/auto_drive': LD_LIBRARY_PATH=/home/gyumin/mobility_ws/install/midterm_msgs/lib:/opt/ros/foxy/opt/yaml_cpp_vendor/lib:/opt/ros/foxy/opt/rviz_ogre_vendor/lib:/opt/ros/foxy/lib/x86_64-linux-gnu:/opt/ros/foxy/lib PYTHONPATH=/home/gyumin/mobility_ws/build/auto_drive/prefix_override:/usr/lib/python3/dist-packages/colcon_core/task/python/colcon_distutils_commands:/home/gyumin/mobility_ws/install/auto_drive/lib/python3.8/site-packages:/home/gyumin/mobility_ws/install/midterm_msgs/lib/python3.8/site-packages:/home/gyumin/mobility_ws/build/midterm_env:/home/gyumin/mobility_ws/install/midterm_env/lib/python3.8/site-packages:/home/gyumin/mobility_ws/build/auto_drive:/home/gyumin/mobility_ws/install/auto_drive/lib/python3.8/site-packages:/opt/ros/foxy/lib/python3.8/site-packages /usr/bin/python3 -W ignore:setup.py install is deprecated setup.py develop --editable --build-directory /home/gyumin/mobility_ws/build/auto_drive/build --no-deps symlink_data
[1.328s] DEBUG:colcon.colcon_core.event_handler.log_command:Invoking command in '/home/gyumin/mobility_ws/build/midterm_env': LD_LIBRARY_PATH=/home/gyumin/mobility_ws/install/midterm_msgs/lib:/opt/ros/foxy/opt/yaml_cpp_vendor/lib:/opt/ros/foxy/opt/rviz_ogre_vendor/lib:/opt/ros/foxy/lib/x86_64-linux-gnu:/opt/ros/foxy/lib PYTHONPATH=/home/gyumin/mobility_ws/build/midterm_env/prefix_override:/usr/lib/python3/dist-packages/colcon_core/task/python/colcon_distutils_commands:/home/gyumin/mobility_ws/install/midterm_env/lib/python3.8/site-packages:/home/gyumin/mobility_ws/install/midterm_msgs/lib/python3.8/site-packages:/home/gyumin/mobility_ws/build/midterm_env:/home/gyumin/mobility_ws/install/midterm_env/lib/python3.8/site-packages:/home/gyumin/mobility_ws/build/auto_drive:/home/gyumin/mobility_ws/install/auto_drive/lib/python3.8/site-packages:/opt/ros/foxy/lib/python3.8/site-packages /usr/bin/python3 -W ignore:setup.py install is deprecated setup.py develop --editable --build-directory /home/gyumin/mobility_ws/build/midterm_env/build --no-deps symlink_data
[1.635s] Level 1:colcon.colcon_core.shell:create_environment_hook('auto_drive', 'pythonpath_develop')
[1.635s] INFO:colcon.colcon_core.shell:Creating environment hook '/home/gyumin/mobility_ws/build/auto_drive/share/auto_drive/hook/pythonpath_develop.ps1'
[1.636s] DEBUG:colcon.colcon_core.event_handler.log_command:Invoked command in '/home/gyumin/mobility_ws/build/auto_drive' returned '0': LD_LIBRARY_PATH=/home/gyumin/mobility_ws/install/midterm_msgs/lib:/opt/ros/foxy/opt/yaml_cpp_vendor/lib:/opt/ros/foxy/opt/rviz_ogre_vendor/lib:/opt/ros/foxy/lib/x86_64-linux-gnu:/opt/ros/foxy/lib PYTHONPATH=/home/gyumin/mobility_ws/build/auto_drive/prefix_override:/usr/lib/python3/dist-packages/colcon_core/task/python/colcon_distutils_commands:/home/gyumin/mobility_ws/install/auto_drive/lib/python3.8/site-packages:/home/gyumin/mobility_ws/install/midterm_msgs/lib/python3.8/site-packages:/home/gyumin/mobility_ws/build/midterm_env:/home/gyumin/mobility_ws/install/midterm_env/lib/python3.8/site-packages:/home/gyumin/mobility_ws/build/auto_drive:/home/gyumin/mobility_ws/install/auto_drive/lib/python3.8/site-packages:/opt/ros/foxy/lib/python3.8/site-packages /usr/bin/python3 -W ignore:setup.py install is deprecated setup.py develop --editable --build-directory /home/gyumin/mobility_ws/build/auto_drive/build --no-deps symlink_data
[1.636s] INFO:colcon.colcon_core.shell:Creating environment descriptor '/home/gyumin/mobility_ws/build/auto_drive/share/auto_drive/hook/pythonpath_develop.dsv'
[1.636s] INFO:colcon.colcon_core.shell:Creating environment hook '/home/gyumin/mobility_ws/build/auto_drive/share/auto_drive/hook/pythonpath_develop.sh'
[1.637s] Level 1:colcon.colcon_core.environment:checking '/home/gyumin/mobility_ws/install/auto_drive' for CMake module files
[1.637s] Level 1:colcon.colcon_core.environment:checking '/home/gyumin/mobility_ws/install/auto_drive' for CMake config files
[1.637s] Level 1:colcon.colcon_core.environment:checking '/home/gyumin/mobility_ws/install/auto_drive/lib'
[1.637s] Level 1:colcon.colcon_core.environment:checking '/home/gyumin/mobility_ws/install/auto_drive/bin'
[1.637s] Level 1:colcon.colcon_core.environment:checking '/home/gyumin/mobility_ws/install/auto_drive/lib/pkgconfig/auto_drive.pc'
[1.638s] Level 1:colcon.colcon_core.environment:checking '/home/gyumin/mobility_ws/install/auto_drive/lib/python3.8/site-packages'
[1.638s] Level 1:colcon.colcon_core.shell:create_environment_hook('auto_drive', 'pythonpath')
[1.638s] INFO:colcon.colcon_core.shell:Creating environment hook '/home/gyumin/mobility_ws/install/auto_drive/share/auto_drive/hook/pythonpath.ps1'
[1.638s] INFO:colcon.colcon_core.shell:Creating environment descriptor '/home/gyumin/mobility_ws/install/auto_drive/share/auto_drive/hook/pythonpath.dsv'
[1.638s] INFO:colcon.colcon_core.shell:Creating environment hook '/home/gyumin/mobility_ws/install/auto_drive/share/auto_drive/hook/pythonpath.sh'
[1.639s] Level 1:colcon.colcon_core.environment:checking '/home/gyumin/mobility_ws/install/auto_drive/bin'
[1.639s] Level 1:colcon.colcon_core.environment:create_environment_scripts_only(auto_drive)
[1.639s] INFO:colcon.colcon_core.shell:Creating package script '/home/gyumin/mobility_ws/install/auto_drive/share/auto_drive/package.ps1'
[1.639s] INFO:colcon.colcon_core.shell:Creating package descriptor '/home/gyumin/mobility_ws/install/auto_drive/share/auto_drive/package.dsv'
[1.640s] INFO:colcon.colcon_core.shell:Creating package script '/home/gyumin/mobility_ws/install/auto_drive/share/auto_drive/package.sh'
[1.640s] INFO:colcon.colcon_core.shell:Creating package script '/home/gyumin/mobility_ws/install/auto_drive/share/auto_drive/package.bash'
[1.640s] INFO:colcon.colcon_core.shell:Creating package script '/home/gyumin/mobility_ws/install/auto_drive/share/auto_drive/package.zsh'
[1.640s] Level 1:colcon.colcon_core.environment:create_file_with_runtime_dependencies(/home/gyumin/mobility_ws/install/auto_drive/share/colcon-core/packages/auto_drive)
[1.650s] Level 1:colcon.colcon_core.shell:create_environment_hook('midterm_env', 'pythonpath_develop')
[1.651s] INFO:colcon.colcon_core.shell:Creating environment hook '/home/gyumin/mobility_ws/build/midterm_env/share/midterm_env/hook/pythonpath_develop.ps1'
[1.651s] DEBUG:colcon.colcon_core.event_handler.log_command:Invoked command in '/home/gyumin/mobility_ws/build/midterm_env' returned '0': LD_LIBRARY_PATH=/home/gyumin/mobility_ws/install/midterm_msgs/lib:/opt/ros/foxy/opt/yaml_cpp_vendor/lib:/opt/ros/foxy/opt/rviz_ogre_vendor/lib:/opt/ros/foxy/lib/x86_64-linux-gnu:/opt/ros/foxy/lib PYTHONPATH=/home/gyumin/mobility_ws/build/midterm_env/prefix_override:/usr/lib/python3/dist-packages/colcon_core/task/python/colcon_distutils_commands:/home/gyumin/mobility_ws/install/midterm_env/lib/python3.8/site-packages:/home/gyumin/mobility_ws/install/midterm_msgs/lib/python3.8/site-packages:/home/gyumin/mobility_ws/build/midterm_env:/home/gyumin/mobility_ws/install/midterm_env/lib/python3.8/site-packages:/home/gyumin/mobility_ws/build/auto_drive:/home/gyumin/mobility_ws/install/auto_drive/lib/python3.8/site-packages:/opt/ros/foxy/lib/python3.8/site-packages /usr/bin/python3 -W ignore:setup.py install is deprecated setup.py develop --editable --build-directory /home/gyumin/mobility_ws/build/midterm_env/build --no-deps symlink_data
[1.651s] INFO:colcon.colcon_core.shell:Creating environment descriptor '/home/gyumin/mobility_ws/build/midterm_env/share/midterm_env/hook/pythonpath_develop.dsv'
[1.652s] INFO:colcon.colcon_core.shell:Creating environment hook '/home/gyumin/mobility_ws/build/midterm_env/share/midterm_env/hook/pythonpath_develop.sh'
[1.652s] Level 1:colcon.colcon_core.environment:checking '/home/gyumin/mobility_ws/install/midterm_env' for CMake module files
[1.652s] Level 1:colcon.colcon_core.environment:checking '/home/gyumin/mobility_ws/install/midterm_env' for CMake config files
[1.652s] Level 1:colcon.colcon_core.environment:checking '/home/gyumin/mobility_ws/install/midterm_env/lib'
[1.652s] Level 1:colcon.colcon_core.environment:checking '/home/gyumin/mobility_ws/install/midterm_env/bin'
[1.653s] Level 1:colcon.colcon_core.environment:checking '/home/gyumin/mobility_ws/install/midterm_env/lib/pkgconfig/midterm_env.pc'
[1.653s] Level 1:colcon.colcon_core.environment:checking '/home/gyumin/mobility_ws/install/midterm_env/lib/python3.8/site-packages'
[1.653s] Level 1:colcon.colcon_core.shell:create_environment_hook('midterm_env', 'pythonpath')
[1.653s] INFO:colcon.colcon_core.shell:Creating environment hook '/home/gyumin/mobility_ws/install/midterm_env/share/midterm_env/hook/pythonpath.ps1'
[1.653s] INFO:colcon.colcon_core.shell:Creating environment descriptor '/home/gyumin/mobility_ws/install/midterm_env/share/midterm_env/hook/pythonpath.dsv'
[1.653s] INFO:colcon.colcon_core.shell:Creating environment hook '/home/gyumin/mobility_ws/install/midterm_env/share/midterm_env/hook/pythonpath.sh'
[1.654s] Level 1:colcon.colcon_core.environment:checking '/home/gyumin/mobility_ws/install/midterm_env/bin'
[1.654s] Level 1:colcon.colcon_core.environment:create_environment_scripts_only(midterm_env)
[1.654s] INFO:colcon.colcon_core.shell:Creating package script '/home/gyumin/mobility_ws/install/midterm_env/share/midterm_env/package.ps1'
[1.654s] INFO:colcon.colcon_core.shell:Creating package descriptor '/home/gyumin/mobility_ws/install/midterm_env/share/midterm_env/package.dsv'
[1.654s] INFO:colcon.colcon_core.shell:Creating package script '/home/gyumin/mobility_ws/install/midterm_env/share/midterm_env/package.sh'
[1.655s] INFO:colcon.colcon_core.shell:Creating package script '/home/gyumin/mobility_ws/install/midterm_env/share/midterm_env/package.bash'
[1.655s] INFO:colcon.colcon_core.shell:Creating package script '/home/gyumin/mobility_ws/install/midterm_env/share/midterm_env/package.zsh'
[1.655s] Level 1:colcon.colcon_core.environment:create_file_with_runtime_dependencies(/home/gyumin/mobility_ws/install/midterm_env/share/colcon-core/packages/midterm_env)
[1.656s] DEBUG:colcon.colcon_parallel_executor.executor.parallel:closing loop
[1.656s] DEBUG:colcon.colcon_parallel_executor.executor.parallel:loop closed
[1.656s] DEBUG:colcon.colcon_parallel_executor.executor.parallel:run_until_complete finished with '0'
[1.656s] DEBUG:colcon.colcon_core.event_reactor:joining thread
[1.660s] INFO:colcon.colcon_core.plugin_system:Skipping extension 'colcon_notification.desktop_notification.terminal_notifier': Not used on non-Darwin systems
[1.660s] INFO:colcon.colcon_core.plugin_system:Skipping extension 'colcon_notification.desktop_notification.win32': Not used on non-Windows systems
[1.660s] INFO:colcon.colcon_notification.desktop_notification:Sending desktop notification using 'notify2'
[1.669s] DEBUG:colcon.colcon_core.event_reactor:joined thread
[1.670s] INFO:colcon.colcon_core.shell:Creating prefix script '/home/gyumin/mobility_ws/install/local_setup.ps1'
[1.670s] INFO:colcon.colcon_core.shell:Creating prefix util module '/home/gyumin/mobility_ws/install/_local_setup_util_ps1.py'
[1.671s] INFO:colcon.colcon_core.shell:Creating prefix chain script '/home/gyumin/mobility_ws/install/setup.ps1'
[1.672s] INFO:colcon.colcon_core.shell:Creating prefix script '/home/gyumin/mobility_ws/install/local_setup.sh'
[1.672s] INFO:colcon.colcon_core.shell:Creating prefix util module '/home/gyumin/mobility_ws/install/_local_setup_util_sh.py'
[1.673s] INFO:colcon.colcon_core.shell:Creating prefix chain script '/home/gyumin/mobility_ws/install/setup.sh'
[1.673s] INFO:colcon.colcon_core.shell:Creating prefix script '/home/gyumin/mobility_ws/install/local_setup.bash'
[1.674s] INFO:colcon.colcon_core.shell:Creating prefix chain script '/home/gyumin/mobility_ws/install/setup.bash'
[1.674s] INFO:colcon.colcon_core.shell:Creating prefix script '/home/gyumin/mobility_ws/install/local_setup.zsh'
[1.675s] INFO:colcon.colcon_core.shell:Creating prefix chain script '/home/gyumin/mobility_ws/install/setup.zsh'
