[0.009s] Invoking command in '/home/gyumin/mobility_ws/build/midterm_msgs': CMAKE_PREFIX_PATH=${CMAKE_PREFIX_PATH}:/home/gyumin/mobility_ws/install/midterm_env:/home/gyumin/mobility_ws/install/auto_drive:/opt/ros/foxy /usr/bin/cmake --build /home/gyumin/mobility_ws/build/midterm_msgs -- -j8 -l8
[0.049s] [  1%] Built target midterm_msgs__cpp
[0.050s] [ 12%] Built target midterm_msgs__rosidl_generator_c
[0.066s] [ 45%] Built target midterm_msgs__rosidl_typesupport_cpp
[0.066s] [ 45%] Built target midterm_msgs__rosidl_typesupport_introspection_cpp
[0.066s] [ 46%] Built target midterm_msgs__rosidl_typesupport_introspection_c
[0.068s] [ 57%] Built target midterm_msgs__rosidl_typesupport_fastrtps_cpp
[0.081s] [ 69%] Built target midterm_msgs__rosidl_typesupport_c
[0.086s] [ 80%] Built target midterm_msgs__rosidl_typesupport_fastrtps_c
[0.099s] [ 80%] Built target midterm_msgs
[0.113s] [ 81%] Built target midterm_msgs__py
[0.133s] [ 91%] Built target midterm_msgs__python
[0.152s] [100%] Built target midterm_msgs__rosidl_typesupport_introspection_c__pyext
[0.152s] [100%] Built target midterm_msgs__rosidl_typesupport_fastrtps_c__pyext
[0.152s] [100%] Built target midterm_msgs__rosidl_typesupport_c__pyext
[0.160s] Invoked command in '/home/gyumin/mobility_ws/build/midterm_msgs' returned '0': CMAKE_PREFIX_PATH=${CMAKE_PREFIX_PATH}:/home/gyumin/mobility_ws/install/midterm_env:/home/gyumin/mobility_ws/install/auto_drive:/opt/ros/foxy /usr/bin/cmake --build /home/gyumin/mobility_ws/build/midterm_msgs -- -j8 -l8
[0.242s] Invoking command in '/home/gyumin/mobility_ws/build/midterm_msgs': CMAKE_PREFIX_PATH=${CMAKE_PREFIX_PATH}:/home/gyumin/mobility_ws/install/midterm_env:/home/gyumin/mobility_ws/install/auto_drive:/opt/ros/foxy /usr/bin/cmake --install /home/gyumin/mobility_ws/build/midterm_msgs
[0.248s] -- Install configuration: ""
[0.248s] -- Execute custom install script
[0.248s] -- Up-to-date symlink: /home/gyumin/mobility_ws/install/midterm_msgs/share/ament_index/resource_index/rosidl_interfaces/midterm_msgs
[0.249s] -- Up-to-date symlink: /home/gyumin/mobility_ws/install/midterm_msgs/include/midterm_msgs/msg/control.h
[0.249s] -- Up-to-date symlink: /home/gyumin/mobility_ws/install/midterm_msgs/include/midterm_msgs/msg/detail/control__functions.h
[0.249s] -- Up-to-date symlink: /home/gyumin/mobility_ws/install/midterm_msgs/include/midterm_msgs/msg/detail/control__struct.h
[0.249s] -- Up-to-date symlink: /home/gyumin/mobility_ws/install/midterm_msgs/include/midterm_msgs/msg/detail/control__type_support.h
[0.249s] -- Up-to-date symlink: /home/gyumin/mobility_ws/install/midterm_msgs/include/midterm_msgs/msg/detail/goal__functions.h
[0.249s] -- Up-to-date symlink: /home/gyumin/mobility_ws/install/midterm_msgs/include/midterm_msgs/msg/detail/goal__struct.h
[0.249s] -- Up-to-date symlink: /home/gyumin/mobility_ws/install/midterm_msgs/include/midterm_msgs/msg/detail/goal__type_support.h
[0.249s] -- Up-to-date symlink: /home/gyumin/mobility_ws/install/midterm_msgs/include/midterm_msgs/msg/detail/simple_gps__functions.h
[0.249s] -- Up-to-date symlink: /home/gyumin/mobility_ws/install/midterm_msgs/include/midterm_msgs/msg/detail/simple_gps__struct.h
[0.249s] -- Up-to-date symlink: /home/gyumin/mobility_ws/install/midterm_msgs/include/midterm_msgs/msg/detail/simple_gps__type_support.h
[0.250s] -- Up-to-date symlink: /home/gyumin/mobility_ws/install/midterm_msgs/include/midterm_msgs/msg/detail/simple_lidar__functions.h
[0.250s] -- Up-to-date symlink: /home/gyumin/mobility_ws/install/midterm_msgs/include/midterm_msgs/msg/detail/simple_lidar__struct.h
[0.250s] -- Up-to-date symlink: /home/gyumin/mobility_ws/install/midterm_msgs/include/midterm_msgs/msg/detail/simple_lidar__type_support.h
[0.250s] -- Up-to-date symlink: /home/gyumin/mobility_ws/install/midterm_msgs/include/midterm_msgs/msg/detail/wall__functions.h
[0.250s] -- Up-to-date symlink: /home/gyumin/mobility_ws/install/midterm_msgs/include/midterm_msgs/msg/detail/wall__struct.h
[0.250s] -- Up-to-date symlink: /home/gyumin/mobility_ws/install/midterm_msgs/include/midterm_msgs/msg/detail/wall__type_support.h
[0.250s] -- Up-to-date symlink: /home/gyumin/mobility_ws/install/midterm_msgs/include/midterm_msgs/msg/detail/wall_list__functions.h
[0.250s] -- Up-to-date symlink: /home/gyumin/mobility_ws/install/midterm_msgs/include/midterm_msgs/msg/detail/wall_list__struct.h
[0.250s] -- Up-to-date symlink: /home/gyumin/mobility_ws/install/midterm_msgs/include/midterm_msgs/msg/detail/wall_list__type_support.h
[0.250s] -- Up-to-date symlink: /home/gyumin/mobility_ws/install/midterm_msgs/include/midterm_msgs/msg/goal.h
[0.250s] -- Up-to-date symlink: /home/gyumin/mobility_ws/install/midterm_msgs/include/midterm_msgs/msg/rosidl_generator_c__visibility_control.h
[0.251s] -- Up-to-date symlink: /home/gyumin/mobility_ws/install/midterm_msgs/include/midterm_msgs/msg/simple_gps.h
[0.251s] -- Up-to-date symlink: /home/gyumin/mobility_ws/install/midterm_msgs/include/midterm_msgs/msg/simple_lidar.h
[0.251s] -- Up-to-date symlink: /home/gyumin/mobility_ws/install/midterm_msgs/include/midterm_msgs/msg/wall.h
[0.251s] -- Up-to-date symlink: /home/gyumin/mobility_ws/install/midterm_msgs/include/midterm_msgs/msg/wall_list.h
[0.251s] -- Up-to-date symlink: /home/gyumin/mobility_ws/install/midterm_msgs/share/midterm_msgs/environment/library_path.sh
[0.251s] -- Up-to-date symlink: /home/gyumin/mobility_ws/install/midterm_msgs/share/midterm_msgs/environment/library_path.dsv
[0.251s] -- Up-to-date symlink: /home/gyumin/mobility_ws/install/midterm_msgs/include/midterm_msgs/msg/detail/control__rosidl_typesupport_fastrtps_c.h
[0.251s] -- Up-to-date symlink: /home/gyumin/mobility_ws/install/midterm_msgs/include/midterm_msgs/msg/detail/goal__rosidl_typesupport_fastrtps_c.h
[0.252s] -- Up-to-date symlink: /home/gyumin/mobility_ws/install/midterm_msgs/include/midterm_msgs/msg/detail/simple_gps__rosidl_typesupport_fastrtps_c.h
[0.252s] -- Up-to-date symlink: /home/gyumin/mobility_ws/install/midterm_msgs/include/midterm_msgs/msg/detail/simple_lidar__rosidl_typesupport_fastrtps_c.h
[0.252s] -- Up-to-date symlink: /home/gyumin/mobility_ws/install/midterm_msgs/include/midterm_msgs/msg/detail/wall__rosidl_typesupport_fastrtps_c.h
[0.252s] -- Up-to-date symlink: /home/gyumin/mobility_ws/install/midterm_msgs/include/midterm_msgs/msg/detail/wall_list__rosidl_typesupport_fastrtps_c.h
[0.252s] -- Up-to-date symlink: /home/gyumin/mobility_ws/install/midterm_msgs/include/midterm_msgs/msg/rosidl_typesupport_fastrtps_c__visibility_control.h
[0.252s] -- Up-to-date symlink: /home/gyumin/mobility_ws/install/midterm_msgs/lib/libmidterm_msgs__rosidl_typesupport_fastrtps_c.so
[0.252s] -- Up-to-date symlink: /home/gyumin/mobility_ws/install/midterm_msgs/include/midterm_msgs/msg/detail/control__rosidl_typesupport_fastrtps_cpp.hpp
[0.252s] -- Up-to-date symlink: /home/gyumin/mobility_ws/install/midterm_msgs/include/midterm_msgs/msg/detail/goal__rosidl_typesupport_fastrtps_cpp.hpp
[0.253s] -- Up-to-date symlink: /home/gyumin/mobility_ws/install/midterm_msgs/include/midterm_msgs/msg/detail/simple_gps__rosidl_typesupport_fastrtps_cpp.hpp
[0.253s] -- Up-to-date symlink: /home/gyumin/mobility_ws/install/midterm_msgs/include/midterm_msgs/msg/detail/simple_lidar__rosidl_typesupport_fastrtps_cpp.hpp
[0.253s] -- Up-to-date symlink: /home/gyumin/mobility_ws/install/midterm_msgs/include/midterm_msgs/msg/detail/wall__rosidl_typesupport_fastrtps_cpp.hpp
[0.253s] -- Up-to-date symlink: /home/gyumin/mobility_ws/install/midterm_msgs/include/midterm_msgs/msg/detail/wall_list__rosidl_typesupport_fastrtps_cpp.hpp
[0.253s] -- Up-to-date symlink: /home/gyumin/mobility_ws/install/midterm_msgs/include/midterm_msgs/msg/rosidl_typesupport_fastrtps_cpp__visibility_control.h
[0.253s] -- Up-to-date symlink: /home/gyumin/mobility_ws/install/midterm_msgs/lib/libmidterm_msgs__rosidl_typesupport_fastrtps_cpp.so
[0.254s] -- Up-to-date symlink: /home/gyumin/mobility_ws/install/midterm_msgs/include/midterm_msgs/msg/detail/control__rosidl_typesupport_introspection_c.h
[0.254s] -- Up-to-date symlink: /home/gyumin/mobility_ws/install/midterm_msgs/include/midterm_msgs/msg/detail/goal__rosidl_typesupport_introspection_c.h
[0.254s] -- Up-to-date symlink: /home/gyumin/mobility_ws/install/midterm_msgs/include/midterm_msgs/msg/detail/simple_gps__rosidl_typesupport_introspection_c.h
[0.254s] -- Up-to-date symlink: /home/gyumin/mobility_ws/install/midterm_msgs/include/midterm_msgs/msg/detail/simple_lidar__rosidl_typesupport_introspection_c.h
[0.254s] -- Up-to-date symlink: /home/gyumin/mobility_ws/install/midterm_msgs/include/midterm_msgs/msg/detail/wall__rosidl_typesupport_introspection_c.h
[0.254s] -- Up-to-date symlink: /home/gyumin/mobility_ws/install/midterm_msgs/include/midterm_msgs/msg/detail/wall_list__rosidl_typesupport_introspection_c.h
[0.254s] -- Up-to-date symlink: /home/gyumin/mobility_ws/install/midterm_msgs/include/midterm_msgs/msg/rosidl_typesupport_introspection_c__visibility_control.h
[0.254s] -- Up-to-date symlink: /home/gyumin/mobility_ws/install/midterm_msgs/include/midterm_msgs/msg/control.hpp
[0.255s] -- Up-to-date symlink: /home/gyumin/mobility_ws/install/midterm_msgs/include/midterm_msgs/msg/detail/control__builder.hpp
[0.255s] -- Up-to-date symlink: /home/gyumin/mobility_ws/install/midterm_msgs/include/midterm_msgs/msg/detail/control__struct.hpp
[0.255s] -- Up-to-date symlink: /home/gyumin/mobility_ws/install/midterm_msgs/include/midterm_msgs/msg/detail/control__traits.hpp
[0.255s] -- Up-to-date symlink: /home/gyumin/mobility_ws/install/midterm_msgs/include/midterm_msgs/msg/detail/control__type_support.hpp
[0.255s] -- Up-to-date symlink: /home/gyumin/mobility_ws/install/midterm_msgs/include/midterm_msgs/msg/detail/goal__builder.hpp
[0.255s] -- Up-to-date symlink: /home/gyumin/mobility_ws/install/midterm_msgs/include/midterm_msgs/msg/detail/goal__struct.hpp
[0.255s] -- Up-to-date symlink: /home/gyumin/mobility_ws/install/midterm_msgs/include/midterm_msgs/msg/detail/goal__traits.hpp
[0.255s] -- Up-to-date symlink: /home/gyumin/mobility_ws/install/midterm_msgs/include/midterm_msgs/msg/detail/goal__type_support.hpp
[0.255s] -- Up-to-date symlink: /home/gyumin/mobility_ws/install/midterm_msgs/include/midterm_msgs/msg/detail/simple_gps__builder.hpp
[0.255s] -- Up-to-date symlink: /home/gyumin/mobility_ws/install/midterm_msgs/include/midterm_msgs/msg/detail/simple_gps__struct.hpp
[0.255s] -- Up-to-date symlink: /home/gyumin/mobility_ws/install/midterm_msgs/include/midterm_msgs/msg/detail/simple_gps__traits.hpp
[0.255s] -- Up-to-date symlink: /home/gyumin/mobility_ws/install/midterm_msgs/include/midterm_msgs/msg/detail/simple_gps__type_support.hpp
[0.255s] -- Up-to-date symlink: /home/gyumin/mobility_ws/install/midterm_msgs/include/midterm_msgs/msg/detail/simple_lidar__builder.hpp
[0.256s] -- Up-to-date symlink: /home/gyumin/mobility_ws/install/midterm_msgs/include/midterm_msgs/msg/detail/simple_lidar__struct.hpp
[0.256s] -- Up-to-date symlink: /home/gyumin/mobility_ws/install/midterm_msgs/include/midterm_msgs/msg/detail/simple_lidar__traits.hpp
[0.256s] -- Up-to-date symlink: /home/gyumin/mobility_ws/install/midterm_msgs/include/midterm_msgs/msg/detail/simple_lidar__type_support.hpp
[0.256s] -- Up-to-date symlink: /home/gyumin/mobility_ws/install/midterm_msgs/include/midterm_msgs/msg/detail/wall__builder.hpp
[0.256s] -- Up-to-date symlink: /home/gyumin/mobility_ws/install/midterm_msgs/include/midterm_msgs/msg/detail/wall__struct.hpp
[0.256s] -- Up-to-date symlink: /home/gyumin/mobility_ws/install/midterm_msgs/include/midterm_msgs/msg/detail/wall__traits.hpp
[0.256s] -- Up-to-date symlink: /home/gyumin/mobility_ws/install/midterm_msgs/include/midterm_msgs/msg/detail/wall__type_support.hpp
[0.256s] -- Up-to-date symlink: /home/gyumin/mobility_ws/install/midterm_msgs/include/midterm_msgs/msg/detail/wall_list__builder.hpp
[0.256s] -- Up-to-date symlink: /home/gyumin/mobility_ws/install/midterm_msgs/include/midterm_msgs/msg/detail/wall_list__struct.hpp
[0.256s] -- Up-to-date symlink: /home/gyumin/mobility_ws/install/midterm_msgs/include/midterm_msgs/msg/detail/wall_list__traits.hpp
[0.256s] -- Up-to-date symlink: /home/gyumin/mobility_ws/install/midterm_msgs/include/midterm_msgs/msg/detail/wall_list__type_support.hpp
[0.256s] -- Up-to-date symlink: /home/gyumin/mobility_ws/install/midterm_msgs/include/midterm_msgs/msg/goal.hpp
[0.256s] -- Up-to-date symlink: /home/gyumin/mobility_ws/install/midterm_msgs/include/midterm_msgs/msg/rosidl_generator_cpp__visibility_control.hpp
[0.257s] -- Up-to-date symlink: /home/gyumin/mobility_ws/install/midterm_msgs/include/midterm_msgs/msg/simple_gps.hpp
[0.257s] -- Up-to-date symlink: /home/gyumin/mobility_ws/install/midterm_msgs/include/midterm_msgs/msg/simple_lidar.hpp
[0.257s] -- Up-to-date symlink: /home/gyumin/mobility_ws/install/midterm_msgs/include/midterm_msgs/msg/wall.hpp
[0.257s] -- Up-to-date symlink: /home/gyumin/mobility_ws/install/midterm_msgs/include/midterm_msgs/msg/wall_list.hpp
[0.257s] -- Up-to-date symlink: /home/gyumin/mobility_ws/install/midterm_msgs/include/midterm_msgs/msg/detail/control__rosidl_typesupport_introspection_cpp.hpp
[0.257s] -- Up-to-date symlink: /home/gyumin/mobility_ws/install/midterm_msgs/include/midterm_msgs/msg/detail/goal__rosidl_typesupport_introspection_cpp.hpp
[0.257s] -- Up-to-date symlink: /home/gyumin/mobility_ws/install/midterm_msgs/include/midterm_msgs/msg/detail/simple_gps__rosidl_typesupport_introspection_cpp.hpp
[0.257s] -- Up-to-date symlink: /home/gyumin/mobility_ws/install/midterm_msgs/include/midterm_msgs/msg/detail/simple_lidar__rosidl_typesupport_introspection_cpp.hpp
[0.257s] -- Up-to-date symlink: /home/gyumin/mobility_ws/install/midterm_msgs/include/midterm_msgs/msg/detail/wall__rosidl_typesupport_introspection_cpp.hpp
[0.258s] -- Up-to-date symlink: /home/gyumin/mobility_ws/install/midterm_msgs/include/midterm_msgs/msg/detail/wall_list__rosidl_typesupport_introspection_cpp.hpp
[0.258s] -- Up-to-date symlink: /home/gyumin/mobility_ws/install/midterm_msgs/share/midterm_msgs/environment/pythonpath.sh
[0.258s] -- Up-to-date symlink: /home/gyumin/mobility_ws/install/midterm_msgs/share/midterm_msgs/environment/pythonpath.dsv
[0.258s] -- Up-to-date symlink: /home/gyumin/mobility_ws/install/midterm_msgs/lib/python3.8/site-packages/midterm_msgs/__init__.py
[0.258s] -- Up-to-date symlink: /home/gyumin/mobility_ws/install/midterm_msgs/lib/python3.8/site-packages/midterm_msgs/msg/__init__.py
[0.258s] -- Up-to-date symlink: /home/gyumin/mobility_ws/install/midterm_msgs/lib/python3.8/site-packages/midterm_msgs/msg/_control.py
[0.259s] -- Up-to-date symlink: /home/gyumin/mobility_ws/install/midterm_msgs/lib/python3.8/site-packages/midterm_msgs/msg/_goal.py
[0.259s] -- Up-to-date symlink: /home/gyumin/mobility_ws/install/midterm_msgs/lib/python3.8/site-packages/midterm_msgs/msg/_simple_gps.py
[0.259s] -- Up-to-date symlink: /home/gyumin/mobility_ws/install/midterm_msgs/lib/python3.8/site-packages/midterm_msgs/msg/_simple_lidar.py
[0.259s] -- Up-to-date symlink: /home/gyumin/mobility_ws/install/midterm_msgs/lib/python3.8/site-packages/midterm_msgs/msg/_wall.py
[0.259s] -- Up-to-date symlink: /home/gyumin/mobility_ws/install/midterm_msgs/lib/python3.8/site-packages/midterm_msgs/msg/_wall_list.py
[0.259s] -- Up-to-date symlink: /home/gyumin/mobility_ws/install/midterm_msgs/lib/python3.8/site-packages/midterm_msgs/midterm_msgs_s__rosidl_typesupport_fastrtps_c.cpython-38-x86_64-linux-gnu.so
[0.259s] -- Up-to-date symlink: /home/gyumin/mobility_ws/install/midterm_msgs/lib/python3.8/site-packages/midterm_msgs/midterm_msgs_s__rosidl_typesupport_introspection_c.cpython-38-x86_64-linux-gnu.so
[0.259s] -- Up-to-date symlink: /home/gyumin/mobility_ws/install/midterm_msgs/lib/python3.8/site-packages/midterm_msgs/midterm_msgs_s__rosidl_typesupport_c.cpython-38-x86_64-linux-gnu.so
[0.260s] -- Up-to-date symlink: /home/gyumin/mobility_ws/install/midterm_msgs/lib/libmidterm_msgs__python.so
[0.260s] -- Up-to-date symlink: /home/gyumin/mobility_ws/install/midterm_msgs/share/midterm_msgs/msg/Wall.idl
[0.260s] -- Up-to-date symlink: /home/gyumin/mobility_ws/install/midterm_msgs/share/midterm_msgs/msg/Goal.idl
[0.260s] -- Up-to-date symlink: /home/gyumin/mobility_ws/install/midterm_msgs/share/midterm_msgs/msg/SimpleGPS.idl
[0.260s] -- Up-to-date symlink: /home/gyumin/mobility_ws/install/midterm_msgs/share/midterm_msgs/msg/SimpleLidar.idl
[0.260s] -- Up-to-date symlink: /home/gyumin/mobility_ws/install/midterm_msgs/share/midterm_msgs/msg/WallList.idl
[0.260s] -- Up-to-date symlink: /home/gyumin/mobility_ws/install/midterm_msgs/share/midterm_msgs/msg/Control.idl
[0.261s] -- Up-to-date symlink: /home/gyumin/mobility_ws/install/midterm_msgs/share/midterm_msgs/msg/Wall.msg
[0.261s] -- Up-to-date symlink: /home/gyumin/mobility_ws/install/midterm_msgs/share/midterm_msgs/msg/Goal.msg
[0.261s] -- Up-to-date symlink: /home/gyumin/mobility_ws/install/midterm_msgs/share/midterm_msgs/msg/SimpleGPS.msg
[0.261s] -- Up-to-date symlink: /home/gyumin/mobility_ws/install/midterm_msgs/share/midterm_msgs/msg/SimpleLidar.msg
[0.261s] -- Up-to-date symlink: /home/gyumin/mobility_ws/install/midterm_msgs/share/midterm_msgs/msg/WallList.msg
[0.261s] -- Up-to-date symlink: /home/gyumin/mobility_ws/install/midterm_msgs/share/midterm_msgs/msg/Control.msg
[0.261s] -- Up-to-date symlink: /home/gyumin/mobility_ws/install/midterm_msgs/share/ament_index/resource_index/package_run_dependencies/midterm_msgs
[0.262s] -- Up-to-date symlink: /home/gyumin/mobility_ws/install/midterm_msgs/share/ament_index/resource_index/parent_prefix_path/midterm_msgs
[0.262s] -- Up-to-date symlink: /home/gyumin/mobility_ws/install/midterm_msgs/share/midterm_msgs/environment/ament_prefix_path.sh
[0.262s] -- Up-to-date symlink: /home/gyumin/mobility_ws/install/midterm_msgs/share/midterm_msgs/environment/ament_prefix_path.dsv
[0.262s] -- Up-to-date symlink: /home/gyumin/mobility_ws/install/midterm_msgs/share/midterm_msgs/environment/path.sh
[0.262s] -- Up-to-date symlink: /home/gyumin/mobility_ws/install/midterm_msgs/share/midterm_msgs/environment/path.dsv
[0.262s] -- Up-to-date symlink: /home/gyumin/mobility_ws/install/midterm_msgs/share/midterm_msgs/local_setup.bash
[0.262s] -- Up-to-date symlink: /home/gyumin/mobility_ws/install/midterm_msgs/share/midterm_msgs/local_setup.sh
[0.262s] -- Up-to-date symlink: /home/gyumin/mobility_ws/install/midterm_msgs/share/midterm_msgs/local_setup.zsh
[0.263s] -- Up-to-date symlink: /home/gyumin/mobility_ws/install/midterm_msgs/share/midterm_msgs/local_setup.dsv
[0.263s] -- Symlinking: /home/gyumin/mobility_ws/install/midterm_msgs/share/midterm_msgs/package.dsv
[0.269s] -- Up-to-date symlink: /home/gyumin/mobility_ws/install/midterm_msgs/share/ament_index/resource_index/packages/midterm_msgs
[0.269s] -- Up-to-date symlink: /home/gyumin/mobility_ws/install/midterm_msgs/share/midterm_msgs/cmake/rosidl_cmake-extras.cmake
[0.269s] -- Up-to-date symlink: /home/gyumin/mobility_ws/install/midterm_msgs/share/midterm_msgs/cmake/ament_cmake_export_dependencies-extras.cmake
[0.269s] -- Up-to-date symlink: /home/gyumin/mobility_ws/install/midterm_msgs/share/midterm_msgs/cmake/ament_cmake_export_libraries-extras.cmake
[0.269s] -- Up-to-date symlink: /home/gyumin/mobility_ws/install/midterm_msgs/share/midterm_msgs/cmake/ament_cmake_export_targets-extras.cmake
[0.270s] -- Up-to-date symlink: /home/gyumin/mobility_ws/install/midterm_msgs/share/midterm_msgs/cmake/ament_cmake_export_include_directories-extras.cmake
[0.270s] -- Up-to-date symlink: /home/gyumin/mobility_ws/install/midterm_msgs/share/midterm_msgs/cmake/rosidl_cmake_export_typesupport_libraries-extras.cmake
[0.278s] -- Up-to-date symlink: /home/gyumin/mobility_ws/install/midterm_msgs/share/midterm_msgs/cmake/rosidl_cmake_export_typesupport_targets-extras.cmake
[0.278s] -- Up-to-date symlink: /home/gyumin/mobility_ws/install/midterm_msgs/share/midterm_msgs/cmake/midterm_msgsConfig.cmake
[0.278s] -- Up-to-date symlink: /home/gyumin/mobility_ws/install/midterm_msgs/share/midterm_msgs/cmake/midterm_msgsConfig-version.cmake
[0.278s] -- Up-to-date symlink: /home/gyumin/mobility_ws/install/midterm_msgs/share/midterm_msgs/package.xml
[0.278s] -- Up-to-date: /home/gyumin/mobility_ws/install/midterm_msgs/lib/libmidterm_msgs__rosidl_generator_c.so
[0.278s] -- Up-to-date: /home/gyumin/mobility_ws/install/midterm_msgs/lib/libmidterm_msgs__rosidl_typesupport_introspection_c.so
[0.278s] -- Up-to-date: /home/gyumin/mobility_ws/install/midterm_msgs/lib/libmidterm_msgs__rosidl_typesupport_c.so
[0.278s] -- Up-to-date: /home/gyumin/mobility_ws/install/midterm_msgs/lib/libmidterm_msgs__rosidl_typesupport_introspection_cpp.so
[0.278s] -- Up-to-date: /home/gyumin/mobility_ws/install/midterm_msgs/lib/libmidterm_msgs__rosidl_typesupport_cpp.so
[0.295s] -- Up-to-date: /home/gyumin/mobility_ws/install/midterm_msgs/share/midterm_msgs/cmake/midterm_msgs__rosidl_generator_cExport.cmake
[0.295s] -- Up-to-date: /home/gyumin/mobility_ws/install/midterm_msgs/share/midterm_msgs/cmake/midterm_msgs__rosidl_generator_cExport-noconfig.cmake
[0.295s] -- Up-to-date: /home/gyumin/mobility_ws/install/midterm_msgs/share/midterm_msgs/cmake/midterm_msgs__rosidl_typesupport_introspection_cExport.cmake
[0.295s] -- Up-to-date: /home/gyumin/mobility_ws/install/midterm_msgs/share/midterm_msgs/cmake/midterm_msgs__rosidl_typesupport_introspection_cExport-noconfig.cmake
[0.295s] -- Up-to-date: /home/gyumin/mobility_ws/install/midterm_msgs/share/midterm_msgs/cmake/midterm_msgs__rosidl_typesupport_cExport.cmake
[0.295s] -- Up-to-date: /home/gyumin/mobility_ws/install/midterm_msgs/share/midterm_msgs/cmake/midterm_msgs__rosidl_typesupport_cExport-noconfig.cmake
[0.295s] -- Up-to-date: /home/gyumin/mobility_ws/install/midterm_msgs/share/midterm_msgs/cmake/midterm_msgs__rosidl_generator_cppExport.cmake
[0.296s] -- Up-to-date: /home/gyumin/mobility_ws/install/midterm_msgs/share/midterm_msgs/cmake/midterm_msgs__rosidl_typesupport_introspection_cppExport.cmake
[0.296s] -- Up-to-date: /home/gyumin/mobility_ws/install/midterm_msgs/share/midterm_msgs/cmake/midterm_msgs__rosidl_typesupport_introspection_cppExport-noconfig.cmake
[0.296s] -- Up-to-date: /home/gyumin/mobility_ws/install/midterm_msgs/share/midterm_msgs/cmake/midterm_msgs__rosidl_typesupport_cppExport.cmake
[0.296s] -- Up-to-date: /home/gyumin/mobility_ws/install/midterm_msgs/share/midterm_msgs/cmake/midterm_msgs__rosidl_typesupport_cppExport-noconfig.cmake
[0.297s] Invoked command in '/home/gyumin/mobility_ws/build/midterm_msgs' returned '0': CMAKE_PREFIX_PATH=${CMAKE_PREFIX_PATH}:/home/gyumin/mobility_ws/install/midterm_env:/home/gyumin/mobility_ws/install/auto_drive:/opt/ros/foxy /usr/bin/cmake --install /home/gyumin/mobility_ws/build/midterm_msgs
