[0.126s] DEBUG:colcon:Command line arguments: ['/usr/bin/colcon', 'build', '--symlink-install']
[0.126s] DEBUG:colcon:Parsed command line arguments: Namespace(allow_overriding=[], ament_cmake_args=None, base_paths=['.'], build_base='build', catkin_cmake_args=None, catkin_skip_building_tests=False, cmake_args=None, cmake_clean_cache=False, cmake_clean_first=False, cmake_force_configure=False, cmake_target=None, cmake_target_skip_unavailable=False, continue_on_error=False, event_handlers=None, executor='parallel', ignore_user_meta=False, install_base='install', log_base=None, log_level=None, main=<bound method BuildVerb.main of <colcon_core.verb.build.BuildVerb object at 0x7f8b86c007c0>>, merge_install=False, metas=['./colcon.meta'], packages_above=None, packages_above_and_dependencies=None, packages_above_depth=None, packages_end=None, packages_ignore=None, packages_ignore_regex=None, packages_select=None, packages_select_build_failed=False, packages_select_by_dep=None, packages_select_regex=None, packages_select_test_failures=False, packages_skip=None, packages_skip_build_finished=False, packages_skip_by_dep=None, packages_skip_regex=None, packages_skip_test_passed=False, packages_skip_up_to=None, packages_start=None, packages_up_to=None, packages_up_to_regex=None, parallel_workers=8, paths=None, symlink_install=True, test_result_base=None, verb_extension=<colcon_core.verb.build.BuildVerb object at 0x7f8b86c007c0>, verb_name='build', verb_parser=<colcon_defaults.argument_parser.defaults.DefaultArgumentsDecorator object at 0x7f8b86c00ca0>)
[0.223s] Level 1:colcon.colcon_core.package_discovery:discover_packages(colcon_meta) check parameters
[0.223s] Level 1:colcon.colcon_core.package_discovery:discover_packages(recursive) check parameters
[0.223s] Level 1:colcon.colcon_core.package_discovery:discover_packages(ignore) check parameters
[0.223s] Level 1:colcon.colcon_core.package_discovery:discover_packages(path) check parameters
[0.223s] Level 1:colcon.colcon_core.package_discovery:discover_packages(colcon_meta) discover
[0.223s] Level 1:colcon.colcon_core.package_discovery:discover_packages(recursive) discover
[0.223s] INFO:colcon.colcon_core.package_discovery:Crawling recursively for packages in '/home/gyumin/mobility_ws'
[0.223s] Level 1:colcon.colcon_core.package_identification:_identify(.) by extensions ['ignore', 'ignore_ament_install']
[0.224s] Level 1:colcon.colcon_core.package_identification:_identify(.) by extension 'ignore'
[0.224s] Level 1:colcon.colcon_core.package_identification:_identify(.) by extension 'ignore_ament_install'
[0.224s] Level 1:colcon.colcon_core.package_identification:_identify(.) by extensions ['colcon_pkg']
[0.224s] Level 1:colcon.colcon_core.package_identification:_identify(.) by extension 'colcon_pkg'
[0.224s] Level 1:colcon.colcon_core.package_identification:_identify(.) by extensions ['colcon_meta']
[0.224s] Level 1:colcon.colcon_core.package_identification:_identify(.) by extension 'colcon_meta'
[0.224s] Level 1:colcon.colcon_core.package_identification:_identify(.) by extensions ['ros']
[0.224s] Level 1:colcon.colcon_core.package_identification:_identify(.) by extension 'ros'
[0.231s] Level 1:colcon.colcon_core.package_identification:_identify(.) by extensions ['cmake', 'python']
[0.231s] Level 1:colcon.colcon_core.package_identification:_identify(.) by extension 'cmake'
[0.231s] Level 1:colcon.colcon_core.package_identification:_identify(.) by extension 'python'
[0.231s] Level 1:colcon.colcon_core.package_identification:_identify(.) by extensions ['python_setup_py']
[0.231s] Level 1:colcon.colcon_core.package_identification:_identify(.) by extension 'python_setup_py'
[0.231s] Level 1:colcon.colcon_core.package_identification:_identify(build) by extensions ['ignore', 'ignore_ament_install']
[0.231s] Level 1:colcon.colcon_core.package_identification:_identify(build) by extension 'ignore'
[0.231s] Level 1:colcon.colcon_core.package_identification:_identify(build) ignored
[0.231s] Level 1:colcon.colcon_core.package_identification:_identify(install) by extensions ['ignore', 'ignore_ament_install']
[0.231s] Level 1:colcon.colcon_core.package_identification:_identify(install) by extension 'ignore'
[0.231s] Level 1:colcon.colcon_core.package_identification:_identify(install) ignored
[0.231s] Level 1:colcon.colcon_core.package_identification:_identify(log) by extensions ['ignore', 'ignore_ament_install']
[0.231s] Level 1:colcon.colcon_core.package_identification:_identify(log) by extension 'ignore'
[0.231s] Level 1:colcon.colcon_core.package_identification:_identify(log) ignored
[0.231s] Level 1:colcon.colcon_core.package_identification:_identify(src) by extensions ['ignore', 'ignore_ament_install']
[0.231s] Level 1:colcon.colcon_core.package_identification:_identify(src) by extension 'ignore'
[0.231s] Level 1:colcon.colcon_core.package_identification:_identify(src) by extension 'ignore_ament_install'
[0.231s] Level 1:colcon.colcon_core.package_identification:_identify(src) by extensions ['colcon_pkg']
[0.231s] Level 1:colcon.colcon_core.package_identification:_identify(src) by extension 'colcon_pkg'
[0.231s] Level 1:colcon.colcon_core.package_identification:_identify(src) by extensions ['colcon_meta']
[0.231s] Level 1:colcon.colcon_core.package_identification:_identify(src) by extension 'colcon_meta'
[0.231s] Level 1:colcon.colcon_core.package_identification:_identify(src) by extensions ['ros']
[0.231s] Level 1:colcon.colcon_core.package_identification:_identify(src) by extension 'ros'
[0.231s] Level 1:colcon.colcon_core.package_identification:_identify(src) by extensions ['cmake', 'python']
[0.231s] Level 1:colcon.colcon_core.package_identification:_identify(src) by extension 'cmake'
[0.232s] Level 1:colcon.colcon_core.package_identification:_identify(src) by extension 'python'
[0.232s] Level 1:colcon.colcon_core.package_identification:_identify(src) by extensions ['python_setup_py']
[0.232s] Level 1:colcon.colcon_core.package_identification:_identify(src) by extension 'python_setup_py'
[0.232s] Level 1:colcon.colcon_core.package_identification:_identify(src/auto_drive) by extensions ['ignore', 'ignore_ament_install']
[0.232s] Level 1:colcon.colcon_core.package_identification:_identify(src/auto_drive) by extension 'ignore'
[0.232s] Level 1:colcon.colcon_core.package_identification:_identify(src/auto_drive) by extension 'ignore_ament_install'
[0.232s] Level 1:colcon.colcon_core.package_identification:_identify(src/auto_drive) by extensions ['colcon_pkg']
[0.232s] Level 1:colcon.colcon_core.package_identification:_identify(src/auto_drive) by extension 'colcon_pkg'
[0.232s] Level 1:colcon.colcon_core.package_identification:_identify(src/auto_drive) by extensions ['colcon_meta']
[0.232s] Level 1:colcon.colcon_core.package_identification:_identify(src/auto_drive) by extension 'colcon_meta'
[0.232s] Level 1:colcon.colcon_core.package_identification:_identify(src/auto_drive) by extensions ['ros']
[0.232s] Level 1:colcon.colcon_core.package_identification:_identify(src/auto_drive) by extension 'ros'
[0.233s] DEBUG:colcon.colcon_core.package_identification:Package 'src/auto_drive' with type 'ros.ament_python' and name 'auto_drive'
[0.234s] Level 1:colcon.colcon_core.package_identification:_identify(src/midterm_env) by extensions ['ignore', 'ignore_ament_install']
[0.234s] Level 1:colcon.colcon_core.package_identification:_identify(src/midterm_env) by extension 'ignore'
[0.234s] Level 1:colcon.colcon_core.package_identification:_identify(src/midterm_env) by extension 'ignore_ament_install'
[0.234s] Level 1:colcon.colcon_core.package_identification:_identify(src/midterm_env) by extensions ['colcon_pkg']
[0.234s] Level 1:colcon.colcon_core.package_identification:_identify(src/midterm_env) by extension 'colcon_pkg'
[0.234s] Level 1:colcon.colcon_core.package_identification:_identify(src/midterm_env) by extensions ['colcon_meta']
[0.234s] Level 1:colcon.colcon_core.package_identification:_identify(src/midterm_env) by extension 'colcon_meta'
[0.234s] Level 1:colcon.colcon_core.package_identification:_identify(src/midterm_env) by extensions ['ros']
[0.234s] Level 1:colcon.colcon_core.package_identification:_identify(src/midterm_env) by extension 'ros'
[0.234s] DEBUG:colcon.colcon_core.package_identification:Package 'src/midterm_env' with type 'ros.ament_python' and name 'midterm_env'
[0.234s] Level 1:colcon.colcon_core.package_identification:_identify(src/midterm_msgs) by extensions ['ignore', 'ignore_ament_install']
[0.234s] Level 1:colcon.colcon_core.package_identification:_identify(src/midterm_msgs) by extension 'ignore'
[0.234s] Level 1:colcon.colcon_core.package_identification:_identify(src/midterm_msgs) by extension 'ignore_ament_install'
[0.234s] Level 1:colcon.colcon_core.package_identification:_identify(src/midterm_msgs) by extensions ['colcon_pkg']
[0.234s] Level 1:colcon.colcon_core.package_identification:_identify(src/midterm_msgs) by extension 'colcon_pkg'
[0.234s] Level 1:colcon.colcon_core.package_identification:_identify(src/midterm_msgs) by extensions ['colcon_meta']
[0.234s] Level 1:colcon.colcon_core.package_identification:_identify(src/midterm_msgs) by extension 'colcon_meta'
[0.235s] Level 1:colcon.colcon_core.package_identification:_identify(src/midterm_msgs) by extensions ['ros']
[0.235s] Level 1:colcon.colcon_core.package_identification:_identify(src/midterm_msgs) by extension 'ros'
[0.235s] DEBUG:colcon.colcon_core.package_identification:Package 'src/midterm_msgs' with type 'ros.ament_cmake' and name 'midterm_msgs'
[0.235s] Level 1:colcon.colcon_core.package_discovery:discover_packages(recursive) using defaults
[0.235s] Level 1:colcon.colcon_core.package_discovery:discover_packages(ignore) discover
[0.235s] Level 1:colcon.colcon_core.package_discovery:discover_packages(ignore) using defaults
[0.235s] Level 1:colcon.colcon_core.package_discovery:discover_packages(path) discover
[0.235s] Level 1:colcon.colcon_core.package_discovery:discover_packages(path) using defaults
[0.245s] Level 1:colcon.colcon_core.package_discovery:discover_packages(prefix_path) check parameters
[0.245s] Level 1:colcon.colcon_core.package_discovery:discover_packages(prefix_path) discover
[0.246s] DEBUG:colcon.colcon_installed_package_information.package_discovery:Found 3 installed packages in /home/gyumin/mobility_ws/install
[0.247s] DEBUG:colcon.colcon_installed_package_information.package_discovery:Found 256 installed packages in /opt/ros/foxy
[0.254s] Level 1:colcon.colcon_core.package_discovery:discover_packages(prefix_path) using defaults
[0.287s] Level 5:colcon.colcon_core.verb:set package 'midterm_msgs' build argument 'cmake_args' from command line to 'None'
[0.287s] Level 5:colcon.colcon_core.verb:set package 'midterm_msgs' build argument 'cmake_target' from command line to 'None'
[0.287s] Level 5:colcon.colcon_core.verb:set package 'midterm_msgs' build argument 'cmake_target_skip_unavailable' from command line to 'False'
[0.287s] Level 5:colcon.colcon_core.verb:set package 'midterm_msgs' build argument 'cmake_clean_cache' from command line to 'False'
[0.287s] Level 5:colcon.colcon_core.verb:set package 'midterm_msgs' build argument 'cmake_clean_first' from command line to 'False'
[0.287s] Level 5:colcon.colcon_core.verb:set package 'midterm_msgs' build argument 'cmake_force_configure' from command line to 'False'
[0.287s] Level 5:colcon.colcon_core.verb:set package 'midterm_msgs' build argument 'ament_cmake_args' from command line to 'None'
[0.287s] Level 5:colcon.colcon_core.verb:set package 'midterm_msgs' build argument 'catkin_cmake_args' from command line to 'None'
[0.287s] Level 5:colcon.colcon_core.verb:set package 'midterm_msgs' build argument 'catkin_skip_building_tests' from command line to 'False'
[0.287s] DEBUG:colcon.colcon_core.verb:Building package 'midterm_msgs' with the following arguments: {'ament_cmake_args': None, 'build_base': '/home/gyumin/mobility_ws/build/midterm_msgs', 'catkin_cmake_args': None, 'catkin_skip_building_tests': False, 'cmake_args': None, 'cmake_clean_cache': False, 'cmake_clean_first': False, 'cmake_force_configure': False, 'cmake_target': None, 'cmake_target_skip_unavailable': False, 'install_base': '/home/gyumin/mobility_ws/install/midterm_msgs', 'merge_install': False, 'path': '/home/gyumin/mobility_ws/src/midterm_msgs', 'symlink_install': True, 'test_result_base': None}
[0.287s] Level 5:colcon.colcon_core.verb:set package 'auto_drive' build argument 'cmake_args' from command line to 'None'
[0.287s] Level 5:colcon.colcon_core.verb:set package 'auto_drive' build argument 'cmake_target' from command line to 'None'
[0.287s] Level 5:colcon.colcon_core.verb:set package 'auto_drive' build argument 'cmake_target_skip_unavailable' from command line to 'False'
[0.287s] Level 5:colcon.colcon_core.verb:set package 'auto_drive' build argument 'cmake_clean_cache' from command line to 'False'
[0.287s] Level 5:colcon.colcon_core.verb:set package 'auto_drive' build argument 'cmake_clean_first' from command line to 'False'
[0.287s] Level 5:colcon.colcon_core.verb:set package 'auto_drive' build argument 'cmake_force_configure' from command line to 'False'
[0.287s] Level 5:colcon.colcon_core.verb:set package 'auto_drive' build argument 'ament_cmake_args' from command line to 'None'
[0.287s] Level 5:colcon.colcon_core.verb:set package 'auto_drive' build argument 'catkin_cmake_args' from command line to 'None'
[0.287s] Level 5:colcon.colcon_core.verb:set package 'auto_drive' build argument 'catkin_skip_building_tests' from command line to 'False'
[0.287s] DEBUG:colcon.colcon_core.verb:Building package 'auto_drive' with the following arguments: {'ament_cmake_args': None, 'build_base': '/home/gyumin/mobility_ws/build/auto_drive', 'catkin_cmake_args': None, 'catkin_skip_building_tests': False, 'cmake_args': None, 'cmake_clean_cache': False, 'cmake_clean_first': False, 'cmake_force_configure': False, 'cmake_target': None, 'cmake_target_skip_unavailable': False, 'install_base': '/home/gyumin/mobility_ws/install/auto_drive', 'merge_install': False, 'path': '/home/gyumin/mobility_ws/src/auto_drive', 'symlink_install': True, 'test_result_base': None}
[0.287s] Level 5:colcon.colcon_core.verb:set package 'midterm_env' build argument 'cmake_args' from command line to 'None'
[0.287s] Level 5:colcon.colcon_core.verb:set package 'midterm_env' build argument 'cmake_target' from command line to 'None'
[0.288s] Level 5:colcon.colcon_core.verb:set package 'midterm_env' build argument 'cmake_target_skip_unavailable' from command line to 'False'
[0.288s] Level 5:colcon.colcon_core.verb:set package 'midterm_env' build argument 'cmake_clean_cache' from command line to 'False'
[0.288s] Level 5:colcon.colcon_core.verb:set package 'midterm_env' build argument 'cmake_clean_first' from command line to 'False'
[0.288s] Level 5:colcon.colcon_core.verb:set package 'midterm_env' build argument 'cmake_force_configure' from command line to 'False'
[0.288s] Level 5:colcon.colcon_core.verb:set package 'midterm_env' build argument 'ament_cmake_args' from command line to 'None'
[0.288s] Level 5:colcon.colcon_core.verb:set package 'midterm_env' build argument 'catkin_cmake_args' from command line to 'None'
[0.288s] Level 5:colcon.colcon_core.verb:set package 'midterm_env' build argument 'catkin_skip_building_tests' from command line to 'False'
[0.288s] DEBUG:colcon.colcon_core.verb:Building package 'midterm_env' with the following arguments: {'ament_cmake_args': None, 'build_base': '/home/gyumin/mobility_ws/build/midterm_env', 'catkin_cmake_args': None, 'catkin_skip_building_tests': False, 'cmake_args': None, 'cmake_clean_cache': False, 'cmake_clean_first': False, 'cmake_force_configure': False, 'cmake_target': None, 'cmake_target_skip_unavailable': False, 'install_base': '/home/gyumin/mobility_ws/install/midterm_env', 'merge_install': False, 'path': '/home/gyumin/mobility_ws/src/midterm_env', 'symlink_install': True, 'test_result_base': None}
[0.288s] INFO:colcon.colcon_core.executor:Executing jobs using 'parallel' executor
[0.288s] DEBUG:colcon.colcon_parallel_executor.executor.parallel:run_until_complete
[0.288s] INFO:colcon.colcon_ros.task.ament_cmake.build:Building ROS package in '/home/gyumin/mobility_ws/src/midterm_msgs' with build type 'ament_cmake'
[0.289s] INFO:colcon.colcon_cmake.task.cmake.build:Building CMake package in '/home/gyumin/mobility_ws/src/midterm_msgs'
[0.290s] INFO:colcon.colcon_core.plugin_system:Skipping extension 'colcon_core.shell.bat': Not used on non-Windows systems
[0.290s] INFO:colcon.colcon_core.shell:Skip shell extension 'powershell' for command environment: Not usable outside of PowerShell
[0.290s] DEBUG:colcon.colcon_core.shell:Skip shell extension 'dsv' for command environment
[0.298s] DEBUG:colcon.colcon_core.event_handler.log_command:Invoking command in '/home/gyumin/mobility_ws/build/midterm_msgs': CMAKE_PREFIX_PATH=${CMAKE_PREFIX_PATH}:/home/gyumin/mobility_ws/install/midterm_env:/home/gyumin/mobility_ws/install/auto_drive:/opt/ros/foxy /usr/bin/cmake --build /home/gyumin/mobility_ws/build/midterm_msgs -- -j8 -l8
[0.449s] DEBUG:colcon.colcon_core.event_handler.log_command:Invoked command in '/home/gyumin/mobility_ws/build/midterm_msgs' returned '0': CMAKE_PREFIX_PATH=${CMAKE_PREFIX_PATH}:/home/gyumin/mobility_ws/install/midterm_env:/home/gyumin/mobility_ws/install/auto_drive:/opt/ros/foxy /usr/bin/cmake --build /home/gyumin/mobility_ws/build/midterm_msgs -- -j8 -l8
[0.533s] DEBUG:colcon.colcon_core.event_handler.log_command:Invoking command in '/home/gyumin/mobility_ws/build/midterm_msgs': CMAKE_PREFIX_PATH=${CMAKE_PREFIX_PATH}:/home/gyumin/mobility_ws/install/midterm_env:/home/gyumin/mobility_ws/install/auto_drive:/opt/ros/foxy /usr/bin/cmake --install /home/gyumin/mobility_ws/build/midterm_msgs
[0.591s] Level 1:colcon.colcon_core.environment:create_environment_scripts_only(midterm_msgs)
[0.591s] DEBUG:colcon.colcon_core.event_handler.log_command:Invoked command in '/home/gyumin/mobility_ws/build/midterm_msgs' returned '0': CMAKE_PREFIX_PATH=${CMAKE_PREFIX_PATH}:/home/gyumin/mobility_ws/install/midterm_env:/home/gyumin/mobility_ws/install/auto_drive:/opt/ros/foxy /usr/bin/cmake --install /home/gyumin/mobility_ws/build/midterm_msgs
[0.593s] Level 1:colcon.colcon_core.environment:checking '/home/gyumin/mobility_ws/install/midterm_msgs' for CMake module files
[0.593s] Level 1:colcon.colcon_core.environment:checking '/home/gyumin/mobility_ws/install/midterm_msgs' for CMake config files
[0.594s] Level 1:colcon.colcon_core.shell:create_environment_hook('midterm_msgs', 'cmake_prefix_path')
[0.594s] INFO:colcon.colcon_core.shell:Creating environment hook '/home/gyumin/mobility_ws/install/midterm_msgs/share/midterm_msgs/hook/cmake_prefix_path.ps1'
[0.594s] INFO:colcon.colcon_core.shell:Creating environment descriptor '/home/gyumin/mobility_ws/install/midterm_msgs/share/midterm_msgs/hook/cmake_prefix_path.dsv'
[0.595s] INFO:colcon.colcon_core.shell:Creating environment hook '/home/gyumin/mobility_ws/install/midterm_msgs/share/midterm_msgs/hook/cmake_prefix_path.sh'
[0.595s] Level 1:colcon.colcon_core.environment:checking '/home/gyumin/mobility_ws/install/midterm_msgs/lib'
[0.595s] Level 1:colcon.colcon_core.shell:create_environment_hook('midterm_msgs', 'ld_library_path_lib')
[0.596s] INFO:colcon.colcon_core.shell:Creating environment hook '/home/gyumin/mobility_ws/install/midterm_msgs/share/midterm_msgs/hook/ld_library_path_lib.ps1'
[0.596s] INFO:colcon.colcon_core.shell:Creating environment descriptor '/home/gyumin/mobility_ws/install/midterm_msgs/share/midterm_msgs/hook/ld_library_path_lib.dsv'
[0.596s] INFO:colcon.colcon_core.shell:Creating environment hook '/home/gyumin/mobility_ws/install/midterm_msgs/share/midterm_msgs/hook/ld_library_path_lib.sh'
[0.596s] Level 1:colcon.colcon_core.environment:checking '/home/gyumin/mobility_ws/install/midterm_msgs/bin'
[0.596s] Level 1:colcon.colcon_core.environment:checking '/home/gyumin/mobility_ws/install/midterm_msgs/lib/pkgconfig/midterm_msgs.pc'
[0.596s] Level 1:colcon.colcon_core.environment:checking '/home/gyumin/mobility_ws/install/midterm_msgs/lib/python3.8/site-packages'
[0.596s] Level 1:colcon.colcon_core.shell:create_environment_hook('midterm_msgs', 'pythonpath')
[0.597s] INFO:colcon.colcon_core.shell:Creating environment hook '/home/gyumin/mobility_ws/install/midterm_msgs/share/midterm_msgs/hook/pythonpath.ps1'
[0.597s] INFO:colcon.colcon_core.shell:Creating environment descriptor '/home/gyumin/mobility_ws/install/midterm_msgs/share/midterm_msgs/hook/pythonpath.dsv'
[0.597s] INFO:colcon.colcon_core.shell:Creating environment hook '/home/gyumin/mobility_ws/install/midterm_msgs/share/midterm_msgs/hook/pythonpath.sh'
[0.597s] Level 1:colcon.colcon_core.environment:checking '/home/gyumin/mobility_ws/install/midterm_msgs/bin'
[0.597s] INFO:colcon.colcon_core.shell:Creating package script '/home/gyumin/mobility_ws/install/midterm_msgs/share/midterm_msgs/package.ps1'
[0.598s] INFO:colcon.colcon_core.shell:Creating package descriptor '/home/gyumin/mobility_ws/install/midterm_msgs/share/midterm_msgs/package.dsv'
[0.598s] INFO:colcon.colcon_core.shell:Creating package script '/home/gyumin/mobility_ws/install/midterm_msgs/share/midterm_msgs/package.sh'
[0.599s] INFO:colcon.colcon_core.shell:Creating package script '/home/gyumin/mobility_ws/install/midterm_msgs/share/midterm_msgs/package.bash'
[0.599s] INFO:colcon.colcon_core.shell:Creating package script '/home/gyumin/mobility_ws/install/midterm_msgs/share/midterm_msgs/package.zsh'
[0.599s] Level 1:colcon.colcon_core.environment:create_file_with_runtime_dependencies(/home/gyumin/mobility_ws/install/midterm_msgs/share/colcon-core/packages/midterm_msgs)
[0.680s] Level 1:colcon.colcon_core.environment:create_environment_scripts_only(midterm_msgs)
[0.681s] Level 1:colcon.colcon_core.environment:checking '/home/gyumin/mobility_ws/install/midterm_msgs' for CMake module files
[0.681s] Level 1:colcon.colcon_core.environment:checking '/home/gyumin/mobility_ws/install/midterm_msgs' for CMake config files
[0.682s] Level 1:colcon.colcon_core.shell:create_environment_hook('midterm_msgs', 'cmake_prefix_path')
[0.682s] INFO:colcon.colcon_core.shell:Creating environment hook '/home/gyumin/mobility_ws/install/midterm_msgs/share/midterm_msgs/hook/cmake_prefix_path.ps1'
[0.682s] INFO:colcon.colcon_core.shell:Creating environment descriptor '/home/gyumin/mobility_ws/install/midterm_msgs/share/midterm_msgs/hook/cmake_prefix_path.dsv'
[0.682s] INFO:colcon.colcon_core.shell:Creating environment hook '/home/gyumin/mobility_ws/install/midterm_msgs/share/midterm_msgs/hook/cmake_prefix_path.sh'
[0.683s] Level 1:colcon.colcon_core.environment:checking '/home/gyumin/mobility_ws/install/midterm_msgs/lib'
[0.683s] Level 1:colcon.colcon_core.shell:create_environment_hook('midterm_msgs', 'ld_library_path_lib')
[0.683s] INFO:colcon.colcon_core.shell:Creating environment hook '/home/gyumin/mobility_ws/install/midterm_msgs/share/midterm_msgs/hook/ld_library_path_lib.ps1'
[0.683s] INFO:colcon.colcon_core.shell:Creating environment descriptor '/home/gyumin/mobility_ws/install/midterm_msgs/share/midterm_msgs/hook/ld_library_path_lib.dsv'
[0.683s] INFO:colcon.colcon_core.shell:Creating environment hook '/home/gyumin/mobility_ws/install/midterm_msgs/share/midterm_msgs/hook/ld_library_path_lib.sh'
[0.684s] Level 1:colcon.colcon_core.environment:checking '/home/gyumin/mobility_ws/install/midterm_msgs/bin'
[0.684s] Level 1:colcon.colcon_core.environment:checking '/home/gyumin/mobility_ws/install/midterm_msgs/lib/pkgconfig/midterm_msgs.pc'
[0.684s] Level 1:colcon.colcon_core.environment:checking '/home/gyumin/mobility_ws/install/midterm_msgs/lib/python3.8/site-packages'
[0.684s] Level 1:colcon.colcon_core.shell:create_environment_hook('midterm_msgs', 'pythonpath')
[0.684s] INFO:colcon.colcon_core.shell:Creating environment hook '/home/gyumin/mobility_ws/install/midterm_msgs/share/midterm_msgs/hook/pythonpath.ps1'
[0.684s] INFO:colcon.colcon_core.shell:Creating environment descriptor '/home/gyumin/mobility_ws/install/midterm_msgs/share/midterm_msgs/hook/pythonpath.dsv'
[0.684s] INFO:colcon.colcon_core.shell:Creating environment hook '/home/gyumin/mobility_ws/install/midterm_msgs/share/midterm_msgs/hook/pythonpath.sh'
[0.685s] Level 1:colcon.colcon_core.environment:checking '/home/gyumin/mobility_ws/install/midterm_msgs/bin'
[0.685s] INFO:colcon.colcon_core.shell:Creating package script '/home/gyumin/mobility_ws/install/midterm_msgs/share/midterm_msgs/package.ps1'
[0.685s] INFO:colcon.colcon_core.shell:Creating package descriptor '/home/gyumin/mobility_ws/install/midterm_msgs/share/midterm_msgs/package.dsv'
[0.685s] INFO:colcon.colcon_core.shell:Creating package script '/home/gyumin/mobility_ws/install/midterm_msgs/share/midterm_msgs/package.sh'
[0.686s] INFO:colcon.colcon_core.shell:Creating package script '/home/gyumin/mobility_ws/install/midterm_msgs/share/midterm_msgs/package.bash'
[0.686s] INFO:colcon.colcon_core.shell:Creating package script '/home/gyumin/mobility_ws/install/midterm_msgs/share/midterm_msgs/package.zsh'
[0.686s] Level 1:colcon.colcon_core.environment:create_file_with_runtime_dependencies(/home/gyumin/mobility_ws/install/midterm_msgs/share/colcon-core/packages/midterm_msgs)
[0.686s] INFO:colcon.colcon_ros.task.ament_python.build:Building ROS package in '/home/gyumin/mobility_ws/src/auto_drive' with build type 'ament_python'
[0.687s] Level 1:colcon.colcon_core.shell:create_environment_hook('auto_drive', 'ament_prefix_path')
[0.687s] INFO:colcon.colcon_core.shell:Creating environment hook '/home/gyumin/mobility_ws/install/auto_drive/share/auto_drive/hook/ament_prefix_path.ps1'
[0.687s] INFO:colcon.colcon_core.shell:Creating environment descriptor '/home/gyumin/mobility_ws/install/auto_drive/share/auto_drive/hook/ament_prefix_path.dsv'
[0.688s] INFO:colcon.colcon_core.shell:Creating environment hook '/home/gyumin/mobility_ws/install/auto_drive/share/auto_drive/hook/ament_prefix_path.sh'
[0.688s] INFO:colcon.colcon_core.shell:Skip shell extension 'powershell' for command environment: Not usable outside of PowerShell
[0.688s] DEBUG:colcon.colcon_core.shell:Skip shell extension 'dsv' for command environment
[0.691s] INFO:colcon.colcon_ros.task.ament_python.build:Building ROS package in '/home/gyumin/mobility_ws/src/midterm_env' with build type 'ament_python'
[0.692s] Level 1:colcon.colcon_core.shell:create_environment_hook('midterm_env', 'ament_prefix_path')
[0.692s] INFO:colcon.colcon_core.shell:Creating environment hook '/home/gyumin/mobility_ws/install/midterm_env/share/midterm_env/hook/ament_prefix_path.ps1'
[0.692s] INFO:colcon.colcon_core.shell:Creating environment descriptor '/home/gyumin/mobility_ws/install/midterm_env/share/midterm_env/hook/ament_prefix_path.dsv'
[0.693s] INFO:colcon.colcon_core.shell:Creating environment hook '/home/gyumin/mobility_ws/install/midterm_env/share/midterm_env/hook/ament_prefix_path.sh'
[0.693s] INFO:colcon.colcon_core.shell:Skip shell extension 'powershell' for command environment: Not usable outside of PowerShell
[0.693s] DEBUG:colcon.colcon_core.shell:Skip shell extension 'dsv' for command environment
[0.850s] INFO:colcon.colcon_core.task.python.build:Building Python package in '/home/gyumin/mobility_ws/src/auto_drive'
[0.850s] INFO:colcon.colcon_core.shell:Skip shell extension 'powershell' for command environment: Not usable outside of PowerShell
[0.850s] DEBUG:colcon.colcon_core.shell:Skip shell extension 'dsv' for command environment
[0.992s] INFO:colcon.colcon_core.task.python.build:Building Python package in '/home/gyumin/mobility_ws/src/midterm_env'
[0.992s] INFO:colcon.colcon_core.shell:Skip shell extension 'powershell' for command environment: Not usable outside of PowerShell
[0.992s] DEBUG:colcon.colcon_core.shell:Skip shell extension 'dsv' for command environment
[1.278s] DEBUG:colcon.colcon_core.event_handler.log_command:Invoking command in '/home/gyumin/mobility_ws/build/auto_drive': LD_LIBRARY_PATH=/home/gyumin/mobility_ws/install/midterm_msgs/lib:/opt/ros/foxy/opt/yaml_cpp_vendor/lib:/opt/ros/foxy/opt/rviz_ogre_vendor/lib:/opt/ros/foxy/lib/x86_64-linux-gnu:/opt/ros/foxy/lib PYTHONPATH=/home/gyumin/mobility_ws/build/auto_drive/prefix_override:/usr/lib/python3/dist-packages/colcon_core/task/python/colcon_distutils_commands:/home/gyumin/mobility_ws/install/auto_drive/lib/python3.8/site-packages:/home/gyumin/mobility_ws/install/midterm_msgs/lib/python3.8/site-packages:/home/gyumin/mobility_ws/build/midterm_env:/home/gyumin/mobility_ws/install/midterm_env/lib/python3.8/site-packages:/home/gyumin/mobility_ws/build/auto_drive:/home/gyumin/mobility_ws/install/auto_drive/lib/python3.8/site-packages:/opt/ros/foxy/lib/python3.8/site-packages /usr/bin/python3 -W ignore:setup.py install is deprecated setup.py develop --editable --build-directory /home/gyumin/mobility_ws/build/auto_drive/build --no-deps symlink_data
[1.281s] DEBUG:colcon.colcon_core.event_handler.log_command:Invoking command in '/home/gyumin/mobility_ws/build/midterm_env': LD_LIBRARY_PATH=/home/gyumin/mobility_ws/install/midterm_msgs/lib:/opt/ros/foxy/opt/yaml_cpp_vendor/lib:/opt/ros/foxy/opt/rviz_ogre_vendor/lib:/opt/ros/foxy/lib/x86_64-linux-gnu:/opt/ros/foxy/lib PYTHONPATH=/home/gyumin/mobility_ws/build/midterm_env/prefix_override:/usr/lib/python3/dist-packages/colcon_core/task/python/colcon_distutils_commands:/home/gyumin/mobility_ws/install/midterm_env/lib/python3.8/site-packages:/home/gyumin/mobility_ws/install/midterm_msgs/lib/python3.8/site-packages:/home/gyumin/mobility_ws/build/midterm_env:/home/gyumin/mobility_ws/install/midterm_env/lib/python3.8/site-packages:/home/gyumin/mobility_ws/build/auto_drive:/home/gyumin/mobility_ws/install/auto_drive/lib/python3.8/site-packages:/opt/ros/foxy/lib/python3.8/site-packages /usr/bin/python3 -W ignore:setup.py install is deprecated setup.py develop --editable --build-directory /home/gyumin/mobility_ws/build/midterm_env/build --no-deps symlink_data
[1.581s] Level 1:colcon.colcon_core.shell:create_environment_hook('auto_drive', 'pythonpath_develop')
[1.581s] INFO:colcon.colcon_core.shell:Creating environment hook '/home/gyumin/mobility_ws/build/auto_drive/share/auto_drive/hook/pythonpath_develop.ps1'
[1.582s] DEBUG:colcon.colcon_core.event_handler.log_command:Invoked command in '/home/gyumin/mobility_ws/build/auto_drive' returned '0': LD_LIBRARY_PATH=/home/gyumin/mobility_ws/install/midterm_msgs/lib:/opt/ros/foxy/opt/yaml_cpp_vendor/lib:/opt/ros/foxy/opt/rviz_ogre_vendor/lib:/opt/ros/foxy/lib/x86_64-linux-gnu:/opt/ros/foxy/lib PYTHONPATH=/home/gyumin/mobility_ws/build/auto_drive/prefix_override:/usr/lib/python3/dist-packages/colcon_core/task/python/colcon_distutils_commands:/home/gyumin/mobility_ws/install/auto_drive/lib/python3.8/site-packages:/home/gyumin/mobility_ws/install/midterm_msgs/lib/python3.8/site-packages:/home/gyumin/mobility_ws/build/midterm_env:/home/gyumin/mobility_ws/install/midterm_env/lib/python3.8/site-packages:/home/gyumin/mobility_ws/build/auto_drive:/home/gyumin/mobility_ws/install/auto_drive/lib/python3.8/site-packages:/opt/ros/foxy/lib/python3.8/site-packages /usr/bin/python3 -W ignore:setup.py install is deprecated setup.py develop --editable --build-directory /home/gyumin/mobility_ws/build/auto_drive/build --no-deps symlink_data
[1.582s] INFO:colcon.colcon_core.shell:Creating environment descriptor '/home/gyumin/mobility_ws/build/auto_drive/share/auto_drive/hook/pythonpath_develop.dsv'
[1.582s] INFO:colcon.colcon_core.shell:Creating environment hook '/home/gyumin/mobility_ws/build/auto_drive/share/auto_drive/hook/pythonpath_develop.sh'
[1.583s] Level 1:colcon.colcon_core.environment:checking '/home/gyumin/mobility_ws/install/auto_drive' for CMake module files
[1.583s] Level 1:colcon.colcon_core.environment:checking '/home/gyumin/mobility_ws/install/auto_drive' for CMake config files
[1.583s] Level 1:colcon.colcon_core.environment:checking '/home/gyumin/mobility_ws/install/auto_drive/lib'
[1.583s] Level 1:colcon.colcon_core.environment:checking '/home/gyumin/mobility_ws/install/auto_drive/bin'
[1.583s] Level 1:colcon.colcon_core.environment:checking '/home/gyumin/mobility_ws/install/auto_drive/lib/pkgconfig/auto_drive.pc'
[1.584s] Level 1:colcon.colcon_core.environment:checking '/home/gyumin/mobility_ws/install/auto_drive/lib/python3.8/site-packages'
[1.584s] Level 1:colcon.colcon_core.shell:create_environment_hook('auto_drive', 'pythonpath')
[1.584s] INFO:colcon.colcon_core.shell:Creating environment hook '/home/gyumin/mobility_ws/install/auto_drive/share/auto_drive/hook/pythonpath.ps1'
[1.584s] INFO:colcon.colcon_core.shell:Creating environment descriptor '/home/gyumin/mobility_ws/install/auto_drive/share/auto_drive/hook/pythonpath.dsv'
[1.584s] INFO:colcon.colcon_core.shell:Creating environment hook '/home/gyumin/mobility_ws/install/auto_drive/share/auto_drive/hook/pythonpath.sh'
[1.585s] Level 1:colcon.colcon_core.environment:checking '/home/gyumin/mobility_ws/install/auto_drive/bin'
[1.585s] Level 1:colcon.colcon_core.environment:create_environment_scripts_only(auto_drive)
[1.585s] INFO:colcon.colcon_core.shell:Creating package script '/home/gyumin/mobility_ws/install/auto_drive/share/auto_drive/package.ps1'
[1.585s] INFO:colcon.colcon_core.shell:Creating package descriptor '/home/gyumin/mobility_ws/install/auto_drive/share/auto_drive/package.dsv'
[1.586s] INFO:colcon.colcon_core.shell:Creating package script '/home/gyumin/mobility_ws/install/auto_drive/share/auto_drive/package.sh'
[1.586s] INFO:colcon.colcon_core.shell:Creating package script '/home/gyumin/mobility_ws/install/auto_drive/share/auto_drive/package.bash'
[1.586s] INFO:colcon.colcon_core.shell:Creating package script '/home/gyumin/mobility_ws/install/auto_drive/share/auto_drive/package.zsh'
[1.586s] Level 1:colcon.colcon_core.environment:create_file_with_runtime_dependencies(/home/gyumin/mobility_ws/install/auto_drive/share/colcon-core/packages/auto_drive)
[1.591s] Level 1:colcon.colcon_core.shell:create_environment_hook('midterm_env', 'pythonpath_develop')
[1.591s] INFO:colcon.colcon_core.shell:Creating environment hook '/home/gyumin/mobility_ws/build/midterm_env/share/midterm_env/hook/pythonpath_develop.ps1'
[1.592s] DEBUG:colcon.colcon_core.event_handler.log_command:Invoked command in '/home/gyumin/mobility_ws/build/midterm_env' returned '0': LD_LIBRARY_PATH=/home/gyumin/mobility_ws/install/midterm_msgs/lib:/opt/ros/foxy/opt/yaml_cpp_vendor/lib:/opt/ros/foxy/opt/rviz_ogre_vendor/lib:/opt/ros/foxy/lib/x86_64-linux-gnu:/opt/ros/foxy/lib PYTHONPATH=/home/gyumin/mobility_ws/build/midterm_env/prefix_override:/usr/lib/python3/dist-packages/colcon_core/task/python/colcon_distutils_commands:/home/gyumin/mobility_ws/install/midterm_env/lib/python3.8/site-packages:/home/gyumin/mobility_ws/install/midterm_msgs/lib/python3.8/site-packages:/home/gyumin/mobility_ws/build/midterm_env:/home/gyumin/mobility_ws/install/midterm_env/lib/python3.8/site-packages:/home/gyumin/mobility_ws/build/auto_drive:/home/gyumin/mobility_ws/install/auto_drive/lib/python3.8/site-packages:/opt/ros/foxy/lib/python3.8/site-packages /usr/bin/python3 -W ignore:setup.py install is deprecated setup.py develop --editable --build-directory /home/gyumin/mobility_ws/build/midterm_env/build --no-deps symlink_data
[1.592s] INFO:colcon.colcon_core.shell:Creating environment descriptor '/home/gyumin/mobility_ws/build/midterm_env/share/midterm_env/hook/pythonpath_develop.dsv'
[1.592s] INFO:colcon.colcon_core.shell:Creating environment hook '/home/gyumin/mobility_ws/build/midterm_env/share/midterm_env/hook/pythonpath_develop.sh'
[1.593s] Level 1:colcon.colcon_core.environment:checking '/home/gyumin/mobility_ws/install/midterm_env' for CMake module files
[1.593s] Level 1:colcon.colcon_core.environment:checking '/home/gyumin/mobility_ws/install/midterm_env' for CMake config files
[1.593s] Level 1:colcon.colcon_core.environment:checking '/home/gyumin/mobility_ws/install/midterm_env/lib'
[1.593s] Level 1:colcon.colcon_core.environment:checking '/home/gyumin/mobility_ws/install/midterm_env/bin'
[1.593s] Level 1:colcon.colcon_core.environment:checking '/home/gyumin/mobility_ws/install/midterm_env/lib/pkgconfig/midterm_env.pc'
[1.593s] Level 1:colcon.colcon_core.environment:checking '/home/gyumin/mobility_ws/install/midterm_env/lib/python3.8/site-packages'
[1.593s] Level 1:colcon.colcon_core.shell:create_environment_hook('midterm_env', 'pythonpath')
[1.593s] INFO:colcon.colcon_core.shell:Creating environment hook '/home/gyumin/mobility_ws/install/midterm_env/share/midterm_env/hook/pythonpath.ps1'
[1.594s] INFO:colcon.colcon_core.shell:Creating environment descriptor '/home/gyumin/mobility_ws/install/midterm_env/share/midterm_env/hook/pythonpath.dsv'
[1.594s] INFO:colcon.colcon_core.shell:Creating environment hook '/home/gyumin/mobility_ws/install/midterm_env/share/midterm_env/hook/pythonpath.sh'
[1.594s] Level 1:colcon.colcon_core.environment:checking '/home/gyumin/mobility_ws/install/midterm_env/bin'
[1.594s] Level 1:colcon.colcon_core.environment:create_environment_scripts_only(midterm_env)
[1.594s] INFO:colcon.colcon_core.shell:Creating package script '/home/gyumin/mobility_ws/install/midterm_env/share/midterm_env/package.ps1'
[1.595s] INFO:colcon.colcon_core.shell:Creating package descriptor '/home/gyumin/mobility_ws/install/midterm_env/share/midterm_env/package.dsv'
[1.595s] INFO:colcon.colcon_core.shell:Creating package script '/home/gyumin/mobility_ws/install/midterm_env/share/midterm_env/package.sh'
[1.595s] INFO:colcon.colcon_core.shell:Creating package script '/home/gyumin/mobility_ws/install/midterm_env/share/midterm_env/package.bash'
[1.595s] INFO:colcon.colcon_core.shell:Creating package script '/home/gyumin/mobility_ws/install/midterm_env/share/midterm_env/package.zsh'
[1.595s] Level 1:colcon.colcon_core.environment:create_file_with_runtime_dependencies(/home/gyumin/mobility_ws/install/midterm_env/share/colcon-core/packages/midterm_env)
[1.596s] DEBUG:colcon.colcon_parallel_executor.executor.parallel:closing loop
[1.596s] DEBUG:colcon.colcon_parallel_executor.executor.parallel:loop closed
[1.596s] DEBUG:colcon.colcon_parallel_executor.executor.parallel:run_until_complete finished with '0'
[1.596s] DEBUG:colcon.colcon_core.event_reactor:joining thread
[1.600s] INFO:colcon.colcon_core.plugin_system:Skipping extension 'colcon_notification.desktop_notification.terminal_notifier': Not used on non-Darwin systems
[1.600s] INFO:colcon.colcon_core.plugin_system:Skipping extension 'colcon_notification.desktop_notification.win32': Not used on non-Windows systems
[1.600s] INFO:colcon.colcon_notification.desktop_notification:Sending desktop notification using 'notify2'
[1.610s] DEBUG:colcon.colcon_core.event_reactor:joined thread
[1.610s] INFO:colcon.colcon_core.shell:Creating prefix script '/home/gyumin/mobility_ws/install/local_setup.ps1'
[1.611s] INFO:colcon.colcon_core.shell:Creating prefix util module '/home/gyumin/mobility_ws/install/_local_setup_util_ps1.py'
[1.612s] INFO:colcon.colcon_core.shell:Creating prefix chain script '/home/gyumin/mobility_ws/install/setup.ps1'
[1.613s] INFO:colcon.colcon_core.shell:Creating prefix script '/home/gyumin/mobility_ws/install/local_setup.sh'
[1.613s] INFO:colcon.colcon_core.shell:Creating prefix util module '/home/gyumin/mobility_ws/install/_local_setup_util_sh.py'
[1.614s] INFO:colcon.colcon_core.shell:Creating prefix chain script '/home/gyumin/mobility_ws/install/setup.sh'
[1.614s] INFO:colcon.colcon_core.shell:Creating prefix script '/home/gyumin/mobility_ws/install/local_setup.bash'
[1.615s] INFO:colcon.colcon_core.shell:Creating prefix chain script '/home/gyumin/mobility_ws/install/setup.bash'
[1.615s] INFO:colcon.colcon_core.shell:Creating prefix script '/home/gyumin/mobility_ws/install/local_setup.zsh'
[1.615s] INFO:colcon.colcon_core.shell:Creating prefix chain script '/home/gyumin/mobility_ws/install/setup.zsh'
