[0.222s] DEBUG:colcon:Command line arguments: ['/usr/bin/colcon', 'build', '--symlink-install']
[0.222s] DEBUG:colcon:Parsed command line arguments: Namespace(allow_overriding=[], ament_cmake_args=None, base_paths=['.'], build_base='build', catkin_cmake_args=None, catkin_skip_building_tests=False, cmake_args=None, cmake_clean_cache=False, cmake_clean_first=False, cmake_force_configure=False, cmake_target=None, cmake_target_skip_unavailable=False, continue_on_error=False, event_handlers=None, executor='parallel', ignore_user_meta=False, install_base='install', log_base=None, log_level=None, main=<bound method BuildVerb.main of <colcon_core.verb.build.BuildVerb object at 0x7fb9a45217c0>>, merge_install=False, metas=['./colcon.meta'], packages_above=None, packages_above_and_dependencies=None, packages_above_depth=None, packages_end=None, packages_ignore=None, packages_ignore_regex=None, packages_select=None, packages_select_build_failed=False, packages_select_by_dep=None, packages_select_regex=None, packages_select_test_failures=False, packages_skip=None, packages_skip_build_finished=False, packages_skip_by_dep=None, packages_skip_regex=None, packages_skip_test_passed=False, packages_skip_up_to=None, packages_start=None, packages_up_to=None, packages_up_to_regex=None, parallel_workers=8, paths=None, symlink_install=True, test_result_base=None, verb_extension=<colcon_core.verb.build.BuildVerb object at 0x7fb9a45217c0>, verb_name='build', verb_parser=<colcon_defaults.argument_parser.defaults.DefaultArgumentsDecorator object at 0x7fb9a4521ca0>)
[0.388s] Level 1:colcon.colcon_core.package_discovery:discover_packages(colcon_meta) check parameters
[0.388s] Level 1:colcon.colcon_core.package_discovery:discover_packages(recursive) check parameters
[0.388s] Level 1:colcon.colcon_core.package_discovery:discover_packages(ignore) check parameters
[0.388s] Level 1:colcon.colcon_core.package_discovery:discover_packages(path) check parameters
[0.388s] Level 1:colcon.colcon_core.package_discovery:discover_packages(colcon_meta) discover
[0.388s] Level 1:colcon.colcon_core.package_discovery:discover_packages(recursive) discover
[0.388s] INFO:colcon.colcon_core.package_discovery:Crawling recursively for packages in '/home/gyumin/mobility_ws'
[0.388s] Level 1:colcon.colcon_core.package_identification:_identify(.) by extensions ['ignore', 'ignore_ament_install']
[0.388s] Level 1:colcon.colcon_core.package_identification:_identify(.) by extension 'ignore'
[0.388s] Level 1:colcon.colcon_core.package_identification:_identify(.) by extension 'ignore_ament_install'
[0.388s] Level 1:colcon.colcon_core.package_identification:_identify(.) by extensions ['colcon_pkg']
[0.388s] Level 1:colcon.colcon_core.package_identification:_identify(.) by extension 'colcon_pkg'
[0.388s] Level 1:colcon.colcon_core.package_identification:_identify(.) by extensions ['colcon_meta']
[0.388s] Level 1:colcon.colcon_core.package_identification:_identify(.) by extension 'colcon_meta'
[0.388s] Level 1:colcon.colcon_core.package_identification:_identify(.) by extensions ['ros']
[0.388s] Level 1:colcon.colcon_core.package_identification:_identify(.) by extension 'ros'
[0.399s] Level 1:colcon.colcon_core.package_identification:_identify(.) by extensions ['cmake', 'python']
[0.400s] Level 1:colcon.colcon_core.package_identification:_identify(.) by extension 'cmake'
[0.400s] Level 1:colcon.colcon_core.package_identification:_identify(.) by extension 'python'
[0.400s] Level 1:colcon.colcon_core.package_identification:_identify(.) by extensions ['python_setup_py']
[0.400s] Level 1:colcon.colcon_core.package_identification:_identify(.) by extension 'python_setup_py'
[0.400s] Level 1:colcon.colcon_core.package_identification:_identify(build) by extensions ['ignore', 'ignore_ament_install']
[0.400s] Level 1:colcon.colcon_core.package_identification:_identify(build) by extension 'ignore'
[0.400s] Level 1:colcon.colcon_core.package_identification:_identify(build) ignored
[0.400s] Level 1:colcon.colcon_core.package_identification:_identify(install) by extensions ['ignore', 'ignore_ament_install']
[0.400s] Level 1:colcon.colcon_core.package_identification:_identify(install) by extension 'ignore'
[0.400s] Level 1:colcon.colcon_core.package_identification:_identify(install) ignored
[0.400s] Level 1:colcon.colcon_core.package_identification:_identify(log) by extensions ['ignore', 'ignore_ament_install']
[0.400s] Level 1:colcon.colcon_core.package_identification:_identify(log) by extension 'ignore'
[0.400s] Level 1:colcon.colcon_core.package_identification:_identify(log) ignored
[0.401s] Level 1:colcon.colcon_core.package_identification:_identify(src) by extensions ['ignore', 'ignore_ament_install']
[0.401s] Level 1:colcon.colcon_core.package_identification:_identify(src) by extension 'ignore'
[0.401s] Level 1:colcon.colcon_core.package_identification:_identify(src) by extension 'ignore_ament_install'
[0.401s] Level 1:colcon.colcon_core.package_identification:_identify(src) by extensions ['colcon_pkg']
[0.401s] Level 1:colcon.colcon_core.package_identification:_identify(src) by extension 'colcon_pkg'
[0.401s] Level 1:colcon.colcon_core.package_identification:_identify(src) by extensions ['colcon_meta']
[0.401s] Level 1:colcon.colcon_core.package_identification:_identify(src) by extension 'colcon_meta'
[0.401s] Level 1:colcon.colcon_core.package_identification:_identify(src) by extensions ['ros']
[0.401s] Level 1:colcon.colcon_core.package_identification:_identify(src) by extension 'ros'
[0.401s] Level 1:colcon.colcon_core.package_identification:_identify(src) by extensions ['cmake', 'python']
[0.401s] Level 1:colcon.colcon_core.package_identification:_identify(src) by extension 'cmake'
[0.401s] Level 1:colcon.colcon_core.package_identification:_identify(src) by extension 'python'
[0.401s] Level 1:colcon.colcon_core.package_identification:_identify(src) by extensions ['python_setup_py']
[0.401s] Level 1:colcon.colcon_core.package_identification:_identify(src) by extension 'python_setup_py'
[0.401s] Level 1:colcon.colcon_core.package_identification:_identify(src/auto_drive) by extensions ['ignore', 'ignore_ament_install']
[0.401s] Level 1:colcon.colcon_core.package_identification:_identify(src/auto_drive) by extension 'ignore'
[0.401s] Level 1:colcon.colcon_core.package_identification:_identify(src/auto_drive) by extension 'ignore_ament_install'
[0.401s] Level 1:colcon.colcon_core.package_identification:_identify(src/auto_drive) by extensions ['colcon_pkg']
[0.401s] Level 1:colcon.colcon_core.package_identification:_identify(src/auto_drive) by extension 'colcon_pkg'
[0.401s] Level 1:colcon.colcon_core.package_identification:_identify(src/auto_drive) by extensions ['colcon_meta']
[0.401s] Level 1:colcon.colcon_core.package_identification:_identify(src/auto_drive) by extension 'colcon_meta'
[0.402s] Level 1:colcon.colcon_core.package_identification:_identify(src/auto_drive) by extensions ['ros']
[0.402s] Level 1:colcon.colcon_core.package_identification:_identify(src/auto_drive) by extension 'ros'
[0.404s] DEBUG:colcon.colcon_core.package_identification:Package 'src/auto_drive' with type 'ros.ament_python' and name 'auto_drive'
[0.404s] Level 1:colcon.colcon_core.package_identification:_identify(src/midterm_env) by extensions ['ignore', 'ignore_ament_install']
[0.405s] Level 1:colcon.colcon_core.package_identification:_identify(src/midterm_env) by extension 'ignore'
[0.405s] Level 1:colcon.colcon_core.package_identification:_identify(src/midterm_env) by extension 'ignore_ament_install'
[0.405s] Level 1:colcon.colcon_core.package_identification:_identify(src/midterm_env) by extensions ['colcon_pkg']
[0.405s] Level 1:colcon.colcon_core.package_identification:_identify(src/midterm_env) by extension 'colcon_pkg'
[0.405s] Level 1:colcon.colcon_core.package_identification:_identify(src/midterm_env) by extensions ['colcon_meta']
[0.405s] Level 1:colcon.colcon_core.package_identification:_identify(src/midterm_env) by extension 'colcon_meta'
[0.405s] Level 1:colcon.colcon_core.package_identification:_identify(src/midterm_env) by extensions ['ros']
[0.405s] Level 1:colcon.colcon_core.package_identification:_identify(src/midterm_env) by extension 'ros'
[0.406s] DEBUG:colcon.colcon_core.package_identification:Package 'src/midterm_env' with type 'ros.ament_python' and name 'midterm_env'
[0.406s] Level 1:colcon.colcon_core.package_identification:_identify(src/midterm_msgs) by extensions ['ignore', 'ignore_ament_install']
[0.406s] Level 1:colcon.colcon_core.package_identification:_identify(src/midterm_msgs) by extension 'ignore'
[0.406s] Level 1:colcon.colcon_core.package_identification:_identify(src/midterm_msgs) by extension 'ignore_ament_install'
[0.406s] Level 1:colcon.colcon_core.package_identification:_identify(src/midterm_msgs) by extensions ['colcon_pkg']
[0.406s] Level 1:colcon.colcon_core.package_identification:_identify(src/midterm_msgs) by extension 'colcon_pkg'
[0.406s] Level 1:colcon.colcon_core.package_identification:_identify(src/midterm_msgs) by extensions ['colcon_meta']
[0.406s] Level 1:colcon.colcon_core.package_identification:_identify(src/midterm_msgs) by extension 'colcon_meta'
[0.406s] Level 1:colcon.colcon_core.package_identification:_identify(src/midterm_msgs) by extensions ['ros']
[0.406s] Level 1:colcon.colcon_core.package_identification:_identify(src/midterm_msgs) by extension 'ros'
[0.407s] DEBUG:colcon.colcon_core.package_identification:Package 'src/midterm_msgs' with type 'ros.ament_cmake' and name 'midterm_msgs'
[0.407s] Level 1:colcon.colcon_core.package_discovery:discover_packages(recursive) using defaults
[0.407s] Level 1:colcon.colcon_core.package_discovery:discover_packages(ignore) discover
[0.407s] Level 1:colcon.colcon_core.package_discovery:discover_packages(ignore) using defaults
[0.407s] Level 1:colcon.colcon_core.package_discovery:discover_packages(path) discover
[0.407s] Level 1:colcon.colcon_core.package_discovery:discover_packages(path) using defaults
[0.423s] Level 1:colcon.colcon_core.package_discovery:discover_packages(prefix_path) check parameters
[0.424s] Level 1:colcon.colcon_core.package_discovery:discover_packages(prefix_path) discover
[0.425s] DEBUG:colcon.colcon_installed_package_information.package_discovery:Found 3 installed packages in /home/gyumin/mobility_ws/install
[0.427s] DEBUG:colcon.colcon_installed_package_information.package_discovery:Found 256 installed packages in /opt/ros/foxy
[0.437s] Level 1:colcon.colcon_core.package_discovery:discover_packages(prefix_path) using defaults
[0.494s] Level 5:colcon.colcon_core.verb:set package 'midterm_msgs' build argument 'cmake_args' from command line to 'None'
[0.494s] Level 5:colcon.colcon_core.verb:set package 'midterm_msgs' build argument 'cmake_target' from command line to 'None'
[0.494s] Level 5:colcon.colcon_core.verb:set package 'midterm_msgs' build argument 'cmake_target_skip_unavailable' from command line to 'False'
[0.494s] Level 5:colcon.colcon_core.verb:set package 'midterm_msgs' build argument 'cmake_clean_cache' from command line to 'False'
[0.494s] Level 5:colcon.colcon_core.verb:set package 'midterm_msgs' build argument 'cmake_clean_first' from command line to 'False'
[0.494s] Level 5:colcon.colcon_core.verb:set package 'midterm_msgs' build argument 'cmake_force_configure' from command line to 'False'
[0.494s] Level 5:colcon.colcon_core.verb:set package 'midterm_msgs' build argument 'ament_cmake_args' from command line to 'None'
[0.494s] Level 5:colcon.colcon_core.verb:set package 'midterm_msgs' build argument 'catkin_cmake_args' from command line to 'None'
[0.494s] Level 5:colcon.colcon_core.verb:set package 'midterm_msgs' build argument 'catkin_skip_building_tests' from command line to 'False'
[0.494s] DEBUG:colcon.colcon_core.verb:Building package 'midterm_msgs' with the following arguments: {'ament_cmake_args': None, 'build_base': '/home/gyumin/mobility_ws/build/midterm_msgs', 'catkin_cmake_args': None, 'catkin_skip_building_tests': False, 'cmake_args': None, 'cmake_clean_cache': False, 'cmake_clean_first': False, 'cmake_force_configure': False, 'cmake_target': None, 'cmake_target_skip_unavailable': False, 'install_base': '/home/gyumin/mobility_ws/install/midterm_msgs', 'merge_install': False, 'path': '/home/gyumin/mobility_ws/src/midterm_msgs', 'symlink_install': True, 'test_result_base': None}
[0.494s] Level 5:colcon.colcon_core.verb:set package 'auto_drive' build argument 'cmake_args' from command line to 'None'
[0.495s] Level 5:colcon.colcon_core.verb:set package 'auto_drive' build argument 'cmake_target' from command line to 'None'
[0.495s] Level 5:colcon.colcon_core.verb:set package 'auto_drive' build argument 'cmake_target_skip_unavailable' from command line to 'False'
[0.495s] Level 5:colcon.colcon_core.verb:set package 'auto_drive' build argument 'cmake_clean_cache' from command line to 'False'
[0.495s] Level 5:colcon.colcon_core.verb:set package 'auto_drive' build argument 'cmake_clean_first' from command line to 'False'
[0.495s] Level 5:colcon.colcon_core.verb:set package 'auto_drive' build argument 'cmake_force_configure' from command line to 'False'
[0.495s] Level 5:colcon.colcon_core.verb:set package 'auto_drive' build argument 'ament_cmake_args' from command line to 'None'
[0.495s] Level 5:colcon.colcon_core.verb:set package 'auto_drive' build argument 'catkin_cmake_args' from command line to 'None'
[0.495s] Level 5:colcon.colcon_core.verb:set package 'auto_drive' build argument 'catkin_skip_building_tests' from command line to 'False'
[0.495s] DEBUG:colcon.colcon_core.verb:Building package 'auto_drive' with the following arguments: {'ament_cmake_args': None, 'build_base': '/home/gyumin/mobility_ws/build/auto_drive', 'catkin_cmake_args': None, 'catkin_skip_building_tests': False, 'cmake_args': None, 'cmake_clean_cache': False, 'cmake_clean_first': False, 'cmake_force_configure': False, 'cmake_target': None, 'cmake_target_skip_unavailable': False, 'install_base': '/home/gyumin/mobility_ws/install/auto_drive', 'merge_install': False, 'path': '/home/gyumin/mobility_ws/src/auto_drive', 'symlink_install': True, 'test_result_base': None}
[0.495s] Level 5:colcon.colcon_core.verb:set package 'midterm_env' build argument 'cmake_args' from command line to 'None'
[0.495s] Level 5:colcon.colcon_core.verb:set package 'midterm_env' build argument 'cmake_target' from command line to 'None'
[0.495s] Level 5:colcon.colcon_core.verb:set package 'midterm_env' build argument 'cmake_target_skip_unavailable' from command line to 'False'
[0.495s] Level 5:colcon.colcon_core.verb:set package 'midterm_env' build argument 'cmake_clean_cache' from command line to 'False'
[0.495s] Level 5:colcon.colcon_core.verb:set package 'midterm_env' build argument 'cmake_clean_first' from command line to 'False'
[0.495s] Level 5:colcon.colcon_core.verb:set package 'midterm_env' build argument 'cmake_force_configure' from command line to 'False'
[0.495s] Level 5:colcon.colcon_core.verb:set package 'midterm_env' build argument 'ament_cmake_args' from command line to 'None'
[0.495s] Level 5:colcon.colcon_core.verb:set package 'midterm_env' build argument 'catkin_cmake_args' from command line to 'None'
[0.495s] Level 5:colcon.colcon_core.verb:set package 'midterm_env' build argument 'catkin_skip_building_tests' from command line to 'False'
[0.495s] DEBUG:colcon.colcon_core.verb:Building package 'midterm_env' with the following arguments: {'ament_cmake_args': None, 'build_base': '/home/gyumin/mobility_ws/build/midterm_env', 'catkin_cmake_args': None, 'catkin_skip_building_tests': False, 'cmake_args': None, 'cmake_clean_cache': False, 'cmake_clean_first': False, 'cmake_force_configure': False, 'cmake_target': None, 'cmake_target_skip_unavailable': False, 'install_base': '/home/gyumin/mobility_ws/install/midterm_env', 'merge_install': False, 'path': '/home/gyumin/mobility_ws/src/midterm_env', 'symlink_install': True, 'test_result_base': None}
[0.495s] INFO:colcon.colcon_core.executor:Executing jobs using 'parallel' executor
[0.496s] DEBUG:colcon.colcon_parallel_executor.executor.parallel:run_until_complete
[0.497s] INFO:colcon.colcon_ros.task.ament_cmake.build:Building ROS package in '/home/gyumin/mobility_ws/src/midterm_msgs' with build type 'ament_cmake'
[0.497s] INFO:colcon.colcon_cmake.task.cmake.build:Building CMake package in '/home/gyumin/mobility_ws/src/midterm_msgs'
[0.499s] INFO:colcon.colcon_core.plugin_system:Skipping extension 'colcon_core.shell.bat': Not used on non-Windows systems
[0.499s] INFO:colcon.colcon_core.shell:Skip shell extension 'powershell' for command environment: Not usable outside of PowerShell
[0.499s] DEBUG:colcon.colcon_core.shell:Skip shell extension 'dsv' for command environment
[0.510s] DEBUG:colcon.colcon_core.event_handler.log_command:Invoking command in '/home/gyumin/mobility_ws/build/midterm_msgs': CMAKE_PREFIX_PATH=${CMAKE_PREFIX_PATH}:/home/gyumin/mobility_ws/install/midterm_env:/home/gyumin/mobility_ws/install/auto_drive:/opt/ros/foxy /usr/bin/cmake --build /home/gyumin/mobility_ws/build/midterm_msgs -- -j8 -l8
[0.732s] DEBUG:colcon.colcon_core.event_handler.log_command:Invoked command in '/home/gyumin/mobility_ws/build/midterm_msgs' returned '0': CMAKE_PREFIX_PATH=${CMAKE_PREFIX_PATH}:/home/gyumin/mobility_ws/install/midterm_env:/home/gyumin/mobility_ws/install/auto_drive:/opt/ros/foxy /usr/bin/cmake --build /home/gyumin/mobility_ws/build/midterm_msgs -- -j8 -l8
[0.850s] DEBUG:colcon.colcon_core.event_handler.log_command:Invoking command in '/home/gyumin/mobility_ws/build/midterm_msgs': CMAKE_PREFIX_PATH=${CMAKE_PREFIX_PATH}:/home/gyumin/mobility_ws/install/midterm_env:/home/gyumin/mobility_ws/install/auto_drive:/opt/ros/foxy /usr/bin/cmake --install /home/gyumin/mobility_ws/build/midterm_msgs
[0.934s] Level 1:colcon.colcon_core.environment:create_environment_scripts_only(midterm_msgs)
[0.934s] DEBUG:colcon.colcon_core.event_handler.log_command:Invoked command in '/home/gyumin/mobility_ws/build/midterm_msgs' returned '0': CMAKE_PREFIX_PATH=${CMAKE_PREFIX_PATH}:/home/gyumin/mobility_ws/install/midterm_env:/home/gyumin/mobility_ws/install/auto_drive:/opt/ros/foxy /usr/bin/cmake --install /home/gyumin/mobility_ws/build/midterm_msgs
[0.936s] Level 1:colcon.colcon_core.environment:checking '/home/gyumin/mobility_ws/install/midterm_msgs' for CMake module files
[0.937s] Level 1:colcon.colcon_core.environment:checking '/home/gyumin/mobility_ws/install/midterm_msgs' for CMake config files
[0.938s] Level 1:colcon.colcon_core.shell:create_environment_hook('midterm_msgs', 'cmake_prefix_path')
[0.938s] INFO:colcon.colcon_core.shell:Creating environment hook '/home/gyumin/mobility_ws/install/midterm_msgs/share/midterm_msgs/hook/cmake_prefix_path.ps1'
[0.939s] INFO:colcon.colcon_core.shell:Creating environment descriptor '/home/gyumin/mobility_ws/install/midterm_msgs/share/midterm_msgs/hook/cmake_prefix_path.dsv'
[0.939s] INFO:colcon.colcon_core.shell:Creating environment hook '/home/gyumin/mobility_ws/install/midterm_msgs/share/midterm_msgs/hook/cmake_prefix_path.sh'
[0.940s] Level 1:colcon.colcon_core.environment:checking '/home/gyumin/mobility_ws/install/midterm_msgs/lib'
[0.940s] Level 1:colcon.colcon_core.shell:create_environment_hook('midterm_msgs', 'ld_library_path_lib')
[0.941s] INFO:colcon.colcon_core.shell:Creating environment hook '/home/gyumin/mobility_ws/install/midterm_msgs/share/midterm_msgs/hook/ld_library_path_lib.ps1'
[0.941s] INFO:colcon.colcon_core.shell:Creating environment descriptor '/home/gyumin/mobility_ws/install/midterm_msgs/share/midterm_msgs/hook/ld_library_path_lib.dsv'
[0.941s] INFO:colcon.colcon_core.shell:Creating environment hook '/home/gyumin/mobility_ws/install/midterm_msgs/share/midterm_msgs/hook/ld_library_path_lib.sh'
[0.941s] Level 1:colcon.colcon_core.environment:checking '/home/gyumin/mobility_ws/install/midterm_msgs/bin'
[0.942s] Level 1:colcon.colcon_core.environment:checking '/home/gyumin/mobility_ws/install/midterm_msgs/lib/pkgconfig/midterm_msgs.pc'
[0.942s] Level 1:colcon.colcon_core.environment:checking '/home/gyumin/mobility_ws/install/midterm_msgs/lib/python3.8/site-packages'
[0.942s] Level 1:colcon.colcon_core.shell:create_environment_hook('midterm_msgs', 'pythonpath')
[0.942s] INFO:colcon.colcon_core.shell:Creating environment hook '/home/gyumin/mobility_ws/install/midterm_msgs/share/midterm_msgs/hook/pythonpath.ps1'
[0.942s] INFO:colcon.colcon_core.shell:Creating environment descriptor '/home/gyumin/mobility_ws/install/midterm_msgs/share/midterm_msgs/hook/pythonpath.dsv'
[0.943s] INFO:colcon.colcon_core.shell:Creating environment hook '/home/gyumin/mobility_ws/install/midterm_msgs/share/midterm_msgs/hook/pythonpath.sh'
[0.943s] Level 1:colcon.colcon_core.environment:checking '/home/gyumin/mobility_ws/install/midterm_msgs/bin'
[0.943s] INFO:colcon.colcon_core.shell:Creating package script '/home/gyumin/mobility_ws/install/midterm_msgs/share/midterm_msgs/package.ps1'
[0.944s] INFO:colcon.colcon_core.shell:Creating package descriptor '/home/gyumin/mobility_ws/install/midterm_msgs/share/midterm_msgs/package.dsv'
[0.945s] INFO:colcon.colcon_core.shell:Creating package script '/home/gyumin/mobility_ws/install/midterm_msgs/share/midterm_msgs/package.sh'
[0.945s] INFO:colcon.colcon_core.shell:Creating package script '/home/gyumin/mobility_ws/install/midterm_msgs/share/midterm_msgs/package.bash'
[0.946s] INFO:colcon.colcon_core.shell:Creating package script '/home/gyumin/mobility_ws/install/midterm_msgs/share/midterm_msgs/package.zsh'
[0.947s] Level 1:colcon.colcon_core.environment:create_file_with_runtime_dependencies(/home/gyumin/mobility_ws/install/midterm_msgs/share/colcon-core/packages/midterm_msgs)
[1.051s] Level 1:colcon.colcon_core.environment:create_environment_scripts_only(midterm_msgs)
[1.052s] Level 1:colcon.colcon_core.environment:checking '/home/gyumin/mobility_ws/install/midterm_msgs' for CMake module files
[1.052s] Level 1:colcon.colcon_core.environment:checking '/home/gyumin/mobility_ws/install/midterm_msgs' for CMake config files
[1.053s] Level 1:colcon.colcon_core.shell:create_environment_hook('midterm_msgs', 'cmake_prefix_path')
[1.054s] INFO:colcon.colcon_core.shell:Creating environment hook '/home/gyumin/mobility_ws/install/midterm_msgs/share/midterm_msgs/hook/cmake_prefix_path.ps1'
[1.054s] INFO:colcon.colcon_core.shell:Creating environment descriptor '/home/gyumin/mobility_ws/install/midterm_msgs/share/midterm_msgs/hook/cmake_prefix_path.dsv'
[1.055s] INFO:colcon.colcon_core.shell:Creating environment hook '/home/gyumin/mobility_ws/install/midterm_msgs/share/midterm_msgs/hook/cmake_prefix_path.sh'
[1.055s] Level 1:colcon.colcon_core.environment:checking '/home/gyumin/mobility_ws/install/midterm_msgs/lib'
[1.055s] Level 1:colcon.colcon_core.shell:create_environment_hook('midterm_msgs', 'ld_library_path_lib')
[1.055s] INFO:colcon.colcon_core.shell:Creating environment hook '/home/gyumin/mobility_ws/install/midterm_msgs/share/midterm_msgs/hook/ld_library_path_lib.ps1'
[1.056s] INFO:colcon.colcon_core.shell:Creating environment descriptor '/home/gyumin/mobility_ws/install/midterm_msgs/share/midterm_msgs/hook/ld_library_path_lib.dsv'
[1.056s] INFO:colcon.colcon_core.shell:Creating environment hook '/home/gyumin/mobility_ws/install/midterm_msgs/share/midterm_msgs/hook/ld_library_path_lib.sh'
[1.056s] Level 1:colcon.colcon_core.environment:checking '/home/gyumin/mobility_ws/install/midterm_msgs/bin'
[1.056s] Level 1:colcon.colcon_core.environment:checking '/home/gyumin/mobility_ws/install/midterm_msgs/lib/pkgconfig/midterm_msgs.pc'
[1.057s] Level 1:colcon.colcon_core.environment:checking '/home/gyumin/mobility_ws/install/midterm_msgs/lib/python3.8/site-packages'
[1.057s] Level 1:colcon.colcon_core.shell:create_environment_hook('midterm_msgs', 'pythonpath')
[1.057s] INFO:colcon.colcon_core.shell:Creating environment hook '/home/gyumin/mobility_ws/install/midterm_msgs/share/midterm_msgs/hook/pythonpath.ps1'
[1.057s] INFO:colcon.colcon_core.shell:Creating environment descriptor '/home/gyumin/mobility_ws/install/midterm_msgs/share/midterm_msgs/hook/pythonpath.dsv'
[1.057s] INFO:colcon.colcon_core.shell:Creating environment hook '/home/gyumin/mobility_ws/install/midterm_msgs/share/midterm_msgs/hook/pythonpath.sh'
[1.058s] Level 1:colcon.colcon_core.environment:checking '/home/gyumin/mobility_ws/install/midterm_msgs/bin'
[1.058s] INFO:colcon.colcon_core.shell:Creating package script '/home/gyumin/mobility_ws/install/midterm_msgs/share/midterm_msgs/package.ps1'
[1.059s] INFO:colcon.colcon_core.shell:Creating package descriptor '/home/gyumin/mobility_ws/install/midterm_msgs/share/midterm_msgs/package.dsv'
[1.059s] INFO:colcon.colcon_core.shell:Creating package script '/home/gyumin/mobility_ws/install/midterm_msgs/share/midterm_msgs/package.sh'
[1.060s] INFO:colcon.colcon_core.shell:Creating package script '/home/gyumin/mobility_ws/install/midterm_msgs/share/midterm_msgs/package.bash'
[1.060s] INFO:colcon.colcon_core.shell:Creating package script '/home/gyumin/mobility_ws/install/midterm_msgs/share/midterm_msgs/package.zsh'
[1.060s] Level 1:colcon.colcon_core.environment:create_file_with_runtime_dependencies(/home/gyumin/mobility_ws/install/midterm_msgs/share/colcon-core/packages/midterm_msgs)
[1.061s] INFO:colcon.colcon_ros.task.ament_python.build:Building ROS package in '/home/gyumin/mobility_ws/src/auto_drive' with build type 'ament_python'
[1.061s] Level 1:colcon.colcon_core.shell:create_environment_hook('auto_drive', 'ament_prefix_path')
[1.061s] INFO:colcon.colcon_core.shell:Creating environment hook '/home/gyumin/mobility_ws/install/auto_drive/share/auto_drive/hook/ament_prefix_path.ps1'
[1.062s] INFO:colcon.colcon_core.shell:Creating environment descriptor '/home/gyumin/mobility_ws/install/auto_drive/share/auto_drive/hook/ament_prefix_path.dsv'
[1.062s] INFO:colcon.colcon_core.shell:Creating environment hook '/home/gyumin/mobility_ws/install/auto_drive/share/auto_drive/hook/ament_prefix_path.sh'
[1.063s] INFO:colcon.colcon_core.shell:Skip shell extension 'powershell' for command environment: Not usable outside of PowerShell
[1.063s] DEBUG:colcon.colcon_core.shell:Skip shell extension 'dsv' for command environment
[1.067s] INFO:colcon.colcon_ros.task.ament_python.build:Building ROS package in '/home/gyumin/mobility_ws/src/midterm_env' with build type 'ament_python'
[1.067s] Level 1:colcon.colcon_core.shell:create_environment_hook('midterm_env', 'ament_prefix_path')
[1.068s] INFO:colcon.colcon_core.shell:Creating environment hook '/home/gyumin/mobility_ws/install/midterm_env/share/midterm_env/hook/ament_prefix_path.ps1'
[1.068s] INFO:colcon.colcon_core.shell:Creating environment descriptor '/home/gyumin/mobility_ws/install/midterm_env/share/midterm_env/hook/ament_prefix_path.dsv'
[1.069s] INFO:colcon.colcon_core.shell:Creating environment hook '/home/gyumin/mobility_ws/install/midterm_env/share/midterm_env/hook/ament_prefix_path.sh'
[1.069s] INFO:colcon.colcon_core.shell:Skip shell extension 'powershell' for command environment: Not usable outside of PowerShell
[1.069s] DEBUG:colcon.colcon_core.shell:Skip shell extension 'dsv' for command environment
[1.308s] INFO:colcon.colcon_core.task.python.build:Building Python package in '/home/gyumin/mobility_ws/src/auto_drive'
[1.308s] INFO:colcon.colcon_core.shell:Skip shell extension 'powershell' for command environment: Not usable outside of PowerShell
[1.308s] DEBUG:colcon.colcon_core.shell:Skip shell extension 'dsv' for command environment
[1.501s] INFO:colcon.colcon_core.task.python.build:Building Python package in '/home/gyumin/mobility_ws/src/midterm_env'
[1.502s] INFO:colcon.colcon_core.shell:Skip shell extension 'powershell' for command environment: Not usable outside of PowerShell
[1.502s] DEBUG:colcon.colcon_core.shell:Skip shell extension 'dsv' for command environment
[1.790s] DEBUG:colcon.colcon_core.event_handler.log_command:Invoking command in '/home/gyumin/mobility_ws/build/auto_drive': LD_LIBRARY_PATH=/home/gyumin/mobility_ws/install/midterm_msgs/lib:/opt/ros/foxy/opt/yaml_cpp_vendor/lib:/opt/ros/foxy/opt/rviz_ogre_vendor/lib:/opt/ros/foxy/lib/x86_64-linux-gnu:/opt/ros/foxy/lib PYTHONPATH=/home/gyumin/mobility_ws/build/auto_drive/prefix_override:/usr/lib/python3/dist-packages/colcon_core/task/python/colcon_distutils_commands:/home/gyumin/mobility_ws/install/auto_drive/lib/python3.8/site-packages:/home/gyumin/mobility_ws/install/midterm_msgs/lib/python3.8/site-packages:/home/gyumin/mobility_ws/build/midterm_env:/home/gyumin/mobility_ws/install/midterm_env/lib/python3.8/site-packages:/home/gyumin/mobility_ws/build/auto_drive:/home/gyumin/mobility_ws/install/auto_drive/lib/python3.8/site-packages:/opt/ros/foxy/lib/python3.8/site-packages /usr/bin/python3 -W ignore:setup.py install is deprecated setup.py develop --editable --build-directory /home/gyumin/mobility_ws/build/auto_drive/build --no-deps symlink_data
[1.793s] DEBUG:colcon.colcon_core.event_handler.log_command:Invoking command in '/home/gyumin/mobility_ws/build/midterm_env': LD_LIBRARY_PATH=/home/gyumin/mobility_ws/install/midterm_msgs/lib:/opt/ros/foxy/opt/yaml_cpp_vendor/lib:/opt/ros/foxy/opt/rviz_ogre_vendor/lib:/opt/ros/foxy/lib/x86_64-linux-gnu:/opt/ros/foxy/lib PYTHONPATH=/home/gyumin/mobility_ws/build/midterm_env/prefix_override:/usr/lib/python3/dist-packages/colcon_core/task/python/colcon_distutils_commands:/home/gyumin/mobility_ws/install/midterm_env/lib/python3.8/site-packages:/home/gyumin/mobility_ws/install/midterm_msgs/lib/python3.8/site-packages:/home/gyumin/mobility_ws/build/midterm_env:/home/gyumin/mobility_ws/install/midterm_env/lib/python3.8/site-packages:/home/gyumin/mobility_ws/build/auto_drive:/home/gyumin/mobility_ws/install/auto_drive/lib/python3.8/site-packages:/opt/ros/foxy/lib/python3.8/site-packages /usr/bin/python3 -W ignore:setup.py install is deprecated setup.py develop --editable --build-directory /home/gyumin/mobility_ws/build/midterm_env/build --no-deps symlink_data
[2.120s] Level 1:colcon.colcon_core.shell:create_environment_hook('auto_drive', 'pythonpath_develop')
[2.121s] INFO:colcon.colcon_core.shell:Creating environment hook '/home/gyumin/mobility_ws/build/auto_drive/share/auto_drive/hook/pythonpath_develop.ps1'
[2.121s] DEBUG:colcon.colcon_core.event_handler.log_command:Invoked command in '/home/gyumin/mobility_ws/build/auto_drive' returned '0': LD_LIBRARY_PATH=/home/gyumin/mobility_ws/install/midterm_msgs/lib:/opt/ros/foxy/opt/yaml_cpp_vendor/lib:/opt/ros/foxy/opt/rviz_ogre_vendor/lib:/opt/ros/foxy/lib/x86_64-linux-gnu:/opt/ros/foxy/lib PYTHONPATH=/home/gyumin/mobility_ws/build/auto_drive/prefix_override:/usr/lib/python3/dist-packages/colcon_core/task/python/colcon_distutils_commands:/home/gyumin/mobility_ws/install/auto_drive/lib/python3.8/site-packages:/home/gyumin/mobility_ws/install/midterm_msgs/lib/python3.8/site-packages:/home/gyumin/mobility_ws/build/midterm_env:/home/gyumin/mobility_ws/install/midterm_env/lib/python3.8/site-packages:/home/gyumin/mobility_ws/build/auto_drive:/home/gyumin/mobility_ws/install/auto_drive/lib/python3.8/site-packages:/opt/ros/foxy/lib/python3.8/site-packages /usr/bin/python3 -W ignore:setup.py install is deprecated setup.py develop --editable --build-directory /home/gyumin/mobility_ws/build/auto_drive/build --no-deps symlink_data
[2.122s] INFO:colcon.colcon_core.shell:Creating environment descriptor '/home/gyumin/mobility_ws/build/auto_drive/share/auto_drive/hook/pythonpath_develop.dsv'
[2.122s] INFO:colcon.colcon_core.shell:Creating environment hook '/home/gyumin/mobility_ws/build/auto_drive/share/auto_drive/hook/pythonpath_develop.sh'
[2.122s] Level 1:colcon.colcon_core.environment:checking '/home/gyumin/mobility_ws/install/auto_drive' for CMake module files
[2.122s] Level 1:colcon.colcon_core.environment:checking '/home/gyumin/mobility_ws/install/auto_drive' for CMake config files
[2.123s] Level 1:colcon.colcon_core.environment:checking '/home/gyumin/mobility_ws/install/auto_drive/lib'
[2.123s] Level 1:colcon.colcon_core.environment:checking '/home/gyumin/mobility_ws/install/auto_drive/bin'
[2.123s] Level 1:colcon.colcon_core.environment:checking '/home/gyumin/mobility_ws/install/auto_drive/lib/pkgconfig/auto_drive.pc'
[2.123s] Level 1:colcon.colcon_core.environment:checking '/home/gyumin/mobility_ws/install/auto_drive/lib/python3.8/site-packages'
[2.123s] Level 1:colcon.colcon_core.shell:create_environment_hook('auto_drive', 'pythonpath')
[2.123s] INFO:colcon.colcon_core.shell:Creating environment hook '/home/gyumin/mobility_ws/install/auto_drive/share/auto_drive/hook/pythonpath.ps1'
[2.124s] INFO:colcon.colcon_core.shell:Creating environment descriptor '/home/gyumin/mobility_ws/install/auto_drive/share/auto_drive/hook/pythonpath.dsv'
[2.124s] INFO:colcon.colcon_core.shell:Creating environment hook '/home/gyumin/mobility_ws/install/auto_drive/share/auto_drive/hook/pythonpath.sh'
[2.124s] Level 1:colcon.colcon_core.environment:checking '/home/gyumin/mobility_ws/install/auto_drive/bin'
[2.124s] Level 1:colcon.colcon_core.environment:create_environment_scripts_only(auto_drive)
[2.125s] INFO:colcon.colcon_core.shell:Creating package script '/home/gyumin/mobility_ws/install/auto_drive/share/auto_drive/package.ps1'
[2.125s] INFO:colcon.colcon_core.shell:Creating package descriptor '/home/gyumin/mobility_ws/install/auto_drive/share/auto_drive/package.dsv'
[2.126s] INFO:colcon.colcon_core.shell:Creating package script '/home/gyumin/mobility_ws/install/auto_drive/share/auto_drive/package.sh'
[2.126s] INFO:colcon.colcon_core.shell:Creating package script '/home/gyumin/mobility_ws/install/auto_drive/share/auto_drive/package.bash'
[2.126s] INFO:colcon.colcon_core.shell:Creating package script '/home/gyumin/mobility_ws/install/auto_drive/share/auto_drive/package.zsh'
[2.126s] Level 1:colcon.colcon_core.environment:create_file_with_runtime_dependencies(/home/gyumin/mobility_ws/install/auto_drive/share/colcon-core/packages/auto_drive)
[2.140s] Level 1:colcon.colcon_core.shell:create_environment_hook('midterm_env', 'pythonpath_develop')
[2.140s] INFO:colcon.colcon_core.shell:Creating environment hook '/home/gyumin/mobility_ws/build/midterm_env/share/midterm_env/hook/pythonpath_develop.ps1'
[2.141s] DEBUG:colcon.colcon_core.event_handler.log_command:Invoked command in '/home/gyumin/mobility_ws/build/midterm_env' returned '0': LD_LIBRARY_PATH=/home/gyumin/mobility_ws/install/midterm_msgs/lib:/opt/ros/foxy/opt/yaml_cpp_vendor/lib:/opt/ros/foxy/opt/rviz_ogre_vendor/lib:/opt/ros/foxy/lib/x86_64-linux-gnu:/opt/ros/foxy/lib PYTHONPATH=/home/gyumin/mobility_ws/build/midterm_env/prefix_override:/usr/lib/python3/dist-packages/colcon_core/task/python/colcon_distutils_commands:/home/gyumin/mobility_ws/install/midterm_env/lib/python3.8/site-packages:/home/gyumin/mobility_ws/install/midterm_msgs/lib/python3.8/site-packages:/home/gyumin/mobility_ws/build/midterm_env:/home/gyumin/mobility_ws/install/midterm_env/lib/python3.8/site-packages:/home/gyumin/mobility_ws/build/auto_drive:/home/gyumin/mobility_ws/install/auto_drive/lib/python3.8/site-packages:/opt/ros/foxy/lib/python3.8/site-packages /usr/bin/python3 -W ignore:setup.py install is deprecated setup.py develop --editable --build-directory /home/gyumin/mobility_ws/build/midterm_env/build --no-deps symlink_data
[2.141s] INFO:colcon.colcon_core.shell:Creating environment descriptor '/home/gyumin/mobility_ws/build/midterm_env/share/midterm_env/hook/pythonpath_develop.dsv'
[2.141s] INFO:colcon.colcon_core.shell:Creating environment hook '/home/gyumin/mobility_ws/build/midterm_env/share/midterm_env/hook/pythonpath_develop.sh'
[2.142s] Level 1:colcon.colcon_core.environment:checking '/home/gyumin/mobility_ws/install/midterm_env' for CMake module files
[2.142s] Level 1:colcon.colcon_core.environment:checking '/home/gyumin/mobility_ws/install/midterm_env' for CMake config files
[2.142s] Level 1:colcon.colcon_core.environment:checking '/home/gyumin/mobility_ws/install/midterm_env/lib'
[2.142s] Level 1:colcon.colcon_core.environment:checking '/home/gyumin/mobility_ws/install/midterm_env/bin'
[2.142s] Level 1:colcon.colcon_core.environment:checking '/home/gyumin/mobility_ws/install/midterm_env/lib/pkgconfig/midterm_env.pc'
[2.142s] Level 1:colcon.colcon_core.environment:checking '/home/gyumin/mobility_ws/install/midterm_env/lib/python3.8/site-packages'
[2.142s] Level 1:colcon.colcon_core.shell:create_environment_hook('midterm_env', 'pythonpath')
[2.142s] INFO:colcon.colcon_core.shell:Creating environment hook '/home/gyumin/mobility_ws/install/midterm_env/share/midterm_env/hook/pythonpath.ps1'
[2.143s] INFO:colcon.colcon_core.shell:Creating environment descriptor '/home/gyumin/mobility_ws/install/midterm_env/share/midterm_env/hook/pythonpath.dsv'
[2.143s] INFO:colcon.colcon_core.shell:Creating environment hook '/home/gyumin/mobility_ws/install/midterm_env/share/midterm_env/hook/pythonpath.sh'
[2.143s] Level 1:colcon.colcon_core.environment:checking '/home/gyumin/mobility_ws/install/midterm_env/bin'
[2.143s] Level 1:colcon.colcon_core.environment:create_environment_scripts_only(midterm_env)
[2.143s] INFO:colcon.colcon_core.shell:Creating package script '/home/gyumin/mobility_ws/install/midterm_env/share/midterm_env/package.ps1'
[2.144s] INFO:colcon.colcon_core.shell:Creating package descriptor '/home/gyumin/mobility_ws/install/midterm_env/share/midterm_env/package.dsv'
[2.144s] INFO:colcon.colcon_core.shell:Creating package script '/home/gyumin/mobility_ws/install/midterm_env/share/midterm_env/package.sh'
[2.144s] INFO:colcon.colcon_core.shell:Creating package script '/home/gyumin/mobility_ws/install/midterm_env/share/midterm_env/package.bash'
[2.144s] INFO:colcon.colcon_core.shell:Creating package script '/home/gyumin/mobility_ws/install/midterm_env/share/midterm_env/package.zsh'
[2.144s] Level 1:colcon.colcon_core.environment:create_file_with_runtime_dependencies(/home/gyumin/mobility_ws/install/midterm_env/share/colcon-core/packages/midterm_env)
[2.145s] DEBUG:colcon.colcon_parallel_executor.executor.parallel:closing loop
[2.145s] DEBUG:colcon.colcon_parallel_executor.executor.parallel:loop closed
[2.145s] DEBUG:colcon.colcon_parallel_executor.executor.parallel:run_until_complete finished with '0'
[2.145s] DEBUG:colcon.colcon_core.event_reactor:joining thread
[2.149s] INFO:colcon.colcon_core.plugin_system:Skipping extension 'colcon_notification.desktop_notification.terminal_notifier': Not used on non-Darwin systems
[2.150s] INFO:colcon.colcon_core.plugin_system:Skipping extension 'colcon_notification.desktop_notification.win32': Not used on non-Windows systems
[2.150s] INFO:colcon.colcon_notification.desktop_notification:Sending desktop notification using 'notify2'
[2.170s] DEBUG:colcon.colcon_core.event_reactor:joined thread
[2.170s] INFO:colcon.colcon_core.shell:Creating prefix script '/home/gyumin/mobility_ws/install/local_setup.ps1'
[2.171s] INFO:colcon.colcon_core.shell:Creating prefix util module '/home/gyumin/mobility_ws/install/_local_setup_util_ps1.py'
[2.172s] INFO:colcon.colcon_core.shell:Creating prefix chain script '/home/gyumin/mobility_ws/install/setup.ps1'
[2.172s] INFO:colcon.colcon_core.shell:Creating prefix script '/home/gyumin/mobility_ws/install/local_setup.sh'
[2.173s] INFO:colcon.colcon_core.shell:Creating prefix util module '/home/gyumin/mobility_ws/install/_local_setup_util_sh.py'
[2.173s] INFO:colcon.colcon_core.shell:Creating prefix chain script '/home/gyumin/mobility_ws/install/setup.sh'
[2.174s] INFO:colcon.colcon_core.shell:Creating prefix script '/home/gyumin/mobility_ws/install/local_setup.bash'
[2.174s] INFO:colcon.colcon_core.shell:Creating prefix chain script '/home/gyumin/mobility_ws/install/setup.bash'
[2.175s] INFO:colcon.colcon_core.shell:Creating prefix script '/home/gyumin/mobility_ws/install/local_setup.zsh'
[2.175s] INFO:colcon.colcon_core.shell:Creating prefix chain script '/home/gyumin/mobility_ws/install/setup.zsh'
